[0.018s] Invoking command in '/home/guilhermecabaco/Desktop/ros2_ws/ros2_tutorial4/colcon_ws3/build/learning_tf2': CMAKE_PREFIX_PATH=${CMAKE_PREFIX_PATH}:/home/guilhermecabaco/Desktop/ros2_ws/tutoriais_ros2/install/temperature_monitor:/opt/ros/jazzy DEBUGINFOD_URLS=https://debuginfod.ubuntu.com /usr/bin/cmake --build /home/guilhermecabaco/Desktop/ros2_ws/ros2_tutorial4/colcon_ws3/build/learning_tf2 -- -j12 -l12
[0.086s] [ 75%] Built target turtle_tf2_broadcaster
[0.086s] [100%] Built target turtle_tf2_listener_simple
[0.116s] Invoked command in '/home/guilhermecabaco/Desktop/ros2_ws/ros2_tutorial4/colcon_ws3/build/learning_tf2' returned '0': CMAKE_PREFIX_PATH=${CMAKE_PREFIX_PATH}:/home/guilhermecabaco/Desktop/ros2_ws/tutoriais_ros2/install/temperature_monitor:/opt/ros/jazzy DEBUGINFOD_URLS=https://debuginfod.ubuntu.com /usr/bin/cmake --build /home/guilhermecabaco/Desktop/ros2_ws/ros2_tutorial4/colcon_ws3/build/learning_tf2 -- -j12 -l12
[0.117s] Invoking command in '/home/guilhermecabaco/Desktop/ros2_ws/ros2_tutorial4/colcon_ws3/build/learning_tf2': CMAKE_PREFIX_PATH=${CMAKE_PREFIX_PATH}:/home/guilhermecabaco/Desktop/ros2_ws/tutoriais_ros2/install/temperature_monitor:/opt/ros/jazzy DEBUGINFOD_URLS=https://debuginfod.ubuntu.com /usr/bin/cmake --install /home/guilhermecabaco/Desktop/ros2_ws/ros2_tutorial4/colcon_ws3/build/learning_tf2
[0.129s] -- Install configuration: ""
[0.129s] -- Up-to-date: /home/guilhermecabaco/Desktop/ros2_ws/ros2_tutorial4/colcon_ws3/install/learning_tf2/lib/learning_tf2/turtle_tf2_broadcaster
[0.130s] -- Up-to-date: /home/guilhermecabaco/Desktop/ros2_ws/ros2_tutorial4/colcon_ws3/install/learning_tf2/lib/learning_tf2/turtle_tf2_listener_simple
[0.131s] -- Up-to-date: /home/guilhermecabaco/Desktop/ros2_ws/ros2_tutorial4/colcon_ws3/install/learning_tf2/share/learning_tf2/launch
[0.131s] -- Up-to-date: /home/guilhermecabaco/Desktop/ros2_ws/ros2_tutorial4/colcon_ws3/install/learning_tf2/share/learning_tf2/launch/tf2_broadcaster.launch.py
[0.131s] -- Up-to-date: /home/guilhermecabaco/Desktop/ros2_ws/ros2_tutorial4/colcon_ws3/install/learning_tf2/share/learning_tf2/launch/turtle_tf2_demo2.launch.py
[0.132s] -- Up-to-date: /home/guilhermecabaco/Desktop/ros2_ws/ros2_tutorial4/colcon_ws3/install/learning_tf2/share/learning_tf2/rviz
[0.132s] -- Up-to-date: /home/guilhermecabaco/Desktop/ros2_ws/ros2_tutorial4/colcon_ws3/install/learning_tf2/share/learning_tf2/rviz/turtlesim_vis.rviz
[0.132s] -- Up-to-date: /home/guilhermecabaco/Desktop/ros2_ws/ros2_tutorial4/colcon_ws3/install/learning_tf2/share/ament_index/resource_index/package_run_dependencies/learning_tf2
[0.132s] -- Up-to-date: /home/guilhermecabaco/Desktop/ros2_ws/ros2_tutorial4/colcon_ws3/install/learning_tf2/share/ament_index/resource_index/parent_prefix_path/learning_tf2
[0.132s] -- Up-to-date: /home/guilhermecabaco/Desktop/ros2_ws/ros2_tutorial4/colcon_ws3/install/learning_tf2/share/learning_tf2/environment/ament_prefix_path.sh
[0.133s] -- Up-to-date: /home/guilhermecabaco/Desktop/ros2_ws/ros2_tutorial4/colcon_ws3/install/learning_tf2/share/learning_tf2/environment/ament_prefix_path.dsv
[0.133s] -- Up-to-date: /home/guilhermecabaco/Desktop/ros2_ws/ros2_tutorial4/colcon_ws3/install/learning_tf2/share/learning_tf2/environment/path.sh
[0.133s] -- Up-to-date: /home/guilhermecabaco/Desktop/ros2_ws/ros2_tutorial4/colcon_ws3/install/learning_tf2/share/learning_tf2/environment/path.dsv
[0.133s] -- Up-to-date: /home/guilhermecabaco/Desktop/ros2_ws/ros2_tutorial4/colcon_ws3/install/learning_tf2/share/learning_tf2/local_setup.bash
[0.133s] -- Up-to-date: /home/guilhermecabaco/Desktop/ros2_ws/ros2_tutorial4/colcon_ws3/install/learning_tf2/share/learning_tf2/local_setup.sh
[0.133s] -- Up-to-date: /home/guilhermecabaco/Desktop/ros2_ws/ros2_tutorial4/colcon_ws3/install/learning_tf2/share/learning_tf2/local_setup.zsh
[0.144s] -- Up-to-date: /home/guilhermecabaco/Desktop/ros2_ws/ros2_tutorial4/colcon_ws3/install/learning_tf2/share/learning_tf2/local_setup.dsv
[0.145s] -- Installing: /home/guilhermecabaco/Desktop/ros2_ws/ros2_tutorial4/colcon_ws3/install/learning_tf2/share/learning_tf2/package.dsv
[0.145s] -- Up-to-date: /home/guilhermecabaco/Desktop/ros2_ws/ros2_tutorial4/colcon_ws3/install/learning_tf2/share/ament_index/resource_index/packages/learning_tf2
[0.145s] -- Up-to-date: /home/guilhermecabaco/Desktop/ros2_ws/ros2_tutorial4/colcon_ws3/install/learning_tf2/share/learning_tf2/cmake/ament_cmake_export_dependencies-extras.cmake
[0.146s] -- Up-to-date: /home/guilhermecabaco/Desktop/ros2_ws/ros2_tutorial4/colcon_ws3/install/learning_tf2/share/learning_tf2/cmake/learning_tf2Config.cmake
[0.146s] -- Up-to-date: /home/guilhermecabaco/Desktop/ros2_ws/ros2_tutorial4/colcon_ws3/install/learning_tf2/share/learning_tf2/cmake/learning_tf2Config-version.cmake
[0.146s] -- Up-to-date: /home/guilhermecabaco/Desktop/ros2_ws/ros2_tutorial4/colcon_ws3/install/learning_tf2/share/learning_tf2/package.xml
[0.146s] Invoked command in '/home/guilhermecabaco/Desktop/ros2_ws/ros2_tutorial4/colcon_ws3/build/learning_tf2' returned '0': CMAKE_PREFIX_PATH=${CMAKE_PREFIX_PATH}:/home/guilhermecabaco/Desktop/ros2_ws/tutoriais_ros2/install/temperature_monitor:/opt/ros/jazzy DEBUGINFOD_URLS=https://debuginfod.ubuntu.com /usr/bin/cmake --install /home/guilhermecabaco/Desktop/ros2_ws/ros2_tutorial4/colcon_ws3/build/learning_tf2
