[0.081s] DEBUG:colcon:Command line arguments: ['/usr/bin/colcon', 'build']
[0.081s] DEBUG:colcon:Parsed command line arguments: Namespace(log_base=None, log_level=None, verb_name='build', build_base='build', install_base='install', merge_install=False, symlink_install=False, test_result_base=None, continue_on_error=False, executor='parallel', parallel_workers=12, event_handlers=None, ignore_user_meta=False, metas=['./colcon.meta'], base_paths=['.'], packages_ignore=None, packages_ignore_regex=None, paths=None, packages_up_to=None, packages_up_to_regex=None, packages_above=None, packages_above_and_dependencies=None, packages_above_depth=None, packages_select_by_dep=None, packages_skip_by_dep=None, packages_skip_up_to=None, packages_select_build_failed=False, packages_skip_build_finished=False, packages_select_test_failures=False, packages_skip_test_passed=False, packages_select=None, packages_skip=None, packages_select_regex=None, packages_skip_regex=None, packages_start=None, packages_end=None, cmake_args=None, cmake_target=None, cmake_target_skip_unavailable=False, cmake_clean_cache=False, cmake_clean_first=False, cmake_force_configure=False, ament_cmake_args=None, catkin_cmake_args=None, catkin_skip_building_tests=False, verb_parser=<colcon_defaults.argument_parser.defaults.DefaultArgumentsDecorator object at 0x7729b2720740>, verb_extension=<colcon_core.verb.build.BuildVerb object at 0x7729b27205c0>, main=<bound method BuildVerb.main of <colcon_core.verb.build.BuildVerb object at 0x7729b27205c0>>)
[0.114s] Level 1:colcon.colcon_core.package_discovery:discover_packages(colcon_meta) check parameters
[0.114s] Level 1:colcon.colcon_core.package_discovery:discover_packages(recursive) check parameters
[0.115s] Level 1:colcon.colcon_core.package_discovery:discover_packages(ignore) check parameters
[0.115s] Level 1:colcon.colcon_core.package_discovery:discover_packages(path) check parameters
[0.115s] Level 1:colcon.colcon_core.package_discovery:discover_packages(colcon_meta) discover
[0.115s] Level 1:colcon.colcon_core.package_discovery:discover_packages(recursive) discover
[0.115s] INFO:colcon.colcon_core.package_discovery:Crawling recursively for packages in '/home/guilhermecabaco/Desktop/ros2_ws/ros2_tutorial4/colcon_ws3'
[0.115s] Level 1:colcon.colcon_core.package_identification:_identify(.) by extensions ['ignore', 'ignore_ament_install']
[0.115s] Level 1:colcon.colcon_core.package_identification:_identify(.) by extension 'ignore'
[0.115s] Level 1:colcon.colcon_core.package_identification:_identify(.) by extension 'ignore_ament_install'
[0.115s] Level 1:colcon.colcon_core.package_identification:_identify(.) by extensions ['colcon_pkg']
[0.115s] Level 1:colcon.colcon_core.package_identification:_identify(.) by extension 'colcon_pkg'
[0.115s] Level 1:colcon.colcon_core.package_identification:_identify(.) by extensions ['colcon_meta']
[0.115s] Level 1:colcon.colcon_core.package_identification:_identify(.) by extension 'colcon_meta'
[0.115s] Level 1:colcon.colcon_core.package_identification:_identify(.) by extensions ['ros']
[0.115s] Level 1:colcon.colcon_core.package_identification:_identify(.) by extension 'ros'
[0.135s] Level 1:colcon.colcon_core.package_identification:_identify(.) by extensions ['cmake', 'python']
[0.135s] Level 1:colcon.colcon_core.package_identification:_identify(.) by extension 'cmake'
[0.135s] Level 1:colcon.colcon_core.package_identification:_identify(.) by extension 'python'
[0.135s] Level 1:colcon.colcon_core.package_identification:_identify(.) by extensions ['python_setup_py']
[0.135s] Level 1:colcon.colcon_core.package_identification:_identify(.) by extension 'python_setup_py'
[0.135s] Level 1:colcon.colcon_core.package_identification:_identify(build) by extensions ['ignore', 'ignore_ament_install']
[0.135s] Level 1:colcon.colcon_core.package_identification:_identify(build) by extension 'ignore'
[0.135s] Level 1:colcon.colcon_core.package_identification:_identify(build) ignored
[0.135s] Level 1:colcon.colcon_core.package_identification:_identify(install) by extensions ['ignore', 'ignore_ament_install']
[0.135s] Level 1:colcon.colcon_core.package_identification:_identify(install) by extension 'ignore'
[0.135s] Level 1:colcon.colcon_core.package_identification:_identify(install) ignored
[0.135s] Level 1:colcon.colcon_core.package_identification:_identify(log) by extensions ['ignore', 'ignore_ament_install']
[0.135s] Level 1:colcon.colcon_core.package_identification:_identify(log) by extension 'ignore'
[0.135s] Level 1:colcon.colcon_core.package_identification:_identify(log) ignored
[0.135s] Level 1:colcon.colcon_core.package_identification:_identify(src) by extensions ['ignore', 'ignore_ament_install']
[0.135s] Level 1:colcon.colcon_core.package_identification:_identify(src) by extension 'ignore'
[0.136s] Level 1:colcon.colcon_core.package_identification:_identify(src) by extension 'ignore_ament_install'
[0.136s] Level 1:colcon.colcon_core.package_identification:_identify(src) by extensions ['colcon_pkg']
[0.136s] Level 1:colcon.colcon_core.package_identification:_identify(src) by extension 'colcon_pkg'
[0.136s] Level 1:colcon.colcon_core.package_identification:_identify(src) by extensions ['colcon_meta']
[0.136s] Level 1:colcon.colcon_core.package_identification:_identify(src) by extension 'colcon_meta'
[0.136s] Level 1:colcon.colcon_core.package_identification:_identify(src) by extensions ['ros']
[0.136s] Level 1:colcon.colcon_core.package_identification:_identify(src) by extension 'ros'
[0.136s] Level 1:colcon.colcon_core.package_identification:_identify(src) by extensions ['cmake', 'python']
[0.136s] Level 1:colcon.colcon_core.package_identification:_identify(src) by extension 'cmake'
[0.136s] Level 1:colcon.colcon_core.package_identification:_identify(src) by extension 'python'
[0.136s] Level 1:colcon.colcon_core.package_identification:_identify(src) by extensions ['python_setup_py']
[0.136s] Level 1:colcon.colcon_core.package_identification:_identify(src) by extension 'python_setup_py'
[0.136s] Level 1:colcon.colcon_core.package_identification:_identify(src/build) by extensions ['ignore', 'ignore_ament_install']
[0.136s] Level 1:colcon.colcon_core.package_identification:_identify(src/build) by extension 'ignore'
[0.136s] Level 1:colcon.colcon_core.package_identification:_identify(src/build) ignored
[0.136s] Level 1:colcon.colcon_core.package_identification:_identify(src/custom_interfaces) by extensions ['ignore', 'ignore_ament_install']
[0.136s] Level 1:colcon.colcon_core.package_identification:_identify(src/custom_interfaces) by extension 'ignore'
[0.136s] Level 1:colcon.colcon_core.package_identification:_identify(src/custom_interfaces) by extension 'ignore_ament_install'
[0.136s] Level 1:colcon.colcon_core.package_identification:_identify(src/custom_interfaces) by extensions ['colcon_pkg']
[0.136s] Level 1:colcon.colcon_core.package_identification:_identify(src/custom_interfaces) by extension 'colcon_pkg'
[0.136s] Level 1:colcon.colcon_core.package_identification:_identify(src/custom_interfaces) by extensions ['colcon_meta']
[0.136s] Level 1:colcon.colcon_core.package_identification:_identify(src/custom_interfaces) by extension 'colcon_meta'
[0.136s] Level 1:colcon.colcon_core.package_identification:_identify(src/custom_interfaces) by extensions ['ros']
[0.136s] Level 1:colcon.colcon_core.package_identification:_identify(src/custom_interfaces) by extension 'ros'
[0.138s] DEBUG:colcon.colcon_core.package_identification:Package 'src/custom_interfaces' with type 'ros.ament_cmake' and name 'custom_interfaces'
[0.138s] Level 1:colcon.colcon_core.package_identification:_identify(src/install) by extensions ['ignore', 'ignore_ament_install']
[0.138s] Level 1:colcon.colcon_core.package_identification:_identify(src/install) by extension 'ignore'
[0.138s] Level 1:colcon.colcon_core.package_identification:_identify(src/install) ignored
[0.138s] Level 1:colcon.colcon_core.package_identification:_identify(src/learning_tf2) by extensions ['ignore', 'ignore_ament_install']
[0.139s] Level 1:colcon.colcon_core.package_identification:_identify(src/learning_tf2) by extension 'ignore'
[0.139s] Level 1:colcon.colcon_core.package_identification:_identify(src/learning_tf2) by extension 'ignore_ament_install'
[0.139s] Level 1:colcon.colcon_core.package_identification:_identify(src/learning_tf2) by extensions ['colcon_pkg']
[0.139s] Level 1:colcon.colcon_core.package_identification:_identify(src/learning_tf2) by extension 'colcon_pkg'
[0.139s] Level 1:colcon.colcon_core.package_identification:_identify(src/learning_tf2) by extensions ['colcon_meta']
[0.139s] Level 1:colcon.colcon_core.package_identification:_identify(src/learning_tf2) by extension 'colcon_meta'
[0.139s] Level 1:colcon.colcon_core.package_identification:_identify(src/learning_tf2) by extensions ['ros']
[0.139s] Level 1:colcon.colcon_core.package_identification:_identify(src/learning_tf2) by extension 'ros'
[0.139s] DEBUG:colcon.colcon_core.package_identification:Package 'src/learning_tf2' with type 'ros.ament_cmake' and name 'learning_tf2'
[0.139s] Level 1:colcon.colcon_core.package_identification:_identify(src/log) by extensions ['ignore', 'ignore_ament_install']
[0.139s] Level 1:colcon.colcon_core.package_identification:_identify(src/log) by extension 'ignore'
[0.139s] Level 1:colcon.colcon_core.package_identification:_identify(src/log) ignored
[0.140s] Level 1:colcon.colcon_core.package_identification:_identify(src/pubsub_custom_param) by extensions ['ignore', 'ignore_ament_install']
[0.140s] Level 1:colcon.colcon_core.package_identification:_identify(src/pubsub_custom_param) by extension 'ignore'
[0.140s] Level 1:colcon.colcon_core.package_identification:_identify(src/pubsub_custom_param) by extension 'ignore_ament_install'
[0.140s] Level 1:colcon.colcon_core.package_identification:_identify(src/pubsub_custom_param) by extensions ['colcon_pkg']
[0.140s] Level 1:colcon.colcon_core.package_identification:_identify(src/pubsub_custom_param) by extension 'colcon_pkg'
[0.140s] Level 1:colcon.colcon_core.package_identification:_identify(src/pubsub_custom_param) by extensions ['colcon_meta']
[0.140s] Level 1:colcon.colcon_core.package_identification:_identify(src/pubsub_custom_param) by extension 'colcon_meta'
[0.140s] Level 1:colcon.colcon_core.package_identification:_identify(src/pubsub_custom_param) by extensions ['ros']
[0.140s] Level 1:colcon.colcon_core.package_identification:_identify(src/pubsub_custom_param) by extension 'ros'
[0.140s] DEBUG:colcon.colcon_core.package_identification:Package 'src/pubsub_custom_param' with type 'ros.ament_cmake' and name 'pubsub_custom_param'
[0.140s] Level 1:colcon.colcon_core.package_identification:_identify(src/rviz2_marker_demo) by extensions ['ignore', 'ignore_ament_install']
[0.140s] Level 1:colcon.colcon_core.package_identification:_identify(src/rviz2_marker_demo) by extension 'ignore'
[0.140s] Level 1:colcon.colcon_core.package_identification:_identify(src/rviz2_marker_demo) by extension 'ignore_ament_install'
[0.140s] Level 1:colcon.colcon_core.package_identification:_identify(src/rviz2_marker_demo) by extensions ['colcon_pkg']
[0.140s] Level 1:colcon.colcon_core.package_identification:_identify(src/rviz2_marker_demo) by extension 'colcon_pkg'
[0.141s] Level 1:colcon.colcon_core.package_identification:_identify(src/rviz2_marker_demo) by extensions ['colcon_meta']
[0.141s] Level 1:colcon.colcon_core.package_identification:_identify(src/rviz2_marker_demo) by extension 'colcon_meta'
[0.141s] Level 1:colcon.colcon_core.package_identification:_identify(src/rviz2_marker_demo) by extensions ['ros']
[0.141s] Level 1:colcon.colcon_core.package_identification:_identify(src/rviz2_marker_demo) by extension 'ros'
[0.142s] DEBUG:colcon.colcon_core.package_identification:Package 'src/rviz2_marker_demo' with type 'ros.ament_cmake' and name 'rviz2_marker_demo'
[0.142s] Level 1:colcon.colcon_core.package_identification:_identify(src/urdf_tutorial) by extensions ['ignore', 'ignore_ament_install']
[0.142s] Level 1:colcon.colcon_core.package_identification:_identify(src/urdf_tutorial) by extension 'ignore'
[0.142s] Level 1:colcon.colcon_core.package_identification:_identify(src/urdf_tutorial) by extension 'ignore_ament_install'
[0.142s] Level 1:colcon.colcon_core.package_identification:_identify(src/urdf_tutorial) by extensions ['colcon_pkg']
[0.142s] Level 1:colcon.colcon_core.package_identification:_identify(src/urdf_tutorial) by extension 'colcon_pkg'
[0.142s] Level 1:colcon.colcon_core.package_identification:_identify(src/urdf_tutorial) by extensions ['colcon_meta']
[0.142s] Level 1:colcon.colcon_core.package_identification:_identify(src/urdf_tutorial) by extension 'colcon_meta'
[0.142s] Level 1:colcon.colcon_core.package_identification:_identify(src/urdf_tutorial) by extensions ['ros']
[0.142s] Level 1:colcon.colcon_core.package_identification:_identify(src/urdf_tutorial) by extension 'ros'
[0.142s] DEBUG:colcon.colcon_core.package_identification:Package 'src/urdf_tutorial' with type 'ros.ament_cmake' and name 'urdf_tutorial'
[0.142s] Level 1:colcon.colcon_core.package_discovery:discover_packages(recursive) using defaults
[0.142s] Level 1:colcon.colcon_core.package_discovery:discover_packages(ignore) discover
[0.142s] Level 1:colcon.colcon_core.package_discovery:discover_packages(ignore) using defaults
[0.143s] Level 1:colcon.colcon_core.package_discovery:discover_packages(path) discover
[0.143s] Level 1:colcon.colcon_core.package_discovery:discover_packages(path) using defaults
[0.157s] Level 5:colcon.colcon_core.verb:set package 'custom_interfaces' build argument 'cmake_args' from command line to 'None'
[0.157s] Level 5:colcon.colcon_core.verb:set package 'custom_interfaces' build argument 'cmake_target' from command line to 'None'
[0.157s] Level 5:colcon.colcon_core.verb:set package 'custom_interfaces' build argument 'cmake_target_skip_unavailable' from command line to 'False'
[0.157s] Level 5:colcon.colcon_core.verb:set package 'custom_interfaces' build argument 'cmake_clean_cache' from command line to 'False'
[0.157s] Level 5:colcon.colcon_core.verb:set package 'custom_interfaces' build argument 'cmake_clean_first' from command line to 'False'
[0.157s] Level 5:colcon.colcon_core.verb:set package 'custom_interfaces' build argument 'cmake_force_configure' from command line to 'False'
[0.157s] Level 5:colcon.colcon_core.verb:set package 'custom_interfaces' build argument 'ament_cmake_args' from command line to 'None'
[0.157s] Level 5:colcon.colcon_core.verb:set package 'custom_interfaces' build argument 'catkin_cmake_args' from command line to 'None'
[0.157s] Level 5:colcon.colcon_core.verb:set package 'custom_interfaces' build argument 'catkin_skip_building_tests' from command line to 'False'
[0.157s] DEBUG:colcon.colcon_core.verb:Building package 'custom_interfaces' with the following arguments: {'ament_cmake_args': None, 'build_base': '/home/guilhermecabaco/Desktop/ros2_ws/ros2_tutorial4/colcon_ws3/build/custom_interfaces', 'catkin_cmake_args': None, 'catkin_skip_building_tests': False, 'cmake_args': None, 'cmake_clean_cache': False, 'cmake_clean_first': False, 'cmake_force_configure': False, 'cmake_target': None, 'cmake_target_skip_unavailable': False, 'install_base': '/home/guilhermecabaco/Desktop/ros2_ws/ros2_tutorial4/colcon_ws3/install/custom_interfaces', 'merge_install': False, 'path': '/home/guilhermecabaco/Desktop/ros2_ws/ros2_tutorial4/colcon_ws3/src/custom_interfaces', 'symlink_install': False, 'test_result_base': None}
[0.157s] Level 5:colcon.colcon_core.verb:set package 'learning_tf2' build argument 'cmake_args' from command line to 'None'
[0.157s] Level 5:colcon.colcon_core.verb:set package 'learning_tf2' build argument 'cmake_target' from command line to 'None'
[0.157s] Level 5:colcon.colcon_core.verb:set package 'learning_tf2' build argument 'cmake_target_skip_unavailable' from command line to 'False'
[0.157s] Level 5:colcon.colcon_core.verb:set package 'learning_tf2' build argument 'cmake_clean_cache' from command line to 'False'
[0.157s] Level 5:colcon.colcon_core.verb:set package 'learning_tf2' build argument 'cmake_clean_first' from command line to 'False'
[0.157s] Level 5:colcon.colcon_core.verb:set package 'learning_tf2' build argument 'cmake_force_configure' from command line to 'False'
[0.157s] Level 5:colcon.colcon_core.verb:set package 'learning_tf2' build argument 'ament_cmake_args' from command line to 'None'
[0.157s] Level 5:colcon.colcon_core.verb:set package 'learning_tf2' build argument 'catkin_cmake_args' from command line to 'None'
[0.157s] Level 5:colcon.colcon_core.verb:set package 'learning_tf2' build argument 'catkin_skip_building_tests' from command line to 'False'
[0.157s] DEBUG:colcon.colcon_core.verb:Building package 'learning_tf2' with the following arguments: {'ament_cmake_args': None, 'build_base': '/home/guilhermecabaco/Desktop/ros2_ws/ros2_tutorial4/colcon_ws3/build/learning_tf2', 'catkin_cmake_args': None, 'catkin_skip_building_tests': False, 'cmake_args': None, 'cmake_clean_cache': False, 'cmake_clean_first': False, 'cmake_force_configure': False, 'cmake_target': None, 'cmake_target_skip_unavailable': False, 'install_base': '/home/guilhermecabaco/Desktop/ros2_ws/ros2_tutorial4/colcon_ws3/install/learning_tf2', 'merge_install': False, 'path': '/home/guilhermecabaco/Desktop/ros2_ws/ros2_tutorial4/colcon_ws3/src/learning_tf2', 'symlink_install': False, 'test_result_base': None}
[0.158s] Level 5:colcon.colcon_core.verb:set package 'rviz2_marker_demo' build argument 'cmake_args' from command line to 'None'
[0.158s] Level 5:colcon.colcon_core.verb:set package 'rviz2_marker_demo' build argument 'cmake_target' from command line to 'None'
[0.158s] Level 5:colcon.colcon_core.verb:set package 'rviz2_marker_demo' build argument 'cmake_target_skip_unavailable' from command line to 'False'
[0.158s] Level 5:colcon.colcon_core.verb:set package 'rviz2_marker_demo' build argument 'cmake_clean_cache' from command line to 'False'
[0.158s] Level 5:colcon.colcon_core.verb:set package 'rviz2_marker_demo' build argument 'cmake_clean_first' from command line to 'False'
[0.158s] Level 5:colcon.colcon_core.verb:set package 'rviz2_marker_demo' build argument 'cmake_force_configure' from command line to 'False'
[0.158s] Level 5:colcon.colcon_core.verb:set package 'rviz2_marker_demo' build argument 'ament_cmake_args' from command line to 'None'
[0.158s] Level 5:colcon.colcon_core.verb:set package 'rviz2_marker_demo' build argument 'catkin_cmake_args' from command line to 'None'
[0.158s] Level 5:colcon.colcon_core.verb:set package 'rviz2_marker_demo' build argument 'catkin_skip_building_tests' from command line to 'False'
[0.158s] DEBUG:colcon.colcon_core.verb:Building package 'rviz2_marker_demo' with the following arguments: {'ament_cmake_args': None, 'build_base': '/home/guilhermecabaco/Desktop/ros2_ws/ros2_tutorial4/colcon_ws3/build/rviz2_marker_demo', 'catkin_cmake_args': None, 'catkin_skip_building_tests': False, 'cmake_args': None, 'cmake_clean_cache': False, 'cmake_clean_first': False, 'cmake_force_configure': False, 'cmake_target': None, 'cmake_target_skip_unavailable': False, 'install_base': '/home/guilhermecabaco/Desktop/ros2_ws/ros2_tutorial4/colcon_ws3/install/rviz2_marker_demo', 'merge_install': False, 'path': '/home/guilhermecabaco/Desktop/ros2_ws/ros2_tutorial4/colcon_ws3/src/rviz2_marker_demo', 'symlink_install': False, 'test_result_base': None}
[0.158s] Level 5:colcon.colcon_core.verb:set package 'urdf_tutorial' build argument 'cmake_args' from command line to 'None'
[0.158s] Level 5:colcon.colcon_core.verb:set package 'urdf_tutorial' build argument 'cmake_target' from command line to 'None'
[0.158s] Level 5:colcon.colcon_core.verb:set package 'urdf_tutorial' build argument 'cmake_target_skip_unavailable' from command line to 'False'
[0.158s] Level 5:colcon.colcon_core.verb:set package 'urdf_tutorial' build argument 'cmake_clean_cache' from command line to 'False'
[0.158s] Level 5:colcon.colcon_core.verb:set package 'urdf_tutorial' build argument 'cmake_clean_first' from command line to 'False'
[0.158s] Level 5:colcon.colcon_core.verb:set package 'urdf_tutorial' build argument 'cmake_force_configure' from command line to 'False'
[0.158s] Level 5:colcon.colcon_core.verb:set package 'urdf_tutorial' build argument 'ament_cmake_args' from command line to 'None'
[0.158s] Level 5:colcon.colcon_core.verb:set package 'urdf_tutorial' build argument 'catkin_cmake_args' from command line to 'None'
[0.158s] Level 5:colcon.colcon_core.verb:set package 'urdf_tutorial' build argument 'catkin_skip_building_tests' from command line to 'False'
[0.158s] DEBUG:colcon.colcon_core.verb:Building package 'urdf_tutorial' with the following arguments: {'ament_cmake_args': None, 'build_base': '/home/guilhermecabaco/Desktop/ros2_ws/ros2_tutorial4/colcon_ws3/build/urdf_tutorial', 'catkin_cmake_args': None, 'catkin_skip_building_tests': False, 'cmake_args': None, 'cmake_clean_cache': False, 'cmake_clean_first': False, 'cmake_force_configure': False, 'cmake_target': None, 'cmake_target_skip_unavailable': False, 'install_base': '/home/guilhermecabaco/Desktop/ros2_ws/ros2_tutorial4/colcon_ws3/install/urdf_tutorial', 'merge_install': False, 'path': '/home/guilhermecabaco/Desktop/ros2_ws/ros2_tutorial4/colcon_ws3/src/urdf_tutorial', 'symlink_install': False, 'test_result_base': None}
[0.159s] Level 5:colcon.colcon_core.verb:set package 'pubsub_custom_param' build argument 'cmake_args' from command line to 'None'
[0.159s] Level 5:colcon.colcon_core.verb:set package 'pubsub_custom_param' build argument 'cmake_target' from command line to 'None'
[0.159s] Level 5:colcon.colcon_core.verb:set package 'pubsub_custom_param' build argument 'cmake_target_skip_unavailable' from command line to 'False'
[0.159s] Level 5:colcon.colcon_core.verb:set package 'pubsub_custom_param' build argument 'cmake_clean_cache' from command line to 'False'
[0.159s] Level 5:colcon.colcon_core.verb:set package 'pubsub_custom_param' build argument 'cmake_clean_first' from command line to 'False'
[0.159s] Level 5:colcon.colcon_core.verb:set package 'pubsub_custom_param' build argument 'cmake_force_configure' from command line to 'False'
[0.159s] Level 5:colcon.colcon_core.verb:set package 'pubsub_custom_param' build argument 'ament_cmake_args' from command line to 'None'
[0.159s] Level 5:colcon.colcon_core.verb:set package 'pubsub_custom_param' build argument 'catkin_cmake_args' from command line to 'None'
[0.159s] Level 5:colcon.colcon_core.verb:set package 'pubsub_custom_param' build argument 'catkin_skip_building_tests' from command line to 'False'
[0.159s] DEBUG:colcon.colcon_core.verb:Building package 'pubsub_custom_param' with the following arguments: {'ament_cmake_args': None, 'build_base': '/home/guilhermecabaco/Desktop/ros2_ws/ros2_tutorial4/colcon_ws3/build/pubsub_custom_param', 'catkin_cmake_args': None, 'catkin_skip_building_tests': False, 'cmake_args': None, 'cmake_clean_cache': False, 'cmake_clean_first': False, 'cmake_force_configure': False, 'cmake_target': None, 'cmake_target_skip_unavailable': False, 'install_base': '/home/guilhermecabaco/Desktop/ros2_ws/ros2_tutorial4/colcon_ws3/install/pubsub_custom_param', 'merge_install': False, 'path': '/home/guilhermecabaco/Desktop/ros2_ws/ros2_tutorial4/colcon_ws3/src/pubsub_custom_param', 'symlink_install': False, 'test_result_base': None}
[0.159s] INFO:colcon.colcon_core.executor:Executing jobs using 'parallel' executor
[0.160s] DEBUG:colcon.colcon_parallel_executor.executor.parallel:run_until_complete
[0.160s] INFO:colcon.colcon_ros.task.ament_cmake.build:Building ROS package in '/home/guilhermecabaco/Desktop/ros2_ws/ros2_tutorial4/colcon_ws3/src/custom_interfaces' with build type 'ament_cmake'
[0.160s] INFO:colcon.colcon_cmake.task.cmake.build:Building CMake package in '/home/guilhermecabaco/Desktop/ros2_ws/ros2_tutorial4/colcon_ws3/src/custom_interfaces'
[0.162s] INFO:colcon.colcon_core.plugin_system:Skipping extension 'colcon_core.shell.bat': Not used on non-Windows systems
[0.162s] DEBUG:colcon.colcon_core.shell:Skip shell extension 'dsv' for command environment
[0.163s] WARNING:colcon.colcon_core.prefix_path.colcon:The path '/home/guilhermecabaco/Desktop/ros2_ws/ros2_tutorial4/ex3b/install' in the environment variable COLCON_PREFIX_PATH doesn't exist
[0.163s] WARNING:colcon.colcon_core.prefix_path.colcon:The path '/home/guilhermecabaco/Desktop/ros2_ws/ros2_tutorial4/install' in the environment variable COLCON_PREFIX_PATH doesn't exist
[0.163s] WARNING:colcon.colcon_core.prefix_path.colcon:The path '/home/guilhermecabaco/Desktop/ros2_ws/ros2_tutorial4/src/install' in the environment variable COLCON_PREFIX_PATH doesn't exist
[0.163s] WARNING:colcon.colcon_ros.prefix_path.ament:The path '/home/guilhermecabaco/Desktop/ros2_ws/ros2_tutorial4/ex3b/install/urdf_tutorial' in the environment variable AMENT_PREFIX_PATH doesn't exist
[0.163s] WARNING:colcon.colcon_ros.prefix_path.ament:The path '/home/guilhermecabaco/Desktop/ros2_ws/ros2_tutorial4/ex3b/install/rviz2_marker_demo' in the environment variable AMENT_PREFIX_PATH doesn't exist
[0.163s] WARNING:colcon.colcon_ros.prefix_path.ament:The path '/home/guilhermecabaco/Desktop/ros2_ws/ros2_tutorial4/ex3b/install/custom_interfaces' in the environment variable AMENT_PREFIX_PATH doesn't exist
[0.163s] WARNING:colcon.colcon_ros.prefix_path.ament:The path '/home/guilhermecabaco/Desktop/ros2_ws/ros2_tutorial4/install/rviz2_marker_demo' in the environment variable AMENT_PREFIX_PATH doesn't exist
[0.163s] WARNING:colcon.colcon_ros.prefix_path.ament:The path '/home/guilhermecabaco/Desktop/ros2_ws/ros2_tutorial4/install/pubsub_custom_param' in the environment variable AMENT_PREFIX_PATH doesn't exist
[0.163s] WARNING:colcon.colcon_ros.prefix_path.ament:The path '/home/guilhermecabaco/Desktop/ros2_ws/ros2_tutorial4/install/custom_interfaces' in the environment variable AMENT_PREFIX_PATH doesn't exist
[0.163s] WARNING:colcon.colcon_ros.prefix_path.ament:The path '/home/guilhermecabaco/Desktop/ros2_ws/ros2_tutorial4/install/urdf_tutorial' in the environment variable AMENT_PREFIX_PATH doesn't exist
[0.163s] WARNING:colcon.colcon_ros.prefix_path.ament:The path '/home/guilhermecabaco/Desktop/ros2_ws/ros2_tutorial4/src/install/urdf_tutorial' in the environment variable AMENT_PREFIX_PATH doesn't exist
[0.164s] WARNING:colcon.colcon_ros.prefix_path.catkin:The path '/home/guilhermecabaco/Desktop/ros2_ws/ros2_tutorial4/ex3b/install/urdf_tutorial' in the environment variable CMAKE_PREFIX_PATH doesn't exist
[0.164s] WARNING:colcon.colcon_ros.prefix_path.catkin:The path '/home/guilhermecabaco/Desktop/ros2_ws/ros2_tutorial4/ex3b/install/rviz2_marker_demo' in the environment variable CMAKE_PREFIX_PATH doesn't exist
[0.164s] WARNING:colcon.colcon_ros.prefix_path.catkin:The path '/home/guilhermecabaco/Desktop/ros2_ws/ros2_tutorial4/ex3b/install/custom_interfaces' in the environment variable CMAKE_PREFIX_PATH doesn't exist
[0.164s] WARNING:colcon.colcon_ros.prefix_path.catkin:The path '/home/guilhermecabaco/Desktop/ros2_ws/ros2_tutorial4/install/rviz2_marker_demo' in the environment variable CMAKE_PREFIX_PATH doesn't exist
[0.164s] WARNING:colcon.colcon_ros.prefix_path.catkin:The path '/home/guilhermecabaco/Desktop/ros2_ws/ros2_tutorial4/install/pubsub_custom_param' in the environment variable CMAKE_PREFIX_PATH doesn't exist
[0.164s] WARNING:colcon.colcon_ros.prefix_path.catkin:The path '/home/guilhermecabaco/Desktop/ros2_ws/ros2_tutorial4/install/custom_interfaces' in the environment variable CMAKE_PREFIX_PATH doesn't exist
[0.164s] WARNING:colcon.colcon_ros.prefix_path.catkin:The path '/home/guilhermecabaco/Desktop/ros2_ws/ros2_tutorial4/install/urdf_tutorial' in the environment variable CMAKE_PREFIX_PATH doesn't exist
[0.164s] WARNING:colcon.colcon_ros.prefix_path.catkin:The path '/home/guilhermecabaco/Desktop/ros2_ws/ros2_tutorial4/src/install/urdf_tutorial' in the environment variable CMAKE_PREFIX_PATH doesn't exist
[0.168s] INFO:colcon.colcon_ros.task.ament_cmake.build:Building ROS package in '/home/guilhermecabaco/Desktop/ros2_ws/ros2_tutorial4/colcon_ws3/src/learning_tf2' with build type 'ament_cmake'
[0.168s] INFO:colcon.colcon_cmake.task.cmake.build:Building CMake package in '/home/guilhermecabaco/Desktop/ros2_ws/ros2_tutorial4/colcon_ws3/src/learning_tf2'
[0.168s] DEBUG:colcon.colcon_core.shell:Skip shell extension 'dsv' for command environment
[0.172s] INFO:colcon.colcon_ros.task.ament_cmake.build:Building ROS package in '/home/guilhermecabaco/Desktop/ros2_ws/ros2_tutorial4/colcon_ws3/src/rviz2_marker_demo' with build type 'ament_cmake'
[0.172s] INFO:colcon.colcon_cmake.task.cmake.build:Building CMake package in '/home/guilhermecabaco/Desktop/ros2_ws/ros2_tutorial4/colcon_ws3/src/rviz2_marker_demo'
[0.172s] DEBUG:colcon.colcon_core.shell:Skip shell extension 'dsv' for command environment
[0.176s] INFO:colcon.colcon_ros.task.ament_cmake.build:Building ROS package in '/home/guilhermecabaco/Desktop/ros2_ws/ros2_tutorial4/colcon_ws3/src/urdf_tutorial' with build type 'ament_cmake'
[0.176s] INFO:colcon.colcon_cmake.task.cmake.build:Building CMake package in '/home/guilhermecabaco/Desktop/ros2_ws/ros2_tutorial4/colcon_ws3/src/urdf_tutorial'
[0.176s] DEBUG:colcon.colcon_core.shell:Skip shell extension 'dsv' for command environment
[0.184s] DEBUG:colcon.colcon_core.event_handler.log_command:Invoking command in '/home/guilhermecabaco/Desktop/ros2_ws/ros2_tutorial4/colcon_ws3/build/custom_interfaces': CMAKE_PREFIX_PATH=${CMAKE_PREFIX_PATH}:/home/guilhermecabaco/Desktop/ros2_ws/tutoriais_ros2/install/temperature_monitor:/opt/ros/jazzy DEBUGINFOD_URLS=https://debuginfod.ubuntu.com /usr/bin/cmake --build /home/guilhermecabaco/Desktop/ros2_ws/ros2_tutorial4/colcon_ws3/build/custom_interfaces -- -j12 -l12
[0.186s] DEBUG:colcon.colcon_core.event_handler.log_command:Invoking command in '/home/guilhermecabaco/Desktop/ros2_ws/ros2_tutorial4/colcon_ws3/build/learning_tf2': CMAKE_PREFIX_PATH=${CMAKE_PREFIX_PATH}:/home/guilhermecabaco/Desktop/ros2_ws/tutoriais_ros2/install/temperature_monitor:/opt/ros/jazzy DEBUGINFOD_URLS=https://debuginfod.ubuntu.com /usr/bin/cmake --build /home/guilhermecabaco/Desktop/ros2_ws/ros2_tutorial4/colcon_ws3/build/learning_tf2 -- -j12 -l12
[0.188s] DEBUG:colcon.colcon_core.event_handler.log_command:Invoking command in '/home/guilhermecabaco/Desktop/ros2_ws/ros2_tutorial4/colcon_ws3/build/rviz2_marker_demo': CMAKE_PREFIX_PATH=${CMAKE_PREFIX_PATH}:/home/guilhermecabaco/Desktop/ros2_ws/tutoriais_ros2/install/temperature_monitor:/opt/ros/jazzy DEBUGINFOD_URLS=https://debuginfod.ubuntu.com /usr/bin/cmake --build /home/guilhermecabaco/Desktop/ros2_ws/ros2_tutorial4/colcon_ws3/build/rviz2_marker_demo -- -j12 -l12
[0.192s] DEBUG:colcon.colcon_core.event_handler.log_command:Invoking command in '/home/guilhermecabaco/Desktop/ros2_ws/ros2_tutorial4/colcon_ws3/build/urdf_tutorial': CMAKE_PREFIX_PATH=${CMAKE_PREFIX_PATH}:/home/guilhermecabaco/Desktop/ros2_ws/tutoriais_ros2/install/temperature_monitor:/opt/ros/jazzy DEBUGINFOD_URLS=https://debuginfod.ubuntu.com /usr/bin/cmake --build /home/guilhermecabaco/Desktop/ros2_ws/ros2_tutorial4/colcon_ws3/build/urdf_tutorial -- -j12 -l12
[0.237s] DEBUG:colcon.colcon_core.event_handler.log_command:Invoked command in '/home/guilhermecabaco/Desktop/ros2_ws/ros2_tutorial4/colcon_ws3/build/urdf_tutorial' returned '0': CMAKE_PREFIX_PATH=${CMAKE_PREFIX_PATH}:/home/guilhermecabaco/Desktop/ros2_ws/tutoriais_ros2/install/temperature_monitor:/opt/ros/jazzy DEBUGINFOD_URLS=https://debuginfod.ubuntu.com /usr/bin/cmake --build /home/guilhermecabaco/Desktop/ros2_ws/ros2_tutorial4/colcon_ws3/build/urdf_tutorial -- -j12 -l12
[0.248s] DEBUG:colcon.colcon_core.event_handler.log_command:Invoking command in '/home/guilhermecabaco/Desktop/ros2_ws/ros2_tutorial4/colcon_ws3/build/urdf_tutorial': CMAKE_PREFIX_PATH=${CMAKE_PREFIX_PATH}:/home/guilhermecabaco/Desktop/ros2_ws/tutoriais_ros2/install/temperature_monitor:/opt/ros/jazzy DEBUGINFOD_URLS=https://debuginfod.ubuntu.com /usr/bin/cmake --install /home/guilhermecabaco/Desktop/ros2_ws/ros2_tutorial4/colcon_ws3/build/urdf_tutorial
[0.261s] Level 1:colcon.colcon_core.environment:create_environment_scripts_only(urdf_tutorial)
[0.263s] DEBUG:colcon.colcon_core.event_handler.log_command:Invoked command in '/home/guilhermecabaco/Desktop/ros2_ws/ros2_tutorial4/colcon_ws3/build/urdf_tutorial' returned '0': CMAKE_PREFIX_PATH=${CMAKE_PREFIX_PATH}:/home/guilhermecabaco/Desktop/ros2_ws/tutoriais_ros2/install/temperature_monitor:/opt/ros/jazzy DEBUGINFOD_URLS=https://debuginfod.ubuntu.com /usr/bin/cmake --install /home/guilhermecabaco/Desktop/ros2_ws/ros2_tutorial4/colcon_ws3/build/urdf_tutorial
[0.264s] Level 1:colcon.colcon_core.environment:checking '/home/guilhermecabaco/Desktop/ros2_ws/ros2_tutorial4/colcon_ws3/install/urdf_tutorial' for CMake module files
[0.265s] Level 1:colcon.colcon_core.environment:checking '/home/guilhermecabaco/Desktop/ros2_ws/ros2_tutorial4/colcon_ws3/install/urdf_tutorial' for CMake config files
[0.265s] Level 1:colcon.colcon_core.shell:create_environment_hook('urdf_tutorial', 'cmake_prefix_path')
[0.265s] INFO:colcon.colcon_core.shell:Creating environment descriptor '/home/guilhermecabaco/Desktop/ros2_ws/ros2_tutorial4/colcon_ws3/install/urdf_tutorial/share/urdf_tutorial/hook/cmake_prefix_path.dsv'
[0.266s] INFO:colcon.colcon_core.shell:Creating environment hook '/home/guilhermecabaco/Desktop/ros2_ws/ros2_tutorial4/colcon_ws3/install/urdf_tutorial/share/urdf_tutorial/hook/cmake_prefix_path.sh'
[0.267s] Level 1:colcon.colcon_core.environment:checking '/home/guilhermecabaco/Desktop/ros2_ws/ros2_tutorial4/colcon_ws3/install/urdf_tutorial/bin'
[0.267s] Level 1:colcon.colcon_core.environment:checking '/home/guilhermecabaco/Desktop/ros2_ws/ros2_tutorial4/colcon_ws3/install/urdf_tutorial/lib/pkgconfig/urdf_tutorial.pc'
[0.268s] Level 1:colcon.colcon_core.environment:checking '/home/guilhermecabaco/Desktop/ros2_ws/ros2_tutorial4/colcon_ws3/install/urdf_tutorial/lib/python3.12/site-packages'
[0.269s] Level 1:colcon.colcon_core.environment:checking '/home/guilhermecabaco/Desktop/ros2_ws/ros2_tutorial4/colcon_ws3/install/urdf_tutorial/bin'
[0.269s] INFO:colcon.colcon_core.shell:Creating package descriptor '/home/guilhermecabaco/Desktop/ros2_ws/ros2_tutorial4/colcon_ws3/install/urdf_tutorial/share/urdf_tutorial/package.dsv'
[0.269s] INFO:colcon.colcon_core.shell:Creating package script '/home/guilhermecabaco/Desktop/ros2_ws/ros2_tutorial4/colcon_ws3/install/urdf_tutorial/share/urdf_tutorial/package.sh'
[0.270s] INFO:colcon.colcon_core.shell:Creating package script '/home/guilhermecabaco/Desktop/ros2_ws/ros2_tutorial4/colcon_ws3/install/urdf_tutorial/share/urdf_tutorial/package.bash'
[0.271s] INFO:colcon.colcon_core.shell:Creating package script '/home/guilhermecabaco/Desktop/ros2_ws/ros2_tutorial4/colcon_ws3/install/urdf_tutorial/share/urdf_tutorial/package.zsh'
[0.272s] Level 1:colcon.colcon_core.environment:create_file_with_runtime_dependencies(/home/guilhermecabaco/Desktop/ros2_ws/ros2_tutorial4/colcon_ws3/install/urdf_tutorial/share/colcon-core/packages/urdf_tutorial)
[0.273s] Level 1:colcon.colcon_core.environment:create_environment_scripts_only(urdf_tutorial)
[0.273s] Level 1:colcon.colcon_core.environment:checking '/home/guilhermecabaco/Desktop/ros2_ws/ros2_tutorial4/colcon_ws3/install/urdf_tutorial' for CMake module files
[0.274s] Level 1:colcon.colcon_core.environment:checking '/home/guilhermecabaco/Desktop/ros2_ws/ros2_tutorial4/colcon_ws3/install/urdf_tutorial' for CMake config files
[0.274s] Level 1:colcon.colcon_core.shell:create_environment_hook('urdf_tutorial', 'cmake_prefix_path')
[0.274s] INFO:colcon.colcon_core.shell:Creating environment descriptor '/home/guilhermecabaco/Desktop/ros2_ws/ros2_tutorial4/colcon_ws3/install/urdf_tutorial/share/urdf_tutorial/hook/cmake_prefix_path.dsv'
[0.275s] INFO:colcon.colcon_core.shell:Creating environment hook '/home/guilhermecabaco/Desktop/ros2_ws/ros2_tutorial4/colcon_ws3/install/urdf_tutorial/share/urdf_tutorial/hook/cmake_prefix_path.sh'
[0.275s] Level 1:colcon.colcon_core.environment:checking '/home/guilhermecabaco/Desktop/ros2_ws/ros2_tutorial4/colcon_ws3/install/urdf_tutorial/bin'
[0.275s] Level 1:colcon.colcon_core.environment:checking '/home/guilhermecabaco/Desktop/ros2_ws/ros2_tutorial4/colcon_ws3/install/urdf_tutorial/lib/pkgconfig/urdf_tutorial.pc'
[0.276s] Level 1:colcon.colcon_core.environment:checking '/home/guilhermecabaco/Desktop/ros2_ws/ros2_tutorial4/colcon_ws3/install/urdf_tutorial/lib/python3.12/site-packages'
[0.276s] Level 1:colcon.colcon_core.environment:checking '/home/guilhermecabaco/Desktop/ros2_ws/ros2_tutorial4/colcon_ws3/install/urdf_tutorial/bin'
[0.276s] INFO:colcon.colcon_core.shell:Creating package descriptor '/home/guilhermecabaco/Desktop/ros2_ws/ros2_tutorial4/colcon_ws3/install/urdf_tutorial/share/urdf_tutorial/package.dsv'
[0.277s] INFO:colcon.colcon_core.shell:Creating package script '/home/guilhermecabaco/Desktop/ros2_ws/ros2_tutorial4/colcon_ws3/install/urdf_tutorial/share/urdf_tutorial/package.sh'
[0.277s] INFO:colcon.colcon_core.shell:Creating package script '/home/guilhermecabaco/Desktop/ros2_ws/ros2_tutorial4/colcon_ws3/install/urdf_tutorial/share/urdf_tutorial/package.bash'
[0.277s] INFO:colcon.colcon_core.shell:Creating package script '/home/guilhermecabaco/Desktop/ros2_ws/ros2_tutorial4/colcon_ws3/install/urdf_tutorial/share/urdf_tutorial/package.zsh'
[0.278s] Level 1:colcon.colcon_core.environment:create_file_with_runtime_dependencies(/home/guilhermecabaco/Desktop/ros2_ws/ros2_tutorial4/colcon_ws3/install/urdf_tutorial/share/colcon-core/packages/urdf_tutorial)
[0.280s] DEBUG:colcon.colcon_core.event_handler.log_command:Invoked command in '/home/guilhermecabaco/Desktop/ros2_ws/ros2_tutorial4/colcon_ws3/build/learning_tf2' returned '0': CMAKE_PREFIX_PATH=${CMAKE_PREFIX_PATH}:/home/guilhermecabaco/Desktop/ros2_ws/tutoriais_ros2/install/temperature_monitor:/opt/ros/jazzy DEBUGINFOD_URLS=https://debuginfod.ubuntu.com /usr/bin/cmake --build /home/guilhermecabaco/Desktop/ros2_ws/ros2_tutorial4/colcon_ws3/build/learning_tf2 -- -j12 -l12
[0.281s] DEBUG:colcon.colcon_core.event_handler.log_command:Invoking command in '/home/guilhermecabaco/Desktop/ros2_ws/ros2_tutorial4/colcon_ws3/build/learning_tf2': CMAKE_PREFIX_PATH=${CMAKE_PREFIX_PATH}:/home/guilhermecabaco/Desktop/ros2_ws/tutoriais_ros2/install/temperature_monitor:/opt/ros/jazzy DEBUGINFOD_URLS=https://debuginfod.ubuntu.com /usr/bin/cmake --install /home/guilhermecabaco/Desktop/ros2_ws/ros2_tutorial4/colcon_ws3/build/learning_tf2
[0.295s] Level 1:colcon.colcon_core.environment:create_environment_scripts_only(learning_tf2)
[0.295s] Level 1:colcon.colcon_core.environment:checking '/home/guilhermecabaco/Desktop/ros2_ws/ros2_tutorial4/colcon_ws3/install/learning_tf2' for CMake module files
[0.295s] DEBUG:colcon.colcon_core.event_handler.log_command:Invoked command in '/home/guilhermecabaco/Desktop/ros2_ws/ros2_tutorial4/colcon_ws3/build/learning_tf2' returned '0': CMAKE_PREFIX_PATH=${CMAKE_PREFIX_PATH}:/home/guilhermecabaco/Desktop/ros2_ws/tutoriais_ros2/install/temperature_monitor:/opt/ros/jazzy DEBUGINFOD_URLS=https://debuginfod.ubuntu.com /usr/bin/cmake --install /home/guilhermecabaco/Desktop/ros2_ws/ros2_tutorial4/colcon_ws3/build/learning_tf2
[0.296s] Level 1:colcon.colcon_core.environment:checking '/home/guilhermecabaco/Desktop/ros2_ws/ros2_tutorial4/colcon_ws3/install/learning_tf2' for CMake config files
[0.296s] Level 1:colcon.colcon_core.shell:create_environment_hook('learning_tf2', 'cmake_prefix_path')
[0.296s] INFO:colcon.colcon_core.shell:Creating environment descriptor '/home/guilhermecabaco/Desktop/ros2_ws/ros2_tutorial4/colcon_ws3/install/learning_tf2/share/learning_tf2/hook/cmake_prefix_path.dsv'
[0.297s] INFO:colcon.colcon_core.shell:Creating environment hook '/home/guilhermecabaco/Desktop/ros2_ws/ros2_tutorial4/colcon_ws3/install/learning_tf2/share/learning_tf2/hook/cmake_prefix_path.sh'
[0.297s] Level 1:colcon.colcon_core.environment:checking '/home/guilhermecabaco/Desktop/ros2_ws/ros2_tutorial4/colcon_ws3/install/learning_tf2/lib'
[0.298s] Level 1:colcon.colcon_core.environment:checking '/home/guilhermecabaco/Desktop/ros2_ws/ros2_tutorial4/colcon_ws3/install/learning_tf2/bin'
[0.298s] Level 1:colcon.colcon_core.environment:checking '/home/guilhermecabaco/Desktop/ros2_ws/ros2_tutorial4/colcon_ws3/install/learning_tf2/lib/pkgconfig/learning_tf2.pc'
[0.298s] Level 1:colcon.colcon_core.environment:checking '/home/guilhermecabaco/Desktop/ros2_ws/ros2_tutorial4/colcon_ws3/install/learning_tf2/lib/python3.12/site-packages'
[0.298s] Level 1:colcon.colcon_core.environment:checking '/home/guilhermecabaco/Desktop/ros2_ws/ros2_tutorial4/colcon_ws3/install/learning_tf2/bin'
[0.298s] INFO:colcon.colcon_core.shell:Creating package descriptor '/home/guilhermecabaco/Desktop/ros2_ws/ros2_tutorial4/colcon_ws3/install/learning_tf2/share/learning_tf2/package.dsv'
[0.299s] INFO:colcon.colcon_core.shell:Creating package script '/home/guilhermecabaco/Desktop/ros2_ws/ros2_tutorial4/colcon_ws3/install/learning_tf2/share/learning_tf2/package.sh'
[0.299s] INFO:colcon.colcon_core.shell:Creating package script '/home/guilhermecabaco/Desktop/ros2_ws/ros2_tutorial4/colcon_ws3/install/learning_tf2/share/learning_tf2/package.bash'
[0.299s] INFO:colcon.colcon_core.shell:Creating package script '/home/guilhermecabaco/Desktop/ros2_ws/ros2_tutorial4/colcon_ws3/install/learning_tf2/share/learning_tf2/package.zsh'
[0.300s] Level 1:colcon.colcon_core.environment:create_file_with_runtime_dependencies(/home/guilhermecabaco/Desktop/ros2_ws/ros2_tutorial4/colcon_ws3/install/learning_tf2/share/colcon-core/packages/learning_tf2)
[0.300s] Level 1:colcon.colcon_core.environment:create_environment_scripts_only(learning_tf2)
[0.300s] Level 1:colcon.colcon_core.environment:checking '/home/guilhermecabaco/Desktop/ros2_ws/ros2_tutorial4/colcon_ws3/install/learning_tf2' for CMake module files
[0.302s] Level 1:colcon.colcon_core.environment:checking '/home/guilhermecabaco/Desktop/ros2_ws/ros2_tutorial4/colcon_ws3/install/learning_tf2' for CMake config files
[0.302s] Level 1:colcon.colcon_core.shell:create_environment_hook('learning_tf2', 'cmake_prefix_path')
[0.302s] INFO:colcon.colcon_core.shell:Creating environment descriptor '/home/guilhermecabaco/Desktop/ros2_ws/ros2_tutorial4/colcon_ws3/install/learning_tf2/share/learning_tf2/hook/cmake_prefix_path.dsv'
[0.303s] INFO:colcon.colcon_core.shell:Creating environment hook '/home/guilhermecabaco/Desktop/ros2_ws/ros2_tutorial4/colcon_ws3/install/learning_tf2/share/learning_tf2/hook/cmake_prefix_path.sh'
[0.303s] Level 1:colcon.colcon_core.environment:checking '/home/guilhermecabaco/Desktop/ros2_ws/ros2_tutorial4/colcon_ws3/install/learning_tf2/lib'
[0.303s] Level 1:colcon.colcon_core.environment:checking '/home/guilhermecabaco/Desktop/ros2_ws/ros2_tutorial4/colcon_ws3/install/learning_tf2/bin'
[0.303s] Level 1:colcon.colcon_core.environment:checking '/home/guilhermecabaco/Desktop/ros2_ws/ros2_tutorial4/colcon_ws3/install/learning_tf2/lib/pkgconfig/learning_tf2.pc'
[0.304s] Level 1:colcon.colcon_core.environment:checking '/home/guilhermecabaco/Desktop/ros2_ws/ros2_tutorial4/colcon_ws3/install/learning_tf2/lib/python3.12/site-packages'
[0.304s] Level 1:colcon.colcon_core.environment:checking '/home/guilhermecabaco/Desktop/ros2_ws/ros2_tutorial4/colcon_ws3/install/learning_tf2/bin'
[0.305s] INFO:colcon.colcon_core.shell:Creating package descriptor '/home/guilhermecabaco/Desktop/ros2_ws/ros2_tutorial4/colcon_ws3/install/learning_tf2/share/learning_tf2/package.dsv'
[0.305s] INFO:colcon.colcon_core.shell:Creating package script '/home/guilhermecabaco/Desktop/ros2_ws/ros2_tutorial4/colcon_ws3/install/learning_tf2/share/learning_tf2/package.sh'
[0.305s] INFO:colcon.colcon_core.shell:Creating package script '/home/guilhermecabaco/Desktop/ros2_ws/ros2_tutorial4/colcon_ws3/install/learning_tf2/share/learning_tf2/package.bash'
[0.306s] INFO:colcon.colcon_core.shell:Creating package script '/home/guilhermecabaco/Desktop/ros2_ws/ros2_tutorial4/colcon_ws3/install/learning_tf2/share/learning_tf2/package.zsh'
[0.306s] Level 1:colcon.colcon_core.environment:create_file_with_runtime_dependencies(/home/guilhermecabaco/Desktop/ros2_ws/ros2_tutorial4/colcon_ws3/install/learning_tf2/share/colcon-core/packages/learning_tf2)
[0.564s] DEBUG:colcon.colcon_core.event_handler.log_command:Invoked command in '/home/guilhermecabaco/Desktop/ros2_ws/ros2_tutorial4/colcon_ws3/build/custom_interfaces' returned '0': CMAKE_PREFIX_PATH=${CMAKE_PREFIX_PATH}:/home/guilhermecabaco/Desktop/ros2_ws/tutoriais_ros2/install/temperature_monitor:/opt/ros/jazzy DEBUGINFOD_URLS=https://debuginfod.ubuntu.com /usr/bin/cmake --build /home/guilhermecabaco/Desktop/ros2_ws/ros2_tutorial4/colcon_ws3/build/custom_interfaces -- -j12 -l12
[0.567s] DEBUG:colcon.colcon_core.event_handler.log_command:Invoking command in '/home/guilhermecabaco/Desktop/ros2_ws/ros2_tutorial4/colcon_ws3/build/custom_interfaces': CMAKE_PREFIX_PATH=${CMAKE_PREFIX_PATH}:/home/guilhermecabaco/Desktop/ros2_ws/tutoriais_ros2/install/temperature_monitor:/opt/ros/jazzy DEBUGINFOD_URLS=https://debuginfod.ubuntu.com /usr/bin/cmake --install /home/guilhermecabaco/Desktop/ros2_ws/ros2_tutorial4/colcon_ws3/build/custom_interfaces
[0.625s] Level 1:colcon.colcon_core.environment:create_environment_scripts_only(custom_interfaces)
[0.625s] Level 1:colcon.colcon_core.environment:checking '/home/guilhermecabaco/Desktop/ros2_ws/ros2_tutorial4/colcon_ws3/install/custom_interfaces' for CMake module files
[0.626s] DEBUG:colcon.colcon_core.event_handler.log_command:Invoked command in '/home/guilhermecabaco/Desktop/ros2_ws/ros2_tutorial4/colcon_ws3/build/custom_interfaces' returned '0': CMAKE_PREFIX_PATH=${CMAKE_PREFIX_PATH}:/home/guilhermecabaco/Desktop/ros2_ws/tutoriais_ros2/install/temperature_monitor:/opt/ros/jazzy DEBUGINFOD_URLS=https://debuginfod.ubuntu.com /usr/bin/cmake --install /home/guilhermecabaco/Desktop/ros2_ws/ros2_tutorial4/colcon_ws3/build/custom_interfaces
[0.626s] Level 1:colcon.colcon_core.environment:checking '/home/guilhermecabaco/Desktop/ros2_ws/ros2_tutorial4/colcon_ws3/install/custom_interfaces' for CMake config files
[0.627s] Level 1:colcon.colcon_core.shell:create_environment_hook('custom_interfaces', 'cmake_prefix_path')
[0.627s] INFO:colcon.colcon_core.shell:Creating environment descriptor '/home/guilhermecabaco/Desktop/ros2_ws/ros2_tutorial4/colcon_ws3/install/custom_interfaces/share/custom_interfaces/hook/cmake_prefix_path.dsv'
[0.627s] INFO:colcon.colcon_core.shell:Creating environment hook '/home/guilhermecabaco/Desktop/ros2_ws/ros2_tutorial4/colcon_ws3/install/custom_interfaces/share/custom_interfaces/hook/cmake_prefix_path.sh'
[0.628s] Level 1:colcon.colcon_core.environment:checking '/home/guilhermecabaco/Desktop/ros2_ws/ros2_tutorial4/colcon_ws3/install/custom_interfaces/lib'
[0.628s] Level 1:colcon.colcon_core.shell:create_environment_hook('custom_interfaces', 'ld_library_path_lib')
[0.628s] INFO:colcon.colcon_core.shell:Creating environment descriptor '/home/guilhermecabaco/Desktop/ros2_ws/ros2_tutorial4/colcon_ws3/install/custom_interfaces/share/custom_interfaces/hook/ld_library_path_lib.dsv'
[0.628s] INFO:colcon.colcon_core.shell:Creating environment hook '/home/guilhermecabaco/Desktop/ros2_ws/ros2_tutorial4/colcon_ws3/install/custom_interfaces/share/custom_interfaces/hook/ld_library_path_lib.sh'
[0.629s] Level 1:colcon.colcon_core.environment:checking '/home/guilhermecabaco/Desktop/ros2_ws/ros2_tutorial4/colcon_ws3/install/custom_interfaces/bin'
[0.629s] Level 1:colcon.colcon_core.environment:checking '/home/guilhermecabaco/Desktop/ros2_ws/ros2_tutorial4/colcon_ws3/install/custom_interfaces/lib/pkgconfig/custom_interfaces.pc'
[0.629s] Level 1:colcon.colcon_core.environment:checking '/home/guilhermecabaco/Desktop/ros2_ws/ros2_tutorial4/colcon_ws3/install/custom_interfaces/lib/python3.12/site-packages'
[0.629s] Level 1:colcon.colcon_core.shell:create_environment_hook('custom_interfaces', 'pythonpath')
[0.629s] INFO:colcon.colcon_core.shell:Creating environment descriptor '/home/guilhermecabaco/Desktop/ros2_ws/ros2_tutorial4/colcon_ws3/install/custom_interfaces/share/custom_interfaces/hook/pythonpath.dsv'
[0.629s] INFO:colcon.colcon_core.shell:Creating environment hook '/home/guilhermecabaco/Desktop/ros2_ws/ros2_tutorial4/colcon_ws3/install/custom_interfaces/share/custom_interfaces/hook/pythonpath.sh'
[0.630s] Level 1:colcon.colcon_core.environment:checking '/home/guilhermecabaco/Desktop/ros2_ws/ros2_tutorial4/colcon_ws3/install/custom_interfaces/bin'
[0.630s] INFO:colcon.colcon_core.shell:Creating package descriptor '/home/guilhermecabaco/Desktop/ros2_ws/ros2_tutorial4/colcon_ws3/install/custom_interfaces/share/custom_interfaces/package.dsv'
[0.630s] INFO:colcon.colcon_core.shell:Creating package script '/home/guilhermecabaco/Desktop/ros2_ws/ros2_tutorial4/colcon_ws3/install/custom_interfaces/share/custom_interfaces/package.sh'
[0.631s] INFO:colcon.colcon_core.shell:Creating package script '/home/guilhermecabaco/Desktop/ros2_ws/ros2_tutorial4/colcon_ws3/install/custom_interfaces/share/custom_interfaces/package.bash'
[0.631s] INFO:colcon.colcon_core.shell:Creating package script '/home/guilhermecabaco/Desktop/ros2_ws/ros2_tutorial4/colcon_ws3/install/custom_interfaces/share/custom_interfaces/package.zsh'
[0.631s] Level 1:colcon.colcon_core.environment:create_file_with_runtime_dependencies(/home/guilhermecabaco/Desktop/ros2_ws/ros2_tutorial4/colcon_ws3/install/custom_interfaces/share/colcon-core/packages/custom_interfaces)
[0.632s] Level 1:colcon.colcon_core.environment:create_environment_scripts_only(custom_interfaces)
[0.632s] Level 1:colcon.colcon_core.environment:checking '/home/guilhermecabaco/Desktop/ros2_ws/ros2_tutorial4/colcon_ws3/install/custom_interfaces' for CMake module files
[0.633s] Level 1:colcon.colcon_core.environment:checking '/home/guilhermecabaco/Desktop/ros2_ws/ros2_tutorial4/colcon_ws3/install/custom_interfaces' for CMake config files
[0.633s] Level 1:colcon.colcon_core.shell:create_environment_hook('custom_interfaces', 'cmake_prefix_path')
[0.633s] INFO:colcon.colcon_core.shell:Creating environment descriptor '/home/guilhermecabaco/Desktop/ros2_ws/ros2_tutorial4/colcon_ws3/install/custom_interfaces/share/custom_interfaces/hook/cmake_prefix_path.dsv'
[0.633s] INFO:colcon.colcon_core.shell:Creating environment hook '/home/guilhermecabaco/Desktop/ros2_ws/ros2_tutorial4/colcon_ws3/install/custom_interfaces/share/custom_interfaces/hook/cmake_prefix_path.sh'
[0.634s] Level 1:colcon.colcon_core.environment:checking '/home/guilhermecabaco/Desktop/ros2_ws/ros2_tutorial4/colcon_ws3/install/custom_interfaces/lib'
[0.634s] Level 1:colcon.colcon_core.shell:create_environment_hook('custom_interfaces', 'ld_library_path_lib')
[0.634s] INFO:colcon.colcon_core.shell:Creating environment descriptor '/home/guilhermecabaco/Desktop/ros2_ws/ros2_tutorial4/colcon_ws3/install/custom_interfaces/share/custom_interfaces/hook/ld_library_path_lib.dsv'
[0.634s] INFO:colcon.colcon_core.shell:Creating environment hook '/home/guilhermecabaco/Desktop/ros2_ws/ros2_tutorial4/colcon_ws3/install/custom_interfaces/share/custom_interfaces/hook/ld_library_path_lib.sh'
[0.635s] Level 1:colcon.colcon_core.environment:checking '/home/guilhermecabaco/Desktop/ros2_ws/ros2_tutorial4/colcon_ws3/install/custom_interfaces/bin'
[0.635s] Level 1:colcon.colcon_core.environment:checking '/home/guilhermecabaco/Desktop/ros2_ws/ros2_tutorial4/colcon_ws3/install/custom_interfaces/lib/pkgconfig/custom_interfaces.pc'
[0.635s] Level 1:colcon.colcon_core.environment:checking '/home/guilhermecabaco/Desktop/ros2_ws/ros2_tutorial4/colcon_ws3/install/custom_interfaces/lib/python3.12/site-packages'
[0.635s] Level 1:colcon.colcon_core.shell:create_environment_hook('custom_interfaces', 'pythonpath')
[0.635s] INFO:colcon.colcon_core.shell:Creating environment descriptor '/home/guilhermecabaco/Desktop/ros2_ws/ros2_tutorial4/colcon_ws3/install/custom_interfaces/share/custom_interfaces/hook/pythonpath.dsv'
[0.635s] INFO:colcon.colcon_core.shell:Creating environment hook '/home/guilhermecabaco/Desktop/ros2_ws/ros2_tutorial4/colcon_ws3/install/custom_interfaces/share/custom_interfaces/hook/pythonpath.sh'
[0.636s] Level 1:colcon.colcon_core.environment:checking '/home/guilhermecabaco/Desktop/ros2_ws/ros2_tutorial4/colcon_ws3/install/custom_interfaces/bin'
[0.636s] INFO:colcon.colcon_core.shell:Creating package descriptor '/home/guilhermecabaco/Desktop/ros2_ws/ros2_tutorial4/colcon_ws3/install/custom_interfaces/share/custom_interfaces/package.dsv'
[0.636s] INFO:colcon.colcon_core.shell:Creating package script '/home/guilhermecabaco/Desktop/ros2_ws/ros2_tutorial4/colcon_ws3/install/custom_interfaces/share/custom_interfaces/package.sh'
[0.637s] INFO:colcon.colcon_core.shell:Creating package script '/home/guilhermecabaco/Desktop/ros2_ws/ros2_tutorial4/colcon_ws3/install/custom_interfaces/share/custom_interfaces/package.bash'
[0.637s] INFO:colcon.colcon_core.shell:Creating package script '/home/guilhermecabaco/Desktop/ros2_ws/ros2_tutorial4/colcon_ws3/install/custom_interfaces/share/custom_interfaces/package.zsh'
[0.637s] Level 1:colcon.colcon_core.environment:create_file_with_runtime_dependencies(/home/guilhermecabaco/Desktop/ros2_ws/ros2_tutorial4/colcon_ws3/install/custom_interfaces/share/colcon-core/packages/custom_interfaces)
[0.637s] INFO:colcon.colcon_ros.task.ament_cmake.build:Building ROS package in '/home/guilhermecabaco/Desktop/ros2_ws/ros2_tutorial4/colcon_ws3/src/pubsub_custom_param' with build type 'ament_cmake'
[0.638s] INFO:colcon.colcon_cmake.task.cmake.build:Building CMake package in '/home/guilhermecabaco/Desktop/ros2_ws/ros2_tutorial4/colcon_ws3/src/pubsub_custom_param'
[0.638s] DEBUG:colcon.colcon_core.shell:Skip shell extension 'dsv' for command environment
[0.652s] DEBUG:colcon.colcon_core.event_handler.log_command:Invoking command in '/home/guilhermecabaco/Desktop/ros2_ws/ros2_tutorial4/colcon_ws3/build/pubsub_custom_param': CMAKE_PREFIX_PATH=/home/guilhermecabaco/Desktop/ros2_ws/ros2_tutorial4/colcon_ws3/install/custom_interfaces:/home/guilhermecabaco/Desktop/ros2_ws/ros2_tutorial4/colcon_ws3/install/urdf_tutorial:/home/guilhermecabaco/Desktop/ros2_ws/ros2_tutorial4/colcon_ws3/install/rviz2_marker_demo:/home/guilhermecabaco/Desktop/ros2_ws/ros2_tutorial4/colcon_ws3/install/pubsub_custom_param:/home/guilhermecabaco/Desktop/ros2_ws/ros2_tutorial4/colcon_ws3/install/learning_tf2:/home/guilhermecabaco/Desktop/ros2_ws/ros2_tutorial4/ex3b/install/urdf_tutorial:/home/guilhermecabaco/Desktop/ros2_ws/ros2_tutorial4/ex3b/install/rviz2_marker_demo:/home/guilhermecabaco/Desktop/ros2_ws/ros2_tutorial4/ex3b/install/custom_interfaces:/home/guilhermecabaco/Desktop/ros2_ws/ros2_tutorial4/install/rviz2_marker_demo:/home/guilhermecabaco/Desktop/ros2_ws/ros2_tutorial4/install/pubsub_custom_param:/home/guilhermecabaco/Desktop/ros2_ws/ros2_tutorial4/install/custom_interfaces:/home/guilhermecabaco/Desktop/ros2_ws/ros2_tutorial4/install/urdf_tutorial:/home/guilhermecabaco/Desktop/ros2_ws/ros2_tutorial4/src/install/urdf_tutorial:/home/guilhermecabaco/Desktop/ros2_ws/install/simple_robot_description2:/home/guilhermecabaco/Desktop/ros2_ws/install/simple_robot_description:/home/guilhermecabaco/Desktop/ros2_ws/tutoriais_ros2/install/simple_robot_description2:/home/guilhermecabaco/Desktop/ros2_ws/tutoriais_ros2/install/simple_robot_description:/home/guilhermecabaco/Desktop/ros2_ws/tutoriais_ros2/install/robot_description_tut3:/home/guilhermecabaco/Desktop/ros2_ws/tutoriais_ros2/install/my_robot:/home/guilhermecabaco/Desktop/ros2_ws/tutoriais_ros2/src/simple_robot_description/install/simple_robot_description:/opt/ros/jazzy/opt/gz_sim_vendor:/opt/ros/jazzy/opt/gz_sensors_vendor:/opt/ros/jazzy/opt/gz_physics_vendor:/opt/ros/jazzy/opt/sdformat_vendor:/opt/ros/jazzy/opt/gz_gui_vendor:/opt/ros/jazzy/opt/gz_transport_vendor:/opt/ros/jazzy/opt/gz_rendering_vendor:/opt/ros/jazzy/opt/gz_plugin_vendor:/opt/ros/jazzy/opt/gz_fuel_tools_vendor:/opt/ros/jazzy/opt/gz_msgs_vendor:/opt/ros/jazzy/opt/gz_common_vendor:/opt/ros/jazzy/opt/gz_math_vendor:/opt/ros/jazzy/opt/gz_utils_vendor:/opt/ros/jazzy/opt/gz_tools_vendor:/opt/ros/jazzy/opt/gz_ogre_next_vendor:/opt/ros/jazzy/opt/gz_dartsim_vendor:/opt/ros/jazzy/opt/gz_cmake_vendor:/home/guilhermecabaco/Desktop/ros2_ws/tutoriais_ros2/install/temperature_monitor:/opt/ros/jazzy DEBUGINFOD_URLS=https://debuginfod.ubuntu.com /usr/bin/cmake --build /home/guilhermecabaco/Desktop/ros2_ws/ros2_tutorial4/colcon_ws3/build/pubsub_custom_param -- -j12 -l12
[0.736s] DEBUG:colcon.colcon_core.event_handler.log_command:Invoked command in '/home/guilhermecabaco/Desktop/ros2_ws/ros2_tutorial4/colcon_ws3/build/pubsub_custom_param' returned '0': CMAKE_PREFIX_PATH=/home/guilhermecabaco/Desktop/ros2_ws/ros2_tutorial4/colcon_ws3/install/custom_interfaces:/home/guilhermecabaco/Desktop/ros2_ws/ros2_tutorial4/colcon_ws3/install/urdf_tutorial:/home/guilhermecabaco/Desktop/ros2_ws/ros2_tutorial4/colcon_ws3/install/rviz2_marker_demo:/home/guilhermecabaco/Desktop/ros2_ws/ros2_tutorial4/colcon_ws3/install/pubsub_custom_param:/home/guilhermecabaco/Desktop/ros2_ws/ros2_tutorial4/colcon_ws3/install/learning_tf2:/home/guilhermecabaco/Desktop/ros2_ws/ros2_tutorial4/ex3b/install/urdf_tutorial:/home/guilhermecabaco/Desktop/ros2_ws/ros2_tutorial4/ex3b/install/rviz2_marker_demo:/home/guilhermecabaco/Desktop/ros2_ws/ros2_tutorial4/ex3b/install/custom_interfaces:/home/guilhermecabaco/Desktop/ros2_ws/ros2_tutorial4/install/rviz2_marker_demo:/home/guilhermecabaco/Desktop/ros2_ws/ros2_tutorial4/install/pubsub_custom_param:/home/guilhermecabaco/Desktop/ros2_ws/ros2_tutorial4/install/custom_interfaces:/home/guilhermecabaco/Desktop/ros2_ws/ros2_tutorial4/install/urdf_tutorial:/home/guilhermecabaco/Desktop/ros2_ws/ros2_tutorial4/src/install/urdf_tutorial:/home/guilhermecabaco/Desktop/ros2_ws/install/simple_robot_description2:/home/guilhermecabaco/Desktop/ros2_ws/install/simple_robot_description:/home/guilhermecabaco/Desktop/ros2_ws/tutoriais_ros2/install/simple_robot_description2:/home/guilhermecabaco/Desktop/ros2_ws/tutoriais_ros2/install/simple_robot_description:/home/guilhermecabaco/Desktop/ros2_ws/tutoriais_ros2/install/robot_description_tut3:/home/guilhermecabaco/Desktop/ros2_ws/tutoriais_ros2/install/my_robot:/home/guilhermecabaco/Desktop/ros2_ws/tutoriais_ros2/src/simple_robot_description/install/simple_robot_description:/opt/ros/jazzy/opt/gz_sim_vendor:/opt/ros/jazzy/opt/gz_sensors_vendor:/opt/ros/jazzy/opt/gz_physics_vendor:/opt/ros/jazzy/opt/sdformat_vendor:/opt/ros/jazzy/opt/gz_gui_vendor:/opt/ros/jazzy/opt/gz_transport_vendor:/opt/ros/jazzy/opt/gz_rendering_vendor:/opt/ros/jazzy/opt/gz_plugin_vendor:/opt/ros/jazzy/opt/gz_fuel_tools_vendor:/opt/ros/jazzy/opt/gz_msgs_vendor:/opt/ros/jazzy/opt/gz_common_vendor:/opt/ros/jazzy/opt/gz_math_vendor:/opt/ros/jazzy/opt/gz_utils_vendor:/opt/ros/jazzy/opt/gz_tools_vendor:/opt/ros/jazzy/opt/gz_ogre_next_vendor:/opt/ros/jazzy/opt/gz_dartsim_vendor:/opt/ros/jazzy/opt/gz_cmake_vendor:/home/guilhermecabaco/Desktop/ros2_ws/tutoriais_ros2/install/temperature_monitor:/opt/ros/jazzy DEBUGINFOD_URLS=https://debuginfod.ubuntu.com /usr/bin/cmake --build /home/guilhermecabaco/Desktop/ros2_ws/ros2_tutorial4/colcon_ws3/build/pubsub_custom_param -- -j12 -l12
[0.737s] DEBUG:colcon.colcon_core.event_handler.log_command:Invoking command in '/home/guilhermecabaco/Desktop/ros2_ws/ros2_tutorial4/colcon_ws3/build/pubsub_custom_param': CMAKE_PREFIX_PATH=/home/guilhermecabaco/Desktop/ros2_ws/ros2_tutorial4/colcon_ws3/install/custom_interfaces:/home/guilhermecabaco/Desktop/ros2_ws/ros2_tutorial4/colcon_ws3/install/urdf_tutorial:/home/guilhermecabaco/Desktop/ros2_ws/ros2_tutorial4/colcon_ws3/install/rviz2_marker_demo:/home/guilhermecabaco/Desktop/ros2_ws/ros2_tutorial4/colcon_ws3/install/pubsub_custom_param:/home/guilhermecabaco/Desktop/ros2_ws/ros2_tutorial4/colcon_ws3/install/learning_tf2:/home/guilhermecabaco/Desktop/ros2_ws/ros2_tutorial4/ex3b/install/urdf_tutorial:/home/guilhermecabaco/Desktop/ros2_ws/ros2_tutorial4/ex3b/install/rviz2_marker_demo:/home/guilhermecabaco/Desktop/ros2_ws/ros2_tutorial4/ex3b/install/custom_interfaces:/home/guilhermecabaco/Desktop/ros2_ws/ros2_tutorial4/install/rviz2_marker_demo:/home/guilhermecabaco/Desktop/ros2_ws/ros2_tutorial4/install/pubsub_custom_param:/home/guilhermecabaco/Desktop/ros2_ws/ros2_tutorial4/install/custom_interfaces:/home/guilhermecabaco/Desktop/ros2_ws/ros2_tutorial4/install/urdf_tutorial:/home/guilhermecabaco/Desktop/ros2_ws/ros2_tutorial4/src/install/urdf_tutorial:/home/guilhermecabaco/Desktop/ros2_ws/install/simple_robot_description2:/home/guilhermecabaco/Desktop/ros2_ws/install/simple_robot_description:/home/guilhermecabaco/Desktop/ros2_ws/tutoriais_ros2/install/simple_robot_description2:/home/guilhermecabaco/Desktop/ros2_ws/tutoriais_ros2/install/simple_robot_description:/home/guilhermecabaco/Desktop/ros2_ws/tutoriais_ros2/install/robot_description_tut3:/home/guilhermecabaco/Desktop/ros2_ws/tutoriais_ros2/install/my_robot:/home/guilhermecabaco/Desktop/ros2_ws/tutoriais_ros2/src/simple_robot_description/install/simple_robot_description:/opt/ros/jazzy/opt/gz_sim_vendor:/opt/ros/jazzy/opt/gz_sensors_vendor:/opt/ros/jazzy/opt/gz_physics_vendor:/opt/ros/jazzy/opt/sdformat_vendor:/opt/ros/jazzy/opt/gz_gui_vendor:/opt/ros/jazzy/opt/gz_transport_vendor:/opt/ros/jazzy/opt/gz_rendering_vendor:/opt/ros/jazzy/opt/gz_plugin_vendor:/opt/ros/jazzy/opt/gz_fuel_tools_vendor:/opt/ros/jazzy/opt/gz_msgs_vendor:/opt/ros/jazzy/opt/gz_common_vendor:/opt/ros/jazzy/opt/gz_math_vendor:/opt/ros/jazzy/opt/gz_utils_vendor:/opt/ros/jazzy/opt/gz_tools_vendor:/opt/ros/jazzy/opt/gz_ogre_next_vendor:/opt/ros/jazzy/opt/gz_dartsim_vendor:/opt/ros/jazzy/opt/gz_cmake_vendor:/home/guilhermecabaco/Desktop/ros2_ws/tutoriais_ros2/install/temperature_monitor:/opt/ros/jazzy DEBUGINFOD_URLS=https://debuginfod.ubuntu.com /usr/bin/cmake --install /home/guilhermecabaco/Desktop/ros2_ws/ros2_tutorial4/colcon_ws3/build/pubsub_custom_param
[0.750s] Level 1:colcon.colcon_core.environment:create_environment_scripts_only(pubsub_custom_param)
[0.750s] Level 1:colcon.colcon_core.environment:checking '/home/guilhermecabaco/Desktop/ros2_ws/ros2_tutorial4/colcon_ws3/install/pubsub_custom_param' for CMake module files
[0.751s] DEBUG:colcon.colcon_core.event_handler.log_command:Invoked command in '/home/guilhermecabaco/Desktop/ros2_ws/ros2_tutorial4/colcon_ws3/build/pubsub_custom_param' returned '0': CMAKE_PREFIX_PATH=/home/guilhermecabaco/Desktop/ros2_ws/ros2_tutorial4/colcon_ws3/install/custom_interfaces:/home/guilhermecabaco/Desktop/ros2_ws/ros2_tutorial4/colcon_ws3/install/urdf_tutorial:/home/guilhermecabaco/Desktop/ros2_ws/ros2_tutorial4/colcon_ws3/install/rviz2_marker_demo:/home/guilhermecabaco/Desktop/ros2_ws/ros2_tutorial4/colcon_ws3/install/pubsub_custom_param:/home/guilhermecabaco/Desktop/ros2_ws/ros2_tutorial4/colcon_ws3/install/learning_tf2:/home/guilhermecabaco/Desktop/ros2_ws/ros2_tutorial4/ex3b/install/urdf_tutorial:/home/guilhermecabaco/Desktop/ros2_ws/ros2_tutorial4/ex3b/install/rviz2_marker_demo:/home/guilhermecabaco/Desktop/ros2_ws/ros2_tutorial4/ex3b/install/custom_interfaces:/home/guilhermecabaco/Desktop/ros2_ws/ros2_tutorial4/install/rviz2_marker_demo:/home/guilhermecabaco/Desktop/ros2_ws/ros2_tutorial4/install/pubsub_custom_param:/home/guilhermecabaco/Desktop/ros2_ws/ros2_tutorial4/install/custom_interfaces:/home/guilhermecabaco/Desktop/ros2_ws/ros2_tutorial4/install/urdf_tutorial:/home/guilhermecabaco/Desktop/ros2_ws/ros2_tutorial4/src/install/urdf_tutorial:/home/guilhermecabaco/Desktop/ros2_ws/install/simple_robot_description2:/home/guilhermecabaco/Desktop/ros2_ws/install/simple_robot_description:/home/guilhermecabaco/Desktop/ros2_ws/tutoriais_ros2/install/simple_robot_description2:/home/guilhermecabaco/Desktop/ros2_ws/tutoriais_ros2/install/simple_robot_description:/home/guilhermecabaco/Desktop/ros2_ws/tutoriais_ros2/install/robot_description_tut3:/home/guilhermecabaco/Desktop/ros2_ws/tutoriais_ros2/install/my_robot:/home/guilhermecabaco/Desktop/ros2_ws/tutoriais_ros2/src/simple_robot_description/install/simple_robot_description:/opt/ros/jazzy/opt/gz_sim_vendor:/opt/ros/jazzy/opt/gz_sensors_vendor:/opt/ros/jazzy/opt/gz_physics_vendor:/opt/ros/jazzy/opt/sdformat_vendor:/opt/ros/jazzy/opt/gz_gui_vendor:/opt/ros/jazzy/opt/gz_transport_vendor:/opt/ros/jazzy/opt/gz_rendering_vendor:/opt/ros/jazzy/opt/gz_plugin_vendor:/opt/ros/jazzy/opt/gz_fuel_tools_vendor:/opt/ros/jazzy/opt/gz_msgs_vendor:/opt/ros/jazzy/opt/gz_common_vendor:/opt/ros/jazzy/opt/gz_math_vendor:/opt/ros/jazzy/opt/gz_utils_vendor:/opt/ros/jazzy/opt/gz_tools_vendor:/opt/ros/jazzy/opt/gz_ogre_next_vendor:/opt/ros/jazzy/opt/gz_dartsim_vendor:/opt/ros/jazzy/opt/gz_cmake_vendor:/home/guilhermecabaco/Desktop/ros2_ws/tutoriais_ros2/install/temperature_monitor:/opt/ros/jazzy DEBUGINFOD_URLS=https://debuginfod.ubuntu.com /usr/bin/cmake --install /home/guilhermecabaco/Desktop/ros2_ws/ros2_tutorial4/colcon_ws3/build/pubsub_custom_param
[0.751s] Level 1:colcon.colcon_core.environment:checking '/home/guilhermecabaco/Desktop/ros2_ws/ros2_tutorial4/colcon_ws3/install/pubsub_custom_param' for CMake config files
[0.751s] Level 1:colcon.colcon_core.shell:create_environment_hook('pubsub_custom_param', 'cmake_prefix_path')
[0.751s] INFO:colcon.colcon_core.shell:Creating environment descriptor '/home/guilhermecabaco/Desktop/ros2_ws/ros2_tutorial4/colcon_ws3/install/pubsub_custom_param/share/pubsub_custom_param/hook/cmake_prefix_path.dsv'
[0.752s] INFO:colcon.colcon_core.shell:Creating environment hook '/home/guilhermecabaco/Desktop/ros2_ws/ros2_tutorial4/colcon_ws3/install/pubsub_custom_param/share/pubsub_custom_param/hook/cmake_prefix_path.sh'
[0.752s] Level 1:colcon.colcon_core.environment:checking '/home/guilhermecabaco/Desktop/ros2_ws/ros2_tutorial4/colcon_ws3/install/pubsub_custom_param/lib'
[0.752s] Level 1:colcon.colcon_core.environment:checking '/home/guilhermecabaco/Desktop/ros2_ws/ros2_tutorial4/colcon_ws3/install/pubsub_custom_param/bin'
[0.752s] Level 1:colcon.colcon_core.environment:checking '/home/guilhermecabaco/Desktop/ros2_ws/ros2_tutorial4/colcon_ws3/install/pubsub_custom_param/lib/pkgconfig/pubsub_custom_param.pc'
[0.753s] Level 1:colcon.colcon_core.environment:checking '/home/guilhermecabaco/Desktop/ros2_ws/ros2_tutorial4/colcon_ws3/install/pubsub_custom_param/lib/python3.12/site-packages'
[0.753s] Level 1:colcon.colcon_core.environment:checking '/home/guilhermecabaco/Desktop/ros2_ws/ros2_tutorial4/colcon_ws3/install/pubsub_custom_param/bin'
[0.753s] INFO:colcon.colcon_core.shell:Creating package descriptor '/home/guilhermecabaco/Desktop/ros2_ws/ros2_tutorial4/colcon_ws3/install/pubsub_custom_param/share/pubsub_custom_param/package.dsv'
[0.753s] INFO:colcon.colcon_core.shell:Creating package script '/home/guilhermecabaco/Desktop/ros2_ws/ros2_tutorial4/colcon_ws3/install/pubsub_custom_param/share/pubsub_custom_param/package.sh'
[0.753s] INFO:colcon.colcon_core.shell:Creating package script '/home/guilhermecabaco/Desktop/ros2_ws/ros2_tutorial4/colcon_ws3/install/pubsub_custom_param/share/pubsub_custom_param/package.bash'
[0.754s] INFO:colcon.colcon_core.shell:Creating package script '/home/guilhermecabaco/Desktop/ros2_ws/ros2_tutorial4/colcon_ws3/install/pubsub_custom_param/share/pubsub_custom_param/package.zsh'
[0.754s] Level 1:colcon.colcon_core.environment:create_file_with_runtime_dependencies(/home/guilhermecabaco/Desktop/ros2_ws/ros2_tutorial4/colcon_ws3/install/pubsub_custom_param/share/colcon-core/packages/pubsub_custom_param)
[0.754s] Level 1:colcon.colcon_core.environment:create_environment_scripts_only(pubsub_custom_param)
[0.754s] Level 1:colcon.colcon_core.environment:checking '/home/guilhermecabaco/Desktop/ros2_ws/ros2_tutorial4/colcon_ws3/install/pubsub_custom_param' for CMake module files
[0.755s] Level 1:colcon.colcon_core.environment:checking '/home/guilhermecabaco/Desktop/ros2_ws/ros2_tutorial4/colcon_ws3/install/pubsub_custom_param' for CMake config files
[0.755s] Level 1:colcon.colcon_core.shell:create_environment_hook('pubsub_custom_param', 'cmake_prefix_path')
[0.755s] INFO:colcon.colcon_core.shell:Creating environment descriptor '/home/guilhermecabaco/Desktop/ros2_ws/ros2_tutorial4/colcon_ws3/install/pubsub_custom_param/share/pubsub_custom_param/hook/cmake_prefix_path.dsv'
[0.755s] INFO:colcon.colcon_core.shell:Creating environment hook '/home/guilhermecabaco/Desktop/ros2_ws/ros2_tutorial4/colcon_ws3/install/pubsub_custom_param/share/pubsub_custom_param/hook/cmake_prefix_path.sh'
[0.756s] Level 1:colcon.colcon_core.environment:checking '/home/guilhermecabaco/Desktop/ros2_ws/ros2_tutorial4/colcon_ws3/install/pubsub_custom_param/lib'
[0.756s] Level 1:colcon.colcon_core.environment:checking '/home/guilhermecabaco/Desktop/ros2_ws/ros2_tutorial4/colcon_ws3/install/pubsub_custom_param/bin'
[0.756s] Level 1:colcon.colcon_core.environment:checking '/home/guilhermecabaco/Desktop/ros2_ws/ros2_tutorial4/colcon_ws3/install/pubsub_custom_param/lib/pkgconfig/pubsub_custom_param.pc'
[0.756s] Level 1:colcon.colcon_core.environment:checking '/home/guilhermecabaco/Desktop/ros2_ws/ros2_tutorial4/colcon_ws3/install/pubsub_custom_param/lib/python3.12/site-packages'
[0.756s] Level 1:colcon.colcon_core.environment:checking '/home/guilhermecabaco/Desktop/ros2_ws/ros2_tutorial4/colcon_ws3/install/pubsub_custom_param/bin'
[0.756s] INFO:colcon.colcon_core.shell:Creating package descriptor '/home/guilhermecabaco/Desktop/ros2_ws/ros2_tutorial4/colcon_ws3/install/pubsub_custom_param/share/pubsub_custom_param/package.dsv'
[0.757s] INFO:colcon.colcon_core.shell:Creating package script '/home/guilhermecabaco/Desktop/ros2_ws/ros2_tutorial4/colcon_ws3/install/pubsub_custom_param/share/pubsub_custom_param/package.sh'
[0.757s] INFO:colcon.colcon_core.shell:Creating package script '/home/guilhermecabaco/Desktop/ros2_ws/ros2_tutorial4/colcon_ws3/install/pubsub_custom_param/share/pubsub_custom_param/package.bash'
[0.757s] INFO:colcon.colcon_core.shell:Creating package script '/home/guilhermecabaco/Desktop/ros2_ws/ros2_tutorial4/colcon_ws3/install/pubsub_custom_param/share/pubsub_custom_param/package.zsh'
[0.758s] Level 1:colcon.colcon_core.environment:create_file_with_runtime_dependencies(/home/guilhermecabaco/Desktop/ros2_ws/ros2_tutorial4/colcon_ws3/install/pubsub_custom_param/share/colcon-core/packages/pubsub_custom_param)
[4.772s] DEBUG:colcon.colcon_core.event_handler.log_command:Invoked command in '/home/guilhermecabaco/Desktop/ros2_ws/ros2_tutorial4/colcon_ws3/build/rviz2_marker_demo' returned '0': CMAKE_PREFIX_PATH=${CMAKE_PREFIX_PATH}:/home/guilhermecabaco/Desktop/ros2_ws/tutoriais_ros2/install/temperature_monitor:/opt/ros/jazzy DEBUGINFOD_URLS=https://debuginfod.ubuntu.com /usr/bin/cmake --build /home/guilhermecabaco/Desktop/ros2_ws/ros2_tutorial4/colcon_ws3/build/rviz2_marker_demo -- -j12 -l12
[4.774s] DEBUG:colcon.colcon_core.event_handler.log_command:Invoking command in '/home/guilhermecabaco/Desktop/ros2_ws/ros2_tutorial4/colcon_ws3/build/rviz2_marker_demo': CMAKE_PREFIX_PATH=${CMAKE_PREFIX_PATH}:/home/guilhermecabaco/Desktop/ros2_ws/tutoriais_ros2/install/temperature_monitor:/opt/ros/jazzy DEBUGINFOD_URLS=https://debuginfod.ubuntu.com /usr/bin/cmake --install /home/guilhermecabaco/Desktop/ros2_ws/ros2_tutorial4/colcon_ws3/build/rviz2_marker_demo
[4.792s] Level 1:colcon.colcon_core.environment:create_environment_scripts_only(rviz2_marker_demo)
[4.792s] Level 1:colcon.colcon_core.environment:checking '/home/guilhermecabaco/Desktop/ros2_ws/ros2_tutorial4/colcon_ws3/install/rviz2_marker_demo' for CMake module files
[4.793s] Level 1:colcon.colcon_core.environment:checking '/home/guilhermecabaco/Desktop/ros2_ws/ros2_tutorial4/colcon_ws3/install/rviz2_marker_demo' for CMake config files
[4.794s] Level 1:colcon.colcon_core.shell:create_environment_hook('rviz2_marker_demo', 'cmake_prefix_path')
[4.794s] INFO:colcon.colcon_core.shell:Creating environment descriptor '/home/guilhermecabaco/Desktop/ros2_ws/ros2_tutorial4/colcon_ws3/install/rviz2_marker_demo/share/rviz2_marker_demo/hook/cmake_prefix_path.dsv'
[4.795s] INFO:colcon.colcon_core.shell:Creating environment hook '/home/guilhermecabaco/Desktop/ros2_ws/ros2_tutorial4/colcon_ws3/install/rviz2_marker_demo/share/rviz2_marker_demo/hook/cmake_prefix_path.sh'
[4.796s] Level 1:colcon.colcon_core.environment:checking '/home/guilhermecabaco/Desktop/ros2_ws/ros2_tutorial4/colcon_ws3/install/rviz2_marker_demo/lib'
[4.796s] Level 1:colcon.colcon_core.environment:checking '/home/guilhermecabaco/Desktop/ros2_ws/ros2_tutorial4/colcon_ws3/install/rviz2_marker_demo/bin'
[4.796s] Level 1:colcon.colcon_core.environment:checking '/home/guilhermecabaco/Desktop/ros2_ws/ros2_tutorial4/colcon_ws3/install/rviz2_marker_demo/lib/pkgconfig/rviz2_marker_demo.pc'
[4.796s] Level 1:colcon.colcon_core.environment:checking '/home/guilhermecabaco/Desktop/ros2_ws/ros2_tutorial4/colcon_ws3/install/rviz2_marker_demo/lib/python3.12/site-packages'
[4.796s] Level 1:colcon.colcon_core.environment:checking '/home/guilhermecabaco/Desktop/ros2_ws/ros2_tutorial4/colcon_ws3/install/rviz2_marker_demo/bin'
[4.796s] INFO:colcon.colcon_core.shell:Creating package descriptor '/home/guilhermecabaco/Desktop/ros2_ws/ros2_tutorial4/colcon_ws3/install/rviz2_marker_demo/share/rviz2_marker_demo/package.dsv'
[4.797s] DEBUG:colcon.colcon_core.event_handler.log_command:Invoked command in '/home/guilhermecabaco/Desktop/ros2_ws/ros2_tutorial4/colcon_ws3/build/rviz2_marker_demo' returned '0': CMAKE_PREFIX_PATH=${CMAKE_PREFIX_PATH}:/home/guilhermecabaco/Desktop/ros2_ws/tutoriais_ros2/install/temperature_monitor:/opt/ros/jazzy DEBUGINFOD_URLS=https://debuginfod.ubuntu.com /usr/bin/cmake --install /home/guilhermecabaco/Desktop/ros2_ws/ros2_tutorial4/colcon_ws3/build/rviz2_marker_demo
[4.797s] INFO:colcon.colcon_core.shell:Creating package script '/home/guilhermecabaco/Desktop/ros2_ws/ros2_tutorial4/colcon_ws3/install/rviz2_marker_demo/share/rviz2_marker_demo/package.sh'
[4.797s] INFO:colcon.colcon_core.shell:Creating package script '/home/guilhermecabaco/Desktop/ros2_ws/ros2_tutorial4/colcon_ws3/install/rviz2_marker_demo/share/rviz2_marker_demo/package.bash'
[4.798s] INFO:colcon.colcon_core.shell:Creating package script '/home/guilhermecabaco/Desktop/ros2_ws/ros2_tutorial4/colcon_ws3/install/rviz2_marker_demo/share/rviz2_marker_demo/package.zsh'
[4.798s] Level 1:colcon.colcon_core.environment:create_file_with_runtime_dependencies(/home/guilhermecabaco/Desktop/ros2_ws/ros2_tutorial4/colcon_ws3/install/rviz2_marker_demo/share/colcon-core/packages/rviz2_marker_demo)
[4.798s] Level 1:colcon.colcon_core.environment:create_environment_scripts_only(rviz2_marker_demo)
[4.798s] Level 1:colcon.colcon_core.environment:checking '/home/guilhermecabaco/Desktop/ros2_ws/ros2_tutorial4/colcon_ws3/install/rviz2_marker_demo' for CMake module files
[4.799s] Level 1:colcon.colcon_core.environment:checking '/home/guilhermecabaco/Desktop/ros2_ws/ros2_tutorial4/colcon_ws3/install/rviz2_marker_demo' for CMake config files
[4.799s] Level 1:colcon.colcon_core.shell:create_environment_hook('rviz2_marker_demo', 'cmake_prefix_path')
[4.799s] INFO:colcon.colcon_core.shell:Creating environment descriptor '/home/guilhermecabaco/Desktop/ros2_ws/ros2_tutorial4/colcon_ws3/install/rviz2_marker_demo/share/rviz2_marker_demo/hook/cmake_prefix_path.dsv'
[4.799s] INFO:colcon.colcon_core.shell:Creating environment hook '/home/guilhermecabaco/Desktop/ros2_ws/ros2_tutorial4/colcon_ws3/install/rviz2_marker_demo/share/rviz2_marker_demo/hook/cmake_prefix_path.sh'
[4.800s] Level 1:colcon.colcon_core.environment:checking '/home/guilhermecabaco/Desktop/ros2_ws/ros2_tutorial4/colcon_ws3/install/rviz2_marker_demo/lib'
[4.800s] Level 1:colcon.colcon_core.environment:checking '/home/guilhermecabaco/Desktop/ros2_ws/ros2_tutorial4/colcon_ws3/install/rviz2_marker_demo/bin'
[4.800s] Level 1:colcon.colcon_core.environment:checking '/home/guilhermecabaco/Desktop/ros2_ws/ros2_tutorial4/colcon_ws3/install/rviz2_marker_demo/lib/pkgconfig/rviz2_marker_demo.pc'
[4.800s] Level 1:colcon.colcon_core.environment:checking '/home/guilhermecabaco/Desktop/ros2_ws/ros2_tutorial4/colcon_ws3/install/rviz2_marker_demo/lib/python3.12/site-packages'
[4.800s] Level 1:colcon.colcon_core.environment:checking '/home/guilhermecabaco/Desktop/ros2_ws/ros2_tutorial4/colcon_ws3/install/rviz2_marker_demo/bin'
[4.800s] INFO:colcon.colcon_core.shell:Creating package descriptor '/home/guilhermecabaco/Desktop/ros2_ws/ros2_tutorial4/colcon_ws3/install/rviz2_marker_demo/share/rviz2_marker_demo/package.dsv'
[4.801s] INFO:colcon.colcon_core.shell:Creating package script '/home/guilhermecabaco/Desktop/ros2_ws/ros2_tutorial4/colcon_ws3/install/rviz2_marker_demo/share/rviz2_marker_demo/package.sh'
[4.801s] INFO:colcon.colcon_core.shell:Creating package script '/home/guilhermecabaco/Desktop/ros2_ws/ros2_tutorial4/colcon_ws3/install/rviz2_marker_demo/share/rviz2_marker_demo/package.bash'
[4.801s] INFO:colcon.colcon_core.shell:Creating package script '/home/guilhermecabaco/Desktop/ros2_ws/ros2_tutorial4/colcon_ws3/install/rviz2_marker_demo/share/rviz2_marker_demo/package.zsh'
[4.802s] Level 1:colcon.colcon_core.environment:create_file_with_runtime_dependencies(/home/guilhermecabaco/Desktop/ros2_ws/ros2_tutorial4/colcon_ws3/install/rviz2_marker_demo/share/colcon-core/packages/rviz2_marker_demo)
[4.802s] DEBUG:colcon.colcon_parallel_executor.executor.parallel:closing loop
[4.802s] DEBUG:colcon.colcon_parallel_executor.executor.parallel:loop closed
[4.802s] DEBUG:colcon.colcon_parallel_executor.executor.parallel:run_until_complete finished with '0'
[4.802s] DEBUG:colcon.colcon_core.event_reactor:joining thread
[4.808s] INFO:colcon.colcon_core.plugin_system:Skipping extension 'colcon_notification.desktop_notification.terminal_notifier': Not used on non-Darwin systems
[4.808s] INFO:colcon.colcon_core.plugin_system:Skipping extension 'colcon_notification.desktop_notification.win32': Not used on non-Windows systems
[4.808s] INFO:colcon.colcon_notification.desktop_notification:Sending desktop notification using 'notify2'
[4.833s] DEBUG:colcon.colcon_core.event_reactor:joined thread
[4.834s] INFO:colcon.colcon_core.shell:Creating prefix script '/home/guilhermecabaco/Desktop/ros2_ws/ros2_tutorial4/colcon_ws3/install/local_setup.sh'
[4.835s] INFO:colcon.colcon_core.shell:Creating prefix util module '/home/guilhermecabaco/Desktop/ros2_ws/ros2_tutorial4/colcon_ws3/install/_local_setup_util_sh.py'
[4.837s] INFO:colcon.colcon_core.shell:Creating prefix chain script '/home/guilhermecabaco/Desktop/ros2_ws/ros2_tutorial4/colcon_ws3/install/setup.sh'
[4.839s] INFO:colcon.colcon_core.shell:Creating prefix script '/home/guilhermecabaco/Desktop/ros2_ws/ros2_tutorial4/colcon_ws3/install/local_setup.bash'
[4.840s] INFO:colcon.colcon_core.shell:Creating prefix chain script '/home/guilhermecabaco/Desktop/ros2_ws/ros2_tutorial4/colcon_ws3/install/setup.bash'
[4.842s] INFO:colcon.colcon_core.shell:Creating prefix script '/home/guilhermecabaco/Desktop/ros2_ws/ros2_tutorial4/colcon_ws3/install/local_setup.zsh'
[4.843s] INFO:colcon.colcon_core.shell:Creating prefix chain script '/home/guilhermecabaco/Desktop/ros2_ws/ros2_tutorial4/colcon_ws3/install/setup.zsh'
