[0.015s] Invoking command in '/home/guilhermecabaco/Desktop/ros2_ws/ros2_tutorial4/colcon_ws3/build/urdf_tutorial': CMAKE_PREFIX_PATH=${CMAKE_PREFIX_PATH}:/home/guilhermecabaco/Desktop/ros2_ws/tutoriais_ros2/install/temperature_monitor:/opt/ros/jazzy DEBUGINFOD_URLS=https://debuginfod.ubuntu.com /usr/bin/cmake --build /home/guilhermecabaco/Desktop/ros2_ws/ros2_tutorial4/colcon_ws3/build/urdf_tutorial -- -j12 -l12
[0.062s] Invoked command in '/home/guilhermecabaco/Desktop/ros2_ws/ros2_tutorial4/colcon_ws3/build/urdf_tutorial' returned '0': CMAKE_PREFIX_PATH=${CMAKE_PREFIX_PATH}:/home/guilhermecabaco/Desktop/ros2_ws/tutoriais_ros2/install/temperature_monitor:/opt/ros/jazzy DEBUGINFOD_URLS=https://debuginfod.ubuntu.com /usr/bin/cmake --build /home/guilhermecabaco/Desktop/ros2_ws/ros2_tutorial4/colcon_ws3/build/urdf_tutorial -- -j12 -l12
[0.075s] Invoking command in '/home/guilhermecabaco/Desktop/ros2_ws/ros2_tutorial4/colcon_ws3/build/urdf_tutorial': CMAKE_PREFIX_PATH=${CMAKE_PREFIX_PATH}:/home/guilhermecabaco/Desktop/ros2_ws/tutoriais_ros2/install/temperature_monitor:/opt/ros/jazzy DEBUGINFOD_URLS=https://debuginfod.ubuntu.com /usr/bin/cmake --install /home/guilhermecabaco/Desktop/ros2_ws/ros2_tutorial4/colcon_ws3/build/urdf_tutorial
[0.085s] -- Install configuration: ""
[0.086s] -- Up-to-date: /home/guilhermecabaco/Desktop/ros2_ws/ros2_tutorial4/colcon_ws3/install/urdf_tutorial/share/urdf_tutorial/launch
[0.086s] -- Up-to-date: /home/guilhermecabaco/Desktop/ros2_ws/ros2_tutorial4/colcon_ws3/install/urdf_tutorial/share/urdf_tutorial/launch/pantilt_visualization.launch.py
[0.086s] -- Installing: /home/guilhermecabaco/Desktop/ros2_ws/ros2_tutorial4/colcon_ws3/install/urdf_tutorial/share/urdf_tutorial/launch/ex3b.launch.py
[0.086s] -- Up-to-date: /home/guilhermecabaco/Desktop/ros2_ws/ros2_tutorial4/colcon_ws3/install/urdf_tutorial/share/urdf_tutorial/launch/ur_visualization.launch.py
[0.087s] -- Up-to-date: /home/guilhermecabaco/Desktop/ros2_ws/ros2_tutorial4/colcon_ws3/install/urdf_tutorial/share/urdf_tutorial/config
[0.087s] -- Up-to-date: /home/guilhermecabaco/Desktop/ros2_ws/ros2_tutorial4/colcon_ws3/install/urdf_tutorial/share/urdf_tutorial/config/pawn_marker.yaml
[0.087s] -- Up-to-date: /home/guilhermecabaco/Desktop/ros2_ws/ros2_tutorial4/colcon_ws3/install/urdf_tutorial/share/urdf_tutorial/urdf
[0.087s] -- Up-to-date: /home/guilhermecabaco/Desktop/ros2_ws/ros2_tutorial4/colcon_ws3/install/urdf_tutorial/share/urdf_tutorial/urdf/pan_tilt.xacro
[0.087s] -- Up-to-date: /home/guilhermecabaco/Desktop/ros2_ws/ros2_tutorial4/colcon_ws3/install/urdf_tutorial/share/urdf_tutorial/urdf/ur.urdf.xacro
[0.088s] -- Up-to-date: /home/guilhermecabaco/Desktop/ros2_ws/ros2_tutorial4/colcon_ws3/install/urdf_tutorial/share/urdf_tutorial/urdf/pan_tilt.urdf
[0.088s] -- Up-to-date: /home/guilhermecabaco/Desktop/ros2_ws/ros2_tutorial4/colcon_ws3/install/urdf_tutorial/share/urdf_tutorial/rviz
[0.088s] -- Up-to-date: /home/guilhermecabaco/Desktop/ros2_ws/ros2_tutorial4/colcon_ws3/install/urdf_tutorial/share/urdf_tutorial/rviz/display_urdf.rviz
[0.088s] -- Up-to-date: /home/guilhermecabaco/Desktop/ros2_ws/ros2_tutorial4/colcon_ws3/install/urdf_tutorial/share/urdf_tutorial/rviz/ur_visualization.rviz
[0.088s] -- Up-to-date: /home/guilhermecabaco/Desktop/ros2_ws/ros2_tutorial4/colcon_ws3/install/urdf_tutorial/share/ament_index/resource_index/package_run_dependencies/urdf_tutorial
[0.088s] -- Up-to-date: /home/guilhermecabaco/Desktop/ros2_ws/ros2_tutorial4/colcon_ws3/install/urdf_tutorial/share/ament_index/resource_index/parent_prefix_path/urdf_tutorial
[0.088s] -- Up-to-date: /home/guilhermecabaco/Desktop/ros2_ws/ros2_tutorial4/colcon_ws3/install/urdf_tutorial/share/urdf_tutorial/environment/ament_prefix_path.sh
[0.088s] -- Up-to-date: /home/guilhermecabaco/Desktop/ros2_ws/ros2_tutorial4/colcon_ws3/install/urdf_tutorial/share/urdf_tutorial/environment/ament_prefix_path.dsv
[0.088s] -- Up-to-date: /home/guilhermecabaco/Desktop/ros2_ws/ros2_tutorial4/colcon_ws3/install/urdf_tutorial/share/urdf_tutorial/environment/path.sh
[0.089s] -- Up-to-date: /home/guilhermecabaco/Desktop/ros2_ws/ros2_tutorial4/colcon_ws3/install/urdf_tutorial/share/urdf_tutorial/environment/path.dsv
[0.089s] -- Up-to-date: /home/guilhermecabaco/Desktop/ros2_ws/ros2_tutorial4/colcon_ws3/install/urdf_tutorial/share/urdf_tutorial/local_setup.bash
[0.089s] -- Up-to-date: /home/guilhermecabaco/Desktop/ros2_ws/ros2_tutorial4/colcon_ws3/install/urdf_tutorial/share/urdf_tutorial/local_setup.sh
[0.089s] -- Up-to-date: /home/guilhermecabaco/Desktop/ros2_ws/ros2_tutorial4/colcon_ws3/install/urdf_tutorial/share/urdf_tutorial/local_setup.zsh
[0.089s] -- Up-to-date: /home/guilhermecabaco/Desktop/ros2_ws/ros2_tutorial4/colcon_ws3/install/urdf_tutorial/share/urdf_tutorial/local_setup.dsv
[0.090s] -- Up-to-date: /home/guilhermecabaco/Desktop/ros2_ws/ros2_tutorial4/colcon_ws3/install/urdf_tutorial/share/urdf_tutorial/package.dsv
[0.091s] -- Up-to-date: /home/guilhermecabaco/Desktop/ros2_ws/ros2_tutorial4/colcon_ws3/install/urdf_tutorial/share/ament_index/resource_index/packages/urdf_tutorial
[0.091s] -- Up-to-date: /home/guilhermecabaco/Desktop/ros2_ws/ros2_tutorial4/colcon_ws3/install/urdf_tutorial/share/urdf_tutorial/cmake/ament_cmake_export_dependencies-extras.cmake
[0.091s] -- Up-to-date: /home/guilhermecabaco/Desktop/ros2_ws/ros2_tutorial4/colcon_ws3/install/urdf_tutorial/share/urdf_tutorial/cmake/urdf_tutorialConfig.cmake
[0.092s] -- Up-to-date: /home/guilhermecabaco/Desktop/ros2_ws/ros2_tutorial4/colcon_ws3/install/urdf_tutorial/share/urdf_tutorial/cmake/urdf_tutorialConfig-version.cmake
[0.092s] -- Up-to-date: /home/guilhermecabaco/Desktop/ros2_ws/ros2_tutorial4/colcon_ws3/install/urdf_tutorial/share/urdf_tutorial/package.xml
[0.092s] Invoked command in '/home/guilhermecabaco/Desktop/ros2_ws/ros2_tutorial4/colcon_ws3/build/urdf_tutorial' returned '0': CMAKE_PREFIX_PATH=${CMAKE_PREFIX_PATH}:/home/guilhermecabaco/Desktop/ros2_ws/tutoriais_ros2/install/temperature_monitor:/opt/ros/jazzy DEBUGINFOD_URLS=https://debuginfod.ubuntu.com /usr/bin/cmake --install /home/guilhermecabaco/Desktop/ros2_ws/ros2_tutorial4/colcon_ws3/build/urdf_tutorial
