[0.079s] DEBUG:colcon:Command line arguments: ['/usr/bin/colcon', 'build', '--packages-up-to', 'urdf_tutorial']
[0.079s] DEBUG:colcon:Parsed command line arguments: Namespace(log_base=None, log_level=None, verb_name='build', build_base='build', install_base='install', merge_install=False, symlink_install=False, test_result_base=None, continue_on_error=False, executor='parallel', parallel_workers=12, event_handlers=None, ignore_user_meta=False, metas=['./colcon.meta'], base_paths=['.'], packages_ignore=None, packages_ignore_regex=None, paths=None, packages_up_to=['urdf_tutorial'], packages_up_to_regex=None, packages_above=None, packages_above_and_dependencies=None, packages_above_depth=None, packages_select_by_dep=None, packages_skip_by_dep=None, packages_skip_up_to=None, packages_select_build_failed=False, packages_skip_build_finished=False, packages_select_test_failures=False, packages_skip_test_passed=False, packages_select=None, packages_skip=None, packages_select_regex=None, packages_skip_regex=None, packages_start=None, packages_end=None, cmake_args=None, cmake_target=None, cmake_target_skip_unavailable=False, cmake_clean_cache=False, cmake_clean_first=False, cmake_force_configure=False, ament_cmake_args=None, catkin_cmake_args=None, catkin_skip_building_tests=False, verb_parser=<colcon_defaults.argument_parser.defaults.DefaultArgumentsDecorator object at 0x77aa8131c4a0>, verb_extension=<colcon_core.verb.build.BuildVerb object at 0x77aa8131c2c0>, main=<bound method BuildVerb.main of <colcon_core.verb.build.BuildVerb object at 0x77aa8131c2c0>>)
[0.111s] Level 1:colcon.colcon_core.package_discovery:discover_packages(colcon_meta) check parameters
[0.111s] Level 1:colcon.colcon_core.package_discovery:discover_packages(recursive) check parameters
[0.111s] Level 1:colcon.colcon_core.package_discovery:discover_packages(ignore) check parameters
[0.111s] Level 1:colcon.colcon_core.package_discovery:discover_packages(path) check parameters
[0.111s] Level 1:colcon.colcon_core.package_discovery:discover_packages(colcon_meta) discover
[0.111s] Level 1:colcon.colcon_core.package_discovery:discover_packages(recursive) discover
[0.111s] INFO:colcon.colcon_core.package_discovery:Crawling recursively for packages in '/home/guilhermecabaco/Desktop/ros2_ws/ros2_tutorial4/colcon_ws3/src'
[0.111s] Level 1:colcon.colcon_core.package_identification:_identify(.) by extensions ['ignore', 'ignore_ament_install']
[0.111s] Level 1:colcon.colcon_core.package_identification:_identify(.) by extension 'ignore'
[0.111s] Level 1:colcon.colcon_core.package_identification:_identify(.) by extension 'ignore_ament_install'
[0.111s] Level 1:colcon.colcon_core.package_identification:_identify(.) by extensions ['colcon_pkg']
[0.111s] Level 1:colcon.colcon_core.package_identification:_identify(.) by extension 'colcon_pkg'
[0.112s] Level 1:colcon.colcon_core.package_identification:_identify(.) by extensions ['colcon_meta']
[0.112s] Level 1:colcon.colcon_core.package_identification:_identify(.) by extension 'colcon_meta'
[0.112s] Level 1:colcon.colcon_core.package_identification:_identify(.) by extensions ['ros']
[0.112s] Level 1:colcon.colcon_core.package_identification:_identify(.) by extension 'ros'
[0.132s] Level 1:colcon.colcon_core.package_identification:_identify(.) by extensions ['cmake', 'python']
[0.132s] Level 1:colcon.colcon_core.package_identification:_identify(.) by extension 'cmake'
[0.132s] Level 1:colcon.colcon_core.package_identification:_identify(.) by extension 'python'
[0.132s] Level 1:colcon.colcon_core.package_identification:_identify(.) by extensions ['python_setup_py']
[0.132s] Level 1:colcon.colcon_core.package_identification:_identify(.) by extension 'python_setup_py'
[0.132s] Level 1:colcon.colcon_core.package_identification:_identify(build) by extensions ['ignore', 'ignore_ament_install']
[0.132s] Level 1:colcon.colcon_core.package_identification:_identify(build) by extension 'ignore'
[0.132s] Level 1:colcon.colcon_core.package_identification:_identify(build) ignored
[0.132s] Level 1:colcon.colcon_core.package_identification:_identify(custom_interfaces) by extensions ['ignore', 'ignore_ament_install']
[0.132s] Level 1:colcon.colcon_core.package_identification:_identify(custom_interfaces) by extension 'ignore'
[0.132s] Level 1:colcon.colcon_core.package_identification:_identify(custom_interfaces) by extension 'ignore_ament_install'
[0.132s] Level 1:colcon.colcon_core.package_identification:_identify(custom_interfaces) by extensions ['colcon_pkg']
[0.132s] Level 1:colcon.colcon_core.package_identification:_identify(custom_interfaces) by extension 'colcon_pkg'
[0.132s] Level 1:colcon.colcon_core.package_identification:_identify(custom_interfaces) by extensions ['colcon_meta']
[0.132s] Level 1:colcon.colcon_core.package_identification:_identify(custom_interfaces) by extension 'colcon_meta'
[0.132s] Level 1:colcon.colcon_core.package_identification:_identify(custom_interfaces) by extensions ['ros']
[0.132s] Level 1:colcon.colcon_core.package_identification:_identify(custom_interfaces) by extension 'ros'
[0.134s] DEBUG:colcon.colcon_core.package_identification:Package 'custom_interfaces' with type 'ros.ament_cmake' and name 'custom_interfaces'
[0.134s] Level 1:colcon.colcon_core.package_identification:_identify(install) by extensions ['ignore', 'ignore_ament_install']
[0.134s] Level 1:colcon.colcon_core.package_identification:_identify(install) by extension 'ignore'
[0.134s] Level 1:colcon.colcon_core.package_identification:_identify(install) ignored
[0.135s] Level 1:colcon.colcon_core.package_identification:_identify(learning_tf2) by extensions ['ignore', 'ignore_ament_install']
[0.135s] Level 1:colcon.colcon_core.package_identification:_identify(learning_tf2) by extension 'ignore'
[0.135s] Level 1:colcon.colcon_core.package_identification:_identify(learning_tf2) by extension 'ignore_ament_install'
[0.135s] Level 1:colcon.colcon_core.package_identification:_identify(learning_tf2) by extensions ['colcon_pkg']
[0.135s] Level 1:colcon.colcon_core.package_identification:_identify(learning_tf2) by extension 'colcon_pkg'
[0.135s] Level 1:colcon.colcon_core.package_identification:_identify(learning_tf2) by extensions ['colcon_meta']
[0.135s] Level 1:colcon.colcon_core.package_identification:_identify(learning_tf2) by extension 'colcon_meta'
[0.135s] Level 1:colcon.colcon_core.package_identification:_identify(learning_tf2) by extensions ['ros']
[0.135s] Level 1:colcon.colcon_core.package_identification:_identify(learning_tf2) by extension 'ros'
[0.135s] DEBUG:colcon.colcon_core.package_identification:Package 'learning_tf2' with type 'ros.ament_cmake' and name 'learning_tf2'
[0.135s] Level 1:colcon.colcon_core.package_identification:_identify(log) by extensions ['ignore', 'ignore_ament_install']
[0.135s] Level 1:colcon.colcon_core.package_identification:_identify(log) by extension 'ignore'
[0.135s] Level 1:colcon.colcon_core.package_identification:_identify(log) ignored
[0.136s] Level 1:colcon.colcon_core.package_identification:_identify(pubsub_custom_param) by extensions ['ignore', 'ignore_ament_install']
[0.136s] Level 1:colcon.colcon_core.package_identification:_identify(pubsub_custom_param) by extension 'ignore'
[0.136s] Level 1:colcon.colcon_core.package_identification:_identify(pubsub_custom_param) by extension 'ignore_ament_install'
[0.136s] Level 1:colcon.colcon_core.package_identification:_identify(pubsub_custom_param) by extensions ['colcon_pkg']
[0.136s] Level 1:colcon.colcon_core.package_identification:_identify(pubsub_custom_param) by extension 'colcon_pkg'
[0.136s] Level 1:colcon.colcon_core.package_identification:_identify(pubsub_custom_param) by extensions ['colcon_meta']
[0.136s] Level 1:colcon.colcon_core.package_identification:_identify(pubsub_custom_param) by extension 'colcon_meta'
[0.136s] Level 1:colcon.colcon_core.package_identification:_identify(pubsub_custom_param) by extensions ['ros']
[0.136s] Level 1:colcon.colcon_core.package_identification:_identify(pubsub_custom_param) by extension 'ros'
[0.136s] DEBUG:colcon.colcon_core.package_identification:Package 'pubsub_custom_param' with type 'ros.ament_cmake' and name 'pubsub_custom_param'
[0.136s] Level 1:colcon.colcon_core.package_identification:_identify(rviz2_marker_demo) by extensions ['ignore', 'ignore_ament_install']
[0.136s] Level 1:colcon.colcon_core.package_identification:_identify(rviz2_marker_demo) by extension 'ignore'
[0.136s] Level 1:colcon.colcon_core.package_identification:_identify(rviz2_marker_demo) by extension 'ignore_ament_install'
[0.136s] Level 1:colcon.colcon_core.package_identification:_identify(rviz2_marker_demo) by extensions ['colcon_pkg']
[0.137s] Level 1:colcon.colcon_core.package_identification:_identify(rviz2_marker_demo) by extension 'colcon_pkg'
[0.137s] Level 1:colcon.colcon_core.package_identification:_identify(rviz2_marker_demo) by extensions ['colcon_meta']
[0.137s] Level 1:colcon.colcon_core.package_identification:_identify(rviz2_marker_demo) by extension 'colcon_meta'
[0.137s] Level 1:colcon.colcon_core.package_identification:_identify(rviz2_marker_demo) by extensions ['ros']
[0.137s] Level 1:colcon.colcon_core.package_identification:_identify(rviz2_marker_demo) by extension 'ros'
[0.138s] DEBUG:colcon.colcon_core.package_identification:Package 'rviz2_marker_demo' with type 'ros.ament_cmake' and name 'rviz2_marker_demo'
[0.138s] Level 1:colcon.colcon_core.package_identification:_identify(urdf_tutorial) by extensions ['ignore', 'ignore_ament_install']
[0.138s] Level 1:colcon.colcon_core.package_identification:_identify(urdf_tutorial) by extension 'ignore'
[0.138s] Level 1:colcon.colcon_core.package_identification:_identify(urdf_tutorial) by extension 'ignore_ament_install'
[0.138s] Level 1:colcon.colcon_core.package_identification:_identify(urdf_tutorial) by extensions ['colcon_pkg']
[0.138s] Level 1:colcon.colcon_core.package_identification:_identify(urdf_tutorial) by extension 'colcon_pkg'
[0.138s] Level 1:colcon.colcon_core.package_identification:_identify(urdf_tutorial) by extensions ['colcon_meta']
[0.138s] Level 1:colcon.colcon_core.package_identification:_identify(urdf_tutorial) by extension 'colcon_meta'
[0.138s] Level 1:colcon.colcon_core.package_identification:_identify(urdf_tutorial) by extensions ['ros']
[0.138s] Level 1:colcon.colcon_core.package_identification:_identify(urdf_tutorial) by extension 'ros'
[0.138s] DEBUG:colcon.colcon_core.package_identification:Package 'urdf_tutorial' with type 'ros.ament_cmake' and name 'urdf_tutorial'
[0.138s] Level 1:colcon.colcon_core.package_discovery:discover_packages(recursive) using defaults
[0.138s] Level 1:colcon.colcon_core.package_discovery:discover_packages(ignore) discover
[0.139s] Level 1:colcon.colcon_core.package_discovery:discover_packages(ignore) using defaults
[0.139s] Level 1:colcon.colcon_core.package_discovery:discover_packages(path) discover
[0.139s] Level 1:colcon.colcon_core.package_discovery:discover_packages(path) using defaults
[0.152s] INFO:colcon.colcon_core.package_selection:Skipping package 'pubsub_custom_param' in 'pubsub_custom_param'
[0.152s] INFO:colcon.colcon_core.package_selection:Skipping package 'rviz2_marker_demo' in 'rviz2_marker_demo'
[0.152s] INFO:colcon.colcon_core.package_selection:Skipping package 'learning_tf2' in 'learning_tf2'
[0.152s] INFO:colcon.colcon_core.package_selection:Skipping package 'custom_interfaces' in 'custom_interfaces'
[0.153s] Level 5:colcon.colcon_core.verb:set package 'urdf_tutorial' build argument 'cmake_args' from command line to 'None'
[0.153s] Level 5:colcon.colcon_core.verb:set package 'urdf_tutorial' build argument 'cmake_target' from command line to 'None'
[0.153s] Level 5:colcon.colcon_core.verb:set package 'urdf_tutorial' build argument 'cmake_target_skip_unavailable' from command line to 'False'
[0.153s] Level 5:colcon.colcon_core.verb:set package 'urdf_tutorial' build argument 'cmake_clean_cache' from command line to 'False'
[0.153s] Level 5:colcon.colcon_core.verb:set package 'urdf_tutorial' build argument 'cmake_clean_first' from command line to 'False'
[0.153s] Level 5:colcon.colcon_core.verb:set package 'urdf_tutorial' build argument 'cmake_force_configure' from command line to 'False'
[0.153s] Level 5:colcon.colcon_core.verb:set package 'urdf_tutorial' build argument 'ament_cmake_args' from command line to 'None'
[0.153s] Level 5:colcon.colcon_core.verb:set package 'urdf_tutorial' build argument 'catkin_cmake_args' from command line to 'None'
[0.153s] Level 5:colcon.colcon_core.verb:set package 'urdf_tutorial' build argument 'catkin_skip_building_tests' from command line to 'False'
[0.153s] DEBUG:colcon.colcon_core.verb:Building package 'urdf_tutorial' with the following arguments: {'ament_cmake_args': None, 'build_base': '/home/guilhermecabaco/Desktop/ros2_ws/ros2_tutorial4/colcon_ws3/src/build/urdf_tutorial', 'catkin_cmake_args': None, 'catkin_skip_building_tests': False, 'cmake_args': None, 'cmake_clean_cache': False, 'cmake_clean_first': False, 'cmake_force_configure': False, 'cmake_target': None, 'cmake_target_skip_unavailable': False, 'install_base': '/home/guilhermecabaco/Desktop/ros2_ws/ros2_tutorial4/colcon_ws3/src/install/urdf_tutorial', 'merge_install': False, 'path': '/home/guilhermecabaco/Desktop/ros2_ws/ros2_tutorial4/colcon_ws3/src/urdf_tutorial', 'symlink_install': False, 'test_result_base': None}
[0.153s] INFO:colcon.colcon_core.executor:Executing jobs using 'parallel' executor
[0.154s] DEBUG:colcon.colcon_parallel_executor.executor.parallel:run_until_complete
[0.154s] INFO:colcon.colcon_ros.task.ament_cmake.build:Building ROS package in '/home/guilhermecabaco/Desktop/ros2_ws/ros2_tutorial4/colcon_ws3/src/urdf_tutorial' with build type 'ament_cmake'
[0.154s] INFO:colcon.colcon_cmake.task.cmake.build:Building CMake package in '/home/guilhermecabaco/Desktop/ros2_ws/ros2_tutorial4/colcon_ws3/src/urdf_tutorial'
[0.155s] INFO:colcon.colcon_core.plugin_system:Skipping extension 'colcon_core.shell.bat': Not used on non-Windows systems
[0.155s] DEBUG:colcon.colcon_core.shell:Skip shell extension 'dsv' for command environment
[0.165s] DEBUG:colcon.colcon_core.event_handler.log_command:Invoking command in '/home/guilhermecabaco/Desktop/ros2_ws/ros2_tutorial4/colcon_ws3/src/build/urdf_tutorial': CMAKE_PREFIX_PATH=${CMAKE_PREFIX_PATH}:/home/guilhermecabaco/Desktop/ros2_ws/tutoriais_ros2/install/temperature_monitor:/opt/ros/jazzy DEBUGINFOD_URLS=https://debuginfod.ubuntu.com /usr/bin/cmake /home/guilhermecabaco/Desktop/ros2_ws/ros2_tutorial4/colcon_ws3/src/urdf_tutorial -DCMAKE_INSTALL_PREFIX=/home/guilhermecabaco/Desktop/ros2_ws/ros2_tutorial4/colcon_ws3/src/install/urdf_tutorial
[1.499s] DEBUG:colcon.colcon_core.event_handler.log_command:Invoked command in '/home/guilhermecabaco/Desktop/ros2_ws/ros2_tutorial4/colcon_ws3/src/build/urdf_tutorial' returned '0': CMAKE_PREFIX_PATH=${CMAKE_PREFIX_PATH}:/home/guilhermecabaco/Desktop/ros2_ws/tutoriais_ros2/install/temperature_monitor:/opt/ros/jazzy DEBUGINFOD_URLS=https://debuginfod.ubuntu.com /usr/bin/cmake /home/guilhermecabaco/Desktop/ros2_ws/ros2_tutorial4/colcon_ws3/src/urdf_tutorial -DCMAKE_INSTALL_PREFIX=/home/guilhermecabaco/Desktop/ros2_ws/ros2_tutorial4/colcon_ws3/src/install/urdf_tutorial
[1.500s] DEBUG:colcon.colcon_core.event_handler.log_command:Invoking command in '/home/guilhermecabaco/Desktop/ros2_ws/ros2_tutorial4/colcon_ws3/src/build/urdf_tutorial': CMAKE_PREFIX_PATH=${CMAKE_PREFIX_PATH}:/home/guilhermecabaco/Desktop/ros2_ws/tutoriais_ros2/install/temperature_monitor:/opt/ros/jazzy DEBUGINFOD_URLS=https://debuginfod.ubuntu.com /usr/bin/cmake --build /home/guilhermecabaco/Desktop/ros2_ws/ros2_tutorial4/colcon_ws3/src/build/urdf_tutorial -- -j12 -l12
[1.543s] DEBUG:colcon.colcon_core.event_handler.log_command:Invoked command in '/home/guilhermecabaco/Desktop/ros2_ws/ros2_tutorial4/colcon_ws3/src/build/urdf_tutorial' returned '0': CMAKE_PREFIX_PATH=${CMAKE_PREFIX_PATH}:/home/guilhermecabaco/Desktop/ros2_ws/tutoriais_ros2/install/temperature_monitor:/opt/ros/jazzy DEBUGINFOD_URLS=https://debuginfod.ubuntu.com /usr/bin/cmake --build /home/guilhermecabaco/Desktop/ros2_ws/ros2_tutorial4/colcon_ws3/src/build/urdf_tutorial -- -j12 -l12
[1.556s] DEBUG:colcon.colcon_core.event_handler.log_command:Invoking command in '/home/guilhermecabaco/Desktop/ros2_ws/ros2_tutorial4/colcon_ws3/src/build/urdf_tutorial': CMAKE_PREFIX_PATH=${CMAKE_PREFIX_PATH}:/home/guilhermecabaco/Desktop/ros2_ws/tutoriais_ros2/install/temperature_monitor:/opt/ros/jazzy DEBUGINFOD_URLS=https://debuginfod.ubuntu.com /usr/bin/cmake --install /home/guilhermecabaco/Desktop/ros2_ws/ros2_tutorial4/colcon_ws3/src/build/urdf_tutorial
[1.572s] Level 1:colcon.colcon_core.environment:create_environment_scripts_only(urdf_tutorial)
[1.572s] DEBUG:colcon.colcon_core.event_handler.log_command:Invoked command in '/home/guilhermecabaco/Desktop/ros2_ws/ros2_tutorial4/colcon_ws3/src/build/urdf_tutorial' returned '0': CMAKE_PREFIX_PATH=${CMAKE_PREFIX_PATH}:/home/guilhermecabaco/Desktop/ros2_ws/tutoriais_ros2/install/temperature_monitor:/opt/ros/jazzy DEBUGINFOD_URLS=https://debuginfod.ubuntu.com /usr/bin/cmake --install /home/guilhermecabaco/Desktop/ros2_ws/ros2_tutorial4/colcon_ws3/src/build/urdf_tutorial
[1.574s] Level 1:colcon.colcon_core.environment:checking '/home/guilhermecabaco/Desktop/ros2_ws/ros2_tutorial4/colcon_ws3/src/install/urdf_tutorial' for CMake module files
[1.574s] Level 1:colcon.colcon_core.environment:checking '/home/guilhermecabaco/Desktop/ros2_ws/ros2_tutorial4/colcon_ws3/src/install/urdf_tutorial' for CMake config files
[1.574s] Level 1:colcon.colcon_core.shell:create_environment_hook('urdf_tutorial', 'cmake_prefix_path')
[1.575s] INFO:colcon.colcon_core.shell:Creating environment descriptor '/home/guilhermecabaco/Desktop/ros2_ws/ros2_tutorial4/colcon_ws3/src/install/urdf_tutorial/share/urdf_tutorial/hook/cmake_prefix_path.dsv'
[1.575s] INFO:colcon.colcon_core.shell:Creating environment hook '/home/guilhermecabaco/Desktop/ros2_ws/ros2_tutorial4/colcon_ws3/src/install/urdf_tutorial/share/urdf_tutorial/hook/cmake_prefix_path.sh'
[1.576s] Level 1:colcon.colcon_core.environment:checking '/home/guilhermecabaco/Desktop/ros2_ws/ros2_tutorial4/colcon_ws3/src/install/urdf_tutorial/bin'
[1.576s] Level 1:colcon.colcon_core.environment:checking '/home/guilhermecabaco/Desktop/ros2_ws/ros2_tutorial4/colcon_ws3/src/install/urdf_tutorial/lib/pkgconfig/urdf_tutorial.pc'
[1.577s] Level 1:colcon.colcon_core.environment:checking '/home/guilhermecabaco/Desktop/ros2_ws/ros2_tutorial4/colcon_ws3/src/install/urdf_tutorial/lib/python3.12/site-packages'
[1.577s] Level 1:colcon.colcon_core.environment:checking '/home/guilhermecabaco/Desktop/ros2_ws/ros2_tutorial4/colcon_ws3/src/install/urdf_tutorial/bin'
[1.578s] INFO:colcon.colcon_core.shell:Creating package descriptor '/home/guilhermecabaco/Desktop/ros2_ws/ros2_tutorial4/colcon_ws3/src/install/urdf_tutorial/share/urdf_tutorial/package.dsv'
[1.578s] INFO:colcon.colcon_core.shell:Creating package script '/home/guilhermecabaco/Desktop/ros2_ws/ros2_tutorial4/colcon_ws3/src/install/urdf_tutorial/share/urdf_tutorial/package.sh'
[1.578s] INFO:colcon.colcon_core.shell:Creating package script '/home/guilhermecabaco/Desktop/ros2_ws/ros2_tutorial4/colcon_ws3/src/install/urdf_tutorial/share/urdf_tutorial/package.bash'
[1.579s] INFO:colcon.colcon_core.shell:Creating package script '/home/guilhermecabaco/Desktop/ros2_ws/ros2_tutorial4/colcon_ws3/src/install/urdf_tutorial/share/urdf_tutorial/package.zsh'
[1.579s] Level 1:colcon.colcon_core.environment:create_file_with_runtime_dependencies(/home/guilhermecabaco/Desktop/ros2_ws/ros2_tutorial4/colcon_ws3/src/install/urdf_tutorial/share/colcon-core/packages/urdf_tutorial)
[1.580s] Level 1:colcon.colcon_core.environment:create_environment_scripts_only(urdf_tutorial)
[1.580s] Level 1:colcon.colcon_core.environment:checking '/home/guilhermecabaco/Desktop/ros2_ws/ros2_tutorial4/colcon_ws3/src/install/urdf_tutorial' for CMake module files
[1.580s] Level 1:colcon.colcon_core.environment:checking '/home/guilhermecabaco/Desktop/ros2_ws/ros2_tutorial4/colcon_ws3/src/install/urdf_tutorial' for CMake config files
[1.580s] Level 1:colcon.colcon_core.shell:create_environment_hook('urdf_tutorial', 'cmake_prefix_path')
[1.581s] INFO:colcon.colcon_core.shell:Creating environment descriptor '/home/guilhermecabaco/Desktop/ros2_ws/ros2_tutorial4/colcon_ws3/src/install/urdf_tutorial/share/urdf_tutorial/hook/cmake_prefix_path.dsv'
[1.581s] INFO:colcon.colcon_core.shell:Creating environment hook '/home/guilhermecabaco/Desktop/ros2_ws/ros2_tutorial4/colcon_ws3/src/install/urdf_tutorial/share/urdf_tutorial/hook/cmake_prefix_path.sh'
[1.581s] Level 1:colcon.colcon_core.environment:checking '/home/guilhermecabaco/Desktop/ros2_ws/ros2_tutorial4/colcon_ws3/src/install/urdf_tutorial/bin'
[1.581s] Level 1:colcon.colcon_core.environment:checking '/home/guilhermecabaco/Desktop/ros2_ws/ros2_tutorial4/colcon_ws3/src/install/urdf_tutorial/lib/pkgconfig/urdf_tutorial.pc'
[1.581s] Level 1:colcon.colcon_core.environment:checking '/home/guilhermecabaco/Desktop/ros2_ws/ros2_tutorial4/colcon_ws3/src/install/urdf_tutorial/lib/python3.12/site-packages'
[1.582s] Level 1:colcon.colcon_core.environment:checking '/home/guilhermecabaco/Desktop/ros2_ws/ros2_tutorial4/colcon_ws3/src/install/urdf_tutorial/bin'
[1.582s] INFO:colcon.colcon_core.shell:Creating package descriptor '/home/guilhermecabaco/Desktop/ros2_ws/ros2_tutorial4/colcon_ws3/src/install/urdf_tutorial/share/urdf_tutorial/package.dsv'
[1.582s] INFO:colcon.colcon_core.shell:Creating package script '/home/guilhermecabaco/Desktop/ros2_ws/ros2_tutorial4/colcon_ws3/src/install/urdf_tutorial/share/urdf_tutorial/package.sh'
[1.582s] INFO:colcon.colcon_core.shell:Creating package script '/home/guilhermecabaco/Desktop/ros2_ws/ros2_tutorial4/colcon_ws3/src/install/urdf_tutorial/share/urdf_tutorial/package.bash'
[1.583s] INFO:colcon.colcon_core.shell:Creating package script '/home/guilhermecabaco/Desktop/ros2_ws/ros2_tutorial4/colcon_ws3/src/install/urdf_tutorial/share/urdf_tutorial/package.zsh'
[1.583s] Level 1:colcon.colcon_core.environment:create_file_with_runtime_dependencies(/home/guilhermecabaco/Desktop/ros2_ws/ros2_tutorial4/colcon_ws3/src/install/urdf_tutorial/share/colcon-core/packages/urdf_tutorial)
[1.583s] DEBUG:colcon.colcon_parallel_executor.executor.parallel:closing loop
[1.583s] DEBUG:colcon.colcon_parallel_executor.executor.parallel:loop closed
[1.583s] DEBUG:colcon.colcon_parallel_executor.executor.parallel:run_until_complete finished with '0'
[1.583s] DEBUG:colcon.colcon_core.event_reactor:joining thread
[1.588s] INFO:colcon.colcon_core.plugin_system:Skipping extension 'colcon_notification.desktop_notification.terminal_notifier': Not used on non-Darwin systems
[1.588s] INFO:colcon.colcon_core.plugin_system:Skipping extension 'colcon_notification.desktop_notification.win32': Not used on non-Windows systems
[1.588s] INFO:colcon.colcon_notification.desktop_notification:Sending desktop notification using 'notify2'
[1.636s] DEBUG:colcon.colcon_core.event_reactor:joined thread
[1.637s] INFO:colcon.colcon_core.shell:Creating prefix script '/home/guilhermecabaco/Desktop/ros2_ws/ros2_tutorial4/colcon_ws3/src/install/local_setup.sh'
[1.637s] INFO:colcon.colcon_core.shell:Creating prefix util module '/home/guilhermecabaco/Desktop/ros2_ws/ros2_tutorial4/colcon_ws3/src/install/_local_setup_util_sh.py'
[1.638s] INFO:colcon.colcon_core.shell:Creating prefix chain script '/home/guilhermecabaco/Desktop/ros2_ws/ros2_tutorial4/colcon_ws3/src/install/setup.sh'
[1.639s] INFO:colcon.colcon_core.shell:Creating prefix script '/home/guilhermecabaco/Desktop/ros2_ws/ros2_tutorial4/colcon_ws3/src/install/local_setup.bash'
[1.639s] INFO:colcon.colcon_core.shell:Creating prefix chain script '/home/guilhermecabaco/Desktop/ros2_ws/ros2_tutorial4/colcon_ws3/src/install/setup.bash'
[1.641s] INFO:colcon.colcon_core.shell:Creating prefix script '/home/guilhermecabaco/Desktop/ros2_ws/ros2_tutorial4/colcon_ws3/src/install/local_setup.zsh'
[1.642s] INFO:colcon.colcon_core.shell:Creating prefix chain script '/home/guilhermecabaco/Desktop/ros2_ws/ros2_tutorial4/colcon_ws3/src/install/setup.zsh'
