[0.086s] DEBUG:colcon:Command line arguments: ['/usr/bin/colcon', 'build']
[0.086s] DEBUG:colcon:Parsed command line arguments: Namespace(log_base=None, log_level=None, verb_name='build', build_base='build', install_base='install', merge_install=False, symlink_install=False, test_result_base=None, continue_on_error=False, executor='parallel', parallel_workers=12, event_handlers=None, ignore_user_meta=False, metas=['./colcon.meta'], base_paths=['.'], packages_ignore=None, packages_ignore_regex=None, paths=None, packages_up_to=None, packages_up_to_regex=None, packages_above=None, packages_above_and_dependencies=None, packages_above_depth=None, packages_select_by_dep=None, packages_skip_by_dep=None, packages_skip_up_to=None, packages_select_build_failed=False, packages_skip_build_finished=False, packages_select_test_failures=False, packages_skip_test_passed=False, packages_select=None, packages_skip=None, packages_select_regex=None, packages_skip_regex=None, packages_start=None, packages_end=None, cmake_args=None, cmake_target=None, cmake_target_skip_unavailable=False, cmake_clean_cache=False, cmake_clean_first=False, cmake_force_configure=False, ament_cmake_args=None, catkin_cmake_args=None, catkin_skip_building_tests=False, verb_parser=<colcon_defaults.argument_parser.defaults.DefaultArgumentsDecorator object at 0x766d86420320>, verb_extension=<colcon_core.verb.build.BuildVerb object at 0x766d86420200>, main=<bound method BuildVerb.main of <colcon_core.verb.build.BuildVerb object at 0x766d86420200>>)
[0.119s] Level 1:colcon.colcon_core.package_discovery:discover_packages(colcon_meta) check parameters
[0.119s] Level 1:colcon.colcon_core.package_discovery:discover_packages(recursive) check parameters
[0.119s] Level 1:colcon.colcon_core.package_discovery:discover_packages(ignore) check parameters
[0.119s] Level 1:colcon.colcon_core.package_discovery:discover_packages(path) check parameters
[0.119s] Level 1:colcon.colcon_core.package_discovery:discover_packages(colcon_meta) discover
[0.119s] Level 1:colcon.colcon_core.package_discovery:discover_packages(recursive) discover
[0.119s] INFO:colcon.colcon_core.package_discovery:Crawling recursively for packages in '/home/guilhermecabaco/Desktop/ros2_ws/ros2_tutorial4/colcon_ws3'
[0.119s] Level 1:colcon.colcon_core.package_identification:_identify(.) by extensions ['ignore', 'ignore_ament_install']
[0.119s] Level 1:colcon.colcon_core.package_identification:_identify(.) by extension 'ignore'
[0.119s] Level 1:colcon.colcon_core.package_identification:_identify(.) by extension 'ignore_ament_install'
[0.119s] Level 1:colcon.colcon_core.package_identification:_identify(.) by extensions ['colcon_pkg']
[0.119s] Level 1:colcon.colcon_core.package_identification:_identify(.) by extension 'colcon_pkg'
[0.119s] Level 1:colcon.colcon_core.package_identification:_identify(.) by extensions ['colcon_meta']
[0.119s] Level 1:colcon.colcon_core.package_identification:_identify(.) by extension 'colcon_meta'
[0.119s] Level 1:colcon.colcon_core.package_identification:_identify(.) by extensions ['ros']
[0.119s] Level 1:colcon.colcon_core.package_identification:_identify(.) by extension 'ros'
[0.140s] Level 1:colcon.colcon_core.package_identification:_identify(.) by extensions ['cmake', 'python']
[0.140s] Level 1:colcon.colcon_core.package_identification:_identify(.) by extension 'cmake'
[0.140s] Level 1:colcon.colcon_core.package_identification:_identify(.) by extension 'python'
[0.140s] Level 1:colcon.colcon_core.package_identification:_identify(.) by extensions ['python_setup_py']
[0.140s] Level 1:colcon.colcon_core.package_identification:_identify(.) by extension 'python_setup_py'
[0.140s] Level 1:colcon.colcon_core.package_identification:_identify(build) by extensions ['ignore', 'ignore_ament_install']
[0.140s] Level 1:colcon.colcon_core.package_identification:_identify(build) by extension 'ignore'
[0.140s] Level 1:colcon.colcon_core.package_identification:_identify(build) ignored
[0.140s] Level 1:colcon.colcon_core.package_identification:_identify(install) by extensions ['ignore', 'ignore_ament_install']
[0.140s] Level 1:colcon.colcon_core.package_identification:_identify(install) by extension 'ignore'
[0.140s] Level 1:colcon.colcon_core.package_identification:_identify(install) ignored
[0.140s] Level 1:colcon.colcon_core.package_identification:_identify(log) by extensions ['ignore', 'ignore_ament_install']
[0.140s] Level 1:colcon.colcon_core.package_identification:_identify(log) by extension 'ignore'
[0.140s] Level 1:colcon.colcon_core.package_identification:_identify(log) ignored
[0.140s] Level 1:colcon.colcon_core.package_identification:_identify(src) by extensions ['ignore', 'ignore_ament_install']
[0.140s] Level 1:colcon.colcon_core.package_identification:_identify(src) by extension 'ignore'
[0.140s] Level 1:colcon.colcon_core.package_identification:_identify(src) by extension 'ignore_ament_install'
[0.140s] Level 1:colcon.colcon_core.package_identification:_identify(src) by extensions ['colcon_pkg']
[0.140s] Level 1:colcon.colcon_core.package_identification:_identify(src) by extension 'colcon_pkg'
[0.140s] Level 1:colcon.colcon_core.package_identification:_identify(src) by extensions ['colcon_meta']
[0.141s] Level 1:colcon.colcon_core.package_identification:_identify(src) by extension 'colcon_meta'
[0.141s] Level 1:colcon.colcon_core.package_identification:_identify(src) by extensions ['ros']
[0.141s] Level 1:colcon.colcon_core.package_identification:_identify(src) by extension 'ros'
[0.141s] Level 1:colcon.colcon_core.package_identification:_identify(src) by extensions ['cmake', 'python']
[0.141s] Level 1:colcon.colcon_core.package_identification:_identify(src) by extension 'cmake'
[0.141s] Level 1:colcon.colcon_core.package_identification:_identify(src) by extension 'python'
[0.141s] Level 1:colcon.colcon_core.package_identification:_identify(src) by extensions ['python_setup_py']
[0.141s] Level 1:colcon.colcon_core.package_identification:_identify(src) by extension 'python_setup_py'
[0.141s] Level 1:colcon.colcon_core.package_identification:_identify(src/build) by extensions ['ignore', 'ignore_ament_install']
[0.141s] Level 1:colcon.colcon_core.package_identification:_identify(src/build) by extension 'ignore'
[0.141s] Level 1:colcon.colcon_core.package_identification:_identify(src/build) ignored
[0.141s] Level 1:colcon.colcon_core.package_identification:_identify(src/custom_interfaces) by extensions ['ignore', 'ignore_ament_install']
[0.141s] Level 1:colcon.colcon_core.package_identification:_identify(src/custom_interfaces) by extension 'ignore'
[0.141s] Level 1:colcon.colcon_core.package_identification:_identify(src/custom_interfaces) by extension 'ignore_ament_install'
[0.141s] Level 1:colcon.colcon_core.package_identification:_identify(src/custom_interfaces) by extensions ['colcon_pkg']
[0.141s] Level 1:colcon.colcon_core.package_identification:_identify(src/custom_interfaces) by extension 'colcon_pkg'
[0.141s] Level 1:colcon.colcon_core.package_identification:_identify(src/custom_interfaces) by extensions ['colcon_meta']
[0.141s] Level 1:colcon.colcon_core.package_identification:_identify(src/custom_interfaces) by extension 'colcon_meta'
[0.141s] Level 1:colcon.colcon_core.package_identification:_identify(src/custom_interfaces) by extensions ['ros']
[0.141s] Level 1:colcon.colcon_core.package_identification:_identify(src/custom_interfaces) by extension 'ros'
[0.143s] DEBUG:colcon.colcon_core.package_identification:Package 'src/custom_interfaces' with type 'ros.ament_cmake' and name 'custom_interfaces'
[0.143s] Level 1:colcon.colcon_core.package_identification:_identify(src/install) by extensions ['ignore', 'ignore_ament_install']
[0.143s] Level 1:colcon.colcon_core.package_identification:_identify(src/install) by extension 'ignore'
[0.143s] Level 1:colcon.colcon_core.package_identification:_identify(src/install) ignored
[0.143s] Level 1:colcon.colcon_core.package_identification:_identify(src/learning_tf2) by extensions ['ignore', 'ignore_ament_install']
[0.143s] Level 1:colcon.colcon_core.package_identification:_identify(src/learning_tf2) by extension 'ignore'
[0.143s] Level 1:colcon.colcon_core.package_identification:_identify(src/learning_tf2) by extension 'ignore_ament_install'
[0.143s] Level 1:colcon.colcon_core.package_identification:_identify(src/learning_tf2) by extensions ['colcon_pkg']
[0.143s] Level 1:colcon.colcon_core.package_identification:_identify(src/learning_tf2) by extension 'colcon_pkg'
[0.144s] Level 1:colcon.colcon_core.package_identification:_identify(src/learning_tf2) by extensions ['colcon_meta']
[0.144s] Level 1:colcon.colcon_core.package_identification:_identify(src/learning_tf2) by extension 'colcon_meta'
[0.144s] Level 1:colcon.colcon_core.package_identification:_identify(src/learning_tf2) by extensions ['ros']
[0.144s] Level 1:colcon.colcon_core.package_identification:_identify(src/learning_tf2) by extension 'ros'
[0.144s] DEBUG:colcon.colcon_core.package_identification:Package 'src/learning_tf2' with type 'ros.ament_cmake' and name 'learning_tf2'
[0.144s] Level 1:colcon.colcon_core.package_identification:_identify(src/log) by extensions ['ignore', 'ignore_ament_install']
[0.144s] Level 1:colcon.colcon_core.package_identification:_identify(src/log) by extension 'ignore'
[0.144s] Level 1:colcon.colcon_core.package_identification:_identify(src/log) ignored
[0.144s] Level 1:colcon.colcon_core.package_identification:_identify(src/pubsub_custom_param) by extensions ['ignore', 'ignore_ament_install']
[0.144s] Level 1:colcon.colcon_core.package_identification:_identify(src/pubsub_custom_param) by extension 'ignore'
[0.144s] Level 1:colcon.colcon_core.package_identification:_identify(src/pubsub_custom_param) by extension 'ignore_ament_install'
[0.145s] Level 1:colcon.colcon_core.package_identification:_identify(src/pubsub_custom_param) by extensions ['colcon_pkg']
[0.145s] Level 1:colcon.colcon_core.package_identification:_identify(src/pubsub_custom_param) by extension 'colcon_pkg'
[0.145s] Level 1:colcon.colcon_core.package_identification:_identify(src/pubsub_custom_param) by extensions ['colcon_meta']
[0.145s] Level 1:colcon.colcon_core.package_identification:_identify(src/pubsub_custom_param) by extension 'colcon_meta'
[0.145s] Level 1:colcon.colcon_core.package_identification:_identify(src/pubsub_custom_param) by extensions ['ros']
[0.145s] Level 1:colcon.colcon_core.package_identification:_identify(src/pubsub_custom_param) by extension 'ros'
[0.145s] DEBUG:colcon.colcon_core.package_identification:Package 'src/pubsub_custom_param' with type 'ros.ament_cmake' and name 'pubsub_custom_param'
[0.145s] Level 1:colcon.colcon_core.package_identification:_identify(src/rviz2_marker_demo) by extensions ['ignore', 'ignore_ament_install']
[0.145s] Level 1:colcon.colcon_core.package_identification:_identify(src/rviz2_marker_demo) by extension 'ignore'
[0.145s] Level 1:colcon.colcon_core.package_identification:_identify(src/rviz2_marker_demo) by extension 'ignore_ament_install'
[0.145s] Level 1:colcon.colcon_core.package_identification:_identify(src/rviz2_marker_demo) by extensions ['colcon_pkg']
[0.145s] Level 1:colcon.colcon_core.package_identification:_identify(src/rviz2_marker_demo) by extension 'colcon_pkg'
[0.145s] Level 1:colcon.colcon_core.package_identification:_identify(src/rviz2_marker_demo) by extensions ['colcon_meta']
[0.145s] Level 1:colcon.colcon_core.package_identification:_identify(src/rviz2_marker_demo) by extension 'colcon_meta'
[0.145s] Level 1:colcon.colcon_core.package_identification:_identify(src/rviz2_marker_demo) by extensions ['ros']
[0.145s] Level 1:colcon.colcon_core.package_identification:_identify(src/rviz2_marker_demo) by extension 'ros'
[0.146s] DEBUG:colcon.colcon_core.package_identification:Package 'src/rviz2_marker_demo' with type 'ros.ament_cmake' and name 'rviz2_marker_demo'
[0.146s] Level 1:colcon.colcon_core.package_identification:_identify(src/urdf_tutorial) by extensions ['ignore', 'ignore_ament_install']
[0.147s] Level 1:colcon.colcon_core.package_identification:_identify(src/urdf_tutorial) by extension 'ignore'
[0.147s] Level 1:colcon.colcon_core.package_identification:_identify(src/urdf_tutorial) by extension 'ignore_ament_install'
[0.147s] Level 1:colcon.colcon_core.package_identification:_identify(src/urdf_tutorial) by extensions ['colcon_pkg']
[0.147s] Level 1:colcon.colcon_core.package_identification:_identify(src/urdf_tutorial) by extension 'colcon_pkg'
[0.147s] Level 1:colcon.colcon_core.package_identification:_identify(src/urdf_tutorial) by extensions ['colcon_meta']
[0.147s] Level 1:colcon.colcon_core.package_identification:_identify(src/urdf_tutorial) by extension 'colcon_meta'
[0.147s] Level 1:colcon.colcon_core.package_identification:_identify(src/urdf_tutorial) by extensions ['ros']
[0.147s] Level 1:colcon.colcon_core.package_identification:_identify(src/urdf_tutorial) by extension 'ros'
[0.147s] DEBUG:colcon.colcon_core.package_identification:Package 'src/urdf_tutorial' with type 'ros.ament_cmake' and name 'urdf_tutorial'
[0.147s] Level 1:colcon.colcon_core.package_discovery:discover_packages(recursive) using defaults
[0.147s] Level 1:colcon.colcon_core.package_discovery:discover_packages(ignore) discover
[0.147s] Level 1:colcon.colcon_core.package_discovery:discover_packages(ignore) using defaults
[0.147s] Level 1:colcon.colcon_core.package_discovery:discover_packages(path) discover
[0.147s] Level 1:colcon.colcon_core.package_discovery:discover_packages(path) using defaults
[0.161s] Level 5:colcon.colcon_core.verb:set package 'custom_interfaces' build argument 'cmake_args' from command line to 'None'
[0.161s] Level 5:colcon.colcon_core.verb:set package 'custom_interfaces' build argument 'cmake_target' from command line to 'None'
[0.162s] Level 5:colcon.colcon_core.verb:set package 'custom_interfaces' build argument 'cmake_target_skip_unavailable' from command line to 'False'
[0.162s] Level 5:colcon.colcon_core.verb:set package 'custom_interfaces' build argument 'cmake_clean_cache' from command line to 'False'
[0.162s] Level 5:colcon.colcon_core.verb:set package 'custom_interfaces' build argument 'cmake_clean_first' from command line to 'False'
[0.162s] Level 5:colcon.colcon_core.verb:set package 'custom_interfaces' build argument 'cmake_force_configure' from command line to 'False'
[0.162s] Level 5:colcon.colcon_core.verb:set package 'custom_interfaces' build argument 'ament_cmake_args' from command line to 'None'
[0.162s] Level 5:colcon.colcon_core.verb:set package 'custom_interfaces' build argument 'catkin_cmake_args' from command line to 'None'
[0.162s] Level 5:colcon.colcon_core.verb:set package 'custom_interfaces' build argument 'catkin_skip_building_tests' from command line to 'False'
[0.162s] DEBUG:colcon.colcon_core.verb:Building package 'custom_interfaces' with the following arguments: {'ament_cmake_args': None, 'build_base': '/home/guilhermecabaco/Desktop/ros2_ws/ros2_tutorial4/colcon_ws3/build/custom_interfaces', 'catkin_cmake_args': None, 'catkin_skip_building_tests': False, 'cmake_args': None, 'cmake_clean_cache': False, 'cmake_clean_first': False, 'cmake_force_configure': False, 'cmake_target': None, 'cmake_target_skip_unavailable': False, 'install_base': '/home/guilhermecabaco/Desktop/ros2_ws/ros2_tutorial4/colcon_ws3/install/custom_interfaces', 'merge_install': False, 'path': '/home/guilhermecabaco/Desktop/ros2_ws/ros2_tutorial4/colcon_ws3/src/custom_interfaces', 'symlink_install': False, 'test_result_base': None}
[0.162s] Level 5:colcon.colcon_core.verb:set package 'learning_tf2' build argument 'cmake_args' from command line to 'None'
[0.162s] Level 5:colcon.colcon_core.verb:set package 'learning_tf2' build argument 'cmake_target' from command line to 'None'
[0.162s] Level 5:colcon.colcon_core.verb:set package 'learning_tf2' build argument 'cmake_target_skip_unavailable' from command line to 'False'
[0.162s] Level 5:colcon.colcon_core.verb:set package 'learning_tf2' build argument 'cmake_clean_cache' from command line to 'False'
[0.162s] Level 5:colcon.colcon_core.verb:set package 'learning_tf2' build argument 'cmake_clean_first' from command line to 'False'
[0.162s] Level 5:colcon.colcon_core.verb:set package 'learning_tf2' build argument 'cmake_force_configure' from command line to 'False'
[0.162s] Level 5:colcon.colcon_core.verb:set package 'learning_tf2' build argument 'ament_cmake_args' from command line to 'None'
[0.162s] Level 5:colcon.colcon_core.verb:set package 'learning_tf2' build argument 'catkin_cmake_args' from command line to 'None'
[0.162s] Level 5:colcon.colcon_core.verb:set package 'learning_tf2' build argument 'catkin_skip_building_tests' from command line to 'False'
[0.162s] DEBUG:colcon.colcon_core.verb:Building package 'learning_tf2' with the following arguments: {'ament_cmake_args': None, 'build_base': '/home/guilhermecabaco/Desktop/ros2_ws/ros2_tutorial4/colcon_ws3/build/learning_tf2', 'catkin_cmake_args': None, 'catkin_skip_building_tests': False, 'cmake_args': None, 'cmake_clean_cache': False, 'cmake_clean_first': False, 'cmake_force_configure': False, 'cmake_target': None, 'cmake_target_skip_unavailable': False, 'install_base': '/home/guilhermecabaco/Desktop/ros2_ws/ros2_tutorial4/colcon_ws3/install/learning_tf2', 'merge_install': False, 'path': '/home/guilhermecabaco/Desktop/ros2_ws/ros2_tutorial4/colcon_ws3/src/learning_tf2', 'symlink_install': False, 'test_result_base': None}
[0.162s] Level 5:colcon.colcon_core.verb:set package 'rviz2_marker_demo' build argument 'cmake_args' from command line to 'None'
[0.162s] Level 5:colcon.colcon_core.verb:set package 'rviz2_marker_demo' build argument 'cmake_target' from command line to 'None'
[0.162s] Level 5:colcon.colcon_core.verb:set package 'rviz2_marker_demo' build argument 'cmake_target_skip_unavailable' from command line to 'False'
[0.162s] Level 5:colcon.colcon_core.verb:set package 'rviz2_marker_demo' build argument 'cmake_clean_cache' from command line to 'False'
[0.162s] Level 5:colcon.colcon_core.verb:set package 'rviz2_marker_demo' build argument 'cmake_clean_first' from command line to 'False'
[0.162s] Level 5:colcon.colcon_core.verb:set package 'rviz2_marker_demo' build argument 'cmake_force_configure' from command line to 'False'
[0.162s] Level 5:colcon.colcon_core.verb:set package 'rviz2_marker_demo' build argument 'ament_cmake_args' from command line to 'None'
[0.162s] Level 5:colcon.colcon_core.verb:set package 'rviz2_marker_demo' build argument 'catkin_cmake_args' from command line to 'None'
[0.162s] Level 5:colcon.colcon_core.verb:set package 'rviz2_marker_demo' build argument 'catkin_skip_building_tests' from command line to 'False'
[0.162s] DEBUG:colcon.colcon_core.verb:Building package 'rviz2_marker_demo' with the following arguments: {'ament_cmake_args': None, 'build_base': '/home/guilhermecabaco/Desktop/ros2_ws/ros2_tutorial4/colcon_ws3/build/rviz2_marker_demo', 'catkin_cmake_args': None, 'catkin_skip_building_tests': False, 'cmake_args': None, 'cmake_clean_cache': False, 'cmake_clean_first': False, 'cmake_force_configure': False, 'cmake_target': None, 'cmake_target_skip_unavailable': False, 'install_base': '/home/guilhermecabaco/Desktop/ros2_ws/ros2_tutorial4/colcon_ws3/install/rviz2_marker_demo', 'merge_install': False, 'path': '/home/guilhermecabaco/Desktop/ros2_ws/ros2_tutorial4/colcon_ws3/src/rviz2_marker_demo', 'symlink_install': False, 'test_result_base': None}
[0.163s] Level 5:colcon.colcon_core.verb:set package 'urdf_tutorial' build argument 'cmake_args' from command line to 'None'
[0.163s] Level 5:colcon.colcon_core.verb:set package 'urdf_tutorial' build argument 'cmake_target' from command line to 'None'
[0.163s] Level 5:colcon.colcon_core.verb:set package 'urdf_tutorial' build argument 'cmake_target_skip_unavailable' from command line to 'False'
[0.163s] Level 5:colcon.colcon_core.verb:set package 'urdf_tutorial' build argument 'cmake_clean_cache' from command line to 'False'
[0.163s] Level 5:colcon.colcon_core.verb:set package 'urdf_tutorial' build argument 'cmake_clean_first' from command line to 'False'
[0.163s] Level 5:colcon.colcon_core.verb:set package 'urdf_tutorial' build argument 'cmake_force_configure' from command line to 'False'
[0.163s] Level 5:colcon.colcon_core.verb:set package 'urdf_tutorial' build argument 'ament_cmake_args' from command line to 'None'
[0.163s] Level 5:colcon.colcon_core.verb:set package 'urdf_tutorial' build argument 'catkin_cmake_args' from command line to 'None'
[0.163s] Level 5:colcon.colcon_core.verb:set package 'urdf_tutorial' build argument 'catkin_skip_building_tests' from command line to 'False'
[0.163s] DEBUG:colcon.colcon_core.verb:Building package 'urdf_tutorial' with the following arguments: {'ament_cmake_args': None, 'build_base': '/home/guilhermecabaco/Desktop/ros2_ws/ros2_tutorial4/colcon_ws3/build/urdf_tutorial', 'catkin_cmake_args': None, 'catkin_skip_building_tests': False, 'cmake_args': None, 'cmake_clean_cache': False, 'cmake_clean_first': False, 'cmake_force_configure': False, 'cmake_target': None, 'cmake_target_skip_unavailable': False, 'install_base': '/home/guilhermecabaco/Desktop/ros2_ws/ros2_tutorial4/colcon_ws3/install/urdf_tutorial', 'merge_install': False, 'path': '/home/guilhermecabaco/Desktop/ros2_ws/ros2_tutorial4/colcon_ws3/src/urdf_tutorial', 'symlink_install': False, 'test_result_base': None}
[0.163s] Level 5:colcon.colcon_core.verb:set package 'pubsub_custom_param' build argument 'cmake_args' from command line to 'None'
[0.163s] Level 5:colcon.colcon_core.verb:set package 'pubsub_custom_param' build argument 'cmake_target' from command line to 'None'
[0.163s] Level 5:colcon.colcon_core.verb:set package 'pubsub_custom_param' build argument 'cmake_target_skip_unavailable' from command line to 'False'
[0.163s] Level 5:colcon.colcon_core.verb:set package 'pubsub_custom_param' build argument 'cmake_clean_cache' from command line to 'False'
[0.163s] Level 5:colcon.colcon_core.verb:set package 'pubsub_custom_param' build argument 'cmake_clean_first' from command line to 'False'
[0.163s] Level 5:colcon.colcon_core.verb:set package 'pubsub_custom_param' build argument 'cmake_force_configure' from command line to 'False'
[0.163s] Level 5:colcon.colcon_core.verb:set package 'pubsub_custom_param' build argument 'ament_cmake_args' from command line to 'None'
[0.163s] Level 5:colcon.colcon_core.verb:set package 'pubsub_custom_param' build argument 'catkin_cmake_args' from command line to 'None'
[0.163s] Level 5:colcon.colcon_core.verb:set package 'pubsub_custom_param' build argument 'catkin_skip_building_tests' from command line to 'False'
[0.163s] DEBUG:colcon.colcon_core.verb:Building package 'pubsub_custom_param' with the following arguments: {'ament_cmake_args': None, 'build_base': '/home/guilhermecabaco/Desktop/ros2_ws/ros2_tutorial4/colcon_ws3/build/pubsub_custom_param', 'catkin_cmake_args': None, 'catkin_skip_building_tests': False, 'cmake_args': None, 'cmake_clean_cache': False, 'cmake_clean_first': False, 'cmake_force_configure': False, 'cmake_target': None, 'cmake_target_skip_unavailable': False, 'install_base': '/home/guilhermecabaco/Desktop/ros2_ws/ros2_tutorial4/colcon_ws3/install/pubsub_custom_param', 'merge_install': False, 'path': '/home/guilhermecabaco/Desktop/ros2_ws/ros2_tutorial4/colcon_ws3/src/pubsub_custom_param', 'symlink_install': False, 'test_result_base': None}
[0.163s] INFO:colcon.colcon_core.executor:Executing jobs using 'parallel' executor
[0.164s] DEBUG:colcon.colcon_parallel_executor.executor.parallel:run_until_complete
[0.164s] INFO:colcon.colcon_ros.task.ament_cmake.build:Building ROS package in '/home/guilhermecabaco/Desktop/ros2_ws/ros2_tutorial4/colcon_ws3/src/custom_interfaces' with build type 'ament_cmake'
[0.165s] INFO:colcon.colcon_cmake.task.cmake.build:Building CMake package in '/home/guilhermecabaco/Desktop/ros2_ws/ros2_tutorial4/colcon_ws3/src/custom_interfaces'
[0.167s] INFO:colcon.colcon_core.plugin_system:Skipping extension 'colcon_core.shell.bat': Not used on non-Windows systems
[0.167s] DEBUG:colcon.colcon_core.shell:Skip shell extension 'dsv' for command environment
[0.168s] WARNING:colcon.colcon_core.prefix_path.colcon:The path '/home/guilhermecabaco/Desktop/ros2_ws/ros2_tutorial4/ex3b/install' in the environment variable COLCON_PREFIX_PATH doesn't exist
[0.168s] WARNING:colcon.colcon_core.prefix_path.colcon:The path '/home/guilhermecabaco/Desktop/ros2_ws/ros2_tutorial4/install' in the environment variable COLCON_PREFIX_PATH doesn't exist
[0.168s] WARNING:colcon.colcon_core.prefix_path.colcon:The path '/home/guilhermecabaco/Desktop/ros2_ws/ros2_tutorial4/src/install' in the environment variable COLCON_PREFIX_PATH doesn't exist
[0.168s] WARNING:colcon.colcon_ros.prefix_path.ament:The path '/home/guilhermecabaco/Desktop/ros2_ws/ros2_tutorial4/ex3b/install/urdf_tutorial' in the environment variable AMENT_PREFIX_PATH doesn't exist
[0.168s] WARNING:colcon.colcon_ros.prefix_path.ament:The path '/home/guilhermecabaco/Desktop/ros2_ws/ros2_tutorial4/ex3b/install/rviz2_marker_demo' in the environment variable AMENT_PREFIX_PATH doesn't exist
[0.168s] WARNING:colcon.colcon_ros.prefix_path.ament:The path '/home/guilhermecabaco/Desktop/ros2_ws/ros2_tutorial4/ex3b/install/custom_interfaces' in the environment variable AMENT_PREFIX_PATH doesn't exist
[0.168s] WARNING:colcon.colcon_ros.prefix_path.ament:The path '/home/guilhermecabaco/Desktop/ros2_ws/ros2_tutorial4/install/rviz2_marker_demo' in the environment variable AMENT_PREFIX_PATH doesn't exist
[0.168s] WARNING:colcon.colcon_ros.prefix_path.ament:The path '/home/guilhermecabaco/Desktop/ros2_ws/ros2_tutorial4/install/pubsub_custom_param' in the environment variable AMENT_PREFIX_PATH doesn't exist
[0.168s] WARNING:colcon.colcon_ros.prefix_path.ament:The path '/home/guilhermecabaco/Desktop/ros2_ws/ros2_tutorial4/install/custom_interfaces' in the environment variable AMENT_PREFIX_PATH doesn't exist
[0.168s] WARNING:colcon.colcon_ros.prefix_path.ament:The path '/home/guilhermecabaco/Desktop/ros2_ws/ros2_tutorial4/install/urdf_tutorial' in the environment variable AMENT_PREFIX_PATH doesn't exist
[0.168s] WARNING:colcon.colcon_ros.prefix_path.ament:The path '/home/guilhermecabaco/Desktop/ros2_ws/ros2_tutorial4/src/install/urdf_tutorial' in the environment variable AMENT_PREFIX_PATH doesn't exist
[0.169s] WARNING:colcon.colcon_ros.prefix_path.catkin:The path '/home/guilhermecabaco/Desktop/ros2_ws/ros2_tutorial4/ex3b/install/urdf_tutorial' in the environment variable CMAKE_PREFIX_PATH doesn't exist
[0.169s] WARNING:colcon.colcon_ros.prefix_path.catkin:The path '/home/guilhermecabaco/Desktop/ros2_ws/ros2_tutorial4/ex3b/install/rviz2_marker_demo' in the environment variable CMAKE_PREFIX_PATH doesn't exist
[0.169s] WARNING:colcon.colcon_ros.prefix_path.catkin:The path '/home/guilhermecabaco/Desktop/ros2_ws/ros2_tutorial4/ex3b/install/custom_interfaces' in the environment variable CMAKE_PREFIX_PATH doesn't exist
[0.169s] WARNING:colcon.colcon_ros.prefix_path.catkin:The path '/home/guilhermecabaco/Desktop/ros2_ws/ros2_tutorial4/install/rviz2_marker_demo' in the environment variable CMAKE_PREFIX_PATH doesn't exist
[0.169s] WARNING:colcon.colcon_ros.prefix_path.catkin:The path '/home/guilhermecabaco/Desktop/ros2_ws/ros2_tutorial4/install/pubsub_custom_param' in the environment variable CMAKE_PREFIX_PATH doesn't exist
[0.169s] WARNING:colcon.colcon_ros.prefix_path.catkin:The path '/home/guilhermecabaco/Desktop/ros2_ws/ros2_tutorial4/install/custom_interfaces' in the environment variable CMAKE_PREFIX_PATH doesn't exist
[0.169s] WARNING:colcon.colcon_ros.prefix_path.catkin:The path '/home/guilhermecabaco/Desktop/ros2_ws/ros2_tutorial4/install/urdf_tutorial' in the environment variable CMAKE_PREFIX_PATH doesn't exist
[0.169s] WARNING:colcon.colcon_ros.prefix_path.catkin:The path '/home/guilhermecabaco/Desktop/ros2_ws/ros2_tutorial4/src/install/urdf_tutorial' in the environment variable CMAKE_PREFIX_PATH doesn't exist
[0.172s] INFO:colcon.colcon_ros.task.ament_cmake.build:Building ROS package in '/home/guilhermecabaco/Desktop/ros2_ws/ros2_tutorial4/colcon_ws3/src/learning_tf2' with build type 'ament_cmake'
[0.173s] INFO:colcon.colcon_cmake.task.cmake.build:Building CMake package in '/home/guilhermecabaco/Desktop/ros2_ws/ros2_tutorial4/colcon_ws3/src/learning_tf2'
[0.173s] DEBUG:colcon.colcon_core.shell:Skip shell extension 'dsv' for command environment
[0.176s] INFO:colcon.colcon_ros.task.ament_cmake.build:Building ROS package in '/home/guilhermecabaco/Desktop/ros2_ws/ros2_tutorial4/colcon_ws3/src/rviz2_marker_demo' with build type 'ament_cmake'
[0.176s] INFO:colcon.colcon_cmake.task.cmake.build:Building CMake package in '/home/guilhermecabaco/Desktop/ros2_ws/ros2_tutorial4/colcon_ws3/src/rviz2_marker_demo'
[0.176s] DEBUG:colcon.colcon_core.shell:Skip shell extension 'dsv' for command environment
[0.179s] INFO:colcon.colcon_ros.task.ament_cmake.build:Building ROS package in '/home/guilhermecabaco/Desktop/ros2_ws/ros2_tutorial4/colcon_ws3/src/urdf_tutorial' with build type 'ament_cmake'
[0.180s] INFO:colcon.colcon_cmake.task.cmake.build:Building CMake package in '/home/guilhermecabaco/Desktop/ros2_ws/ros2_tutorial4/colcon_ws3/src/urdf_tutorial'
[0.180s] DEBUG:colcon.colcon_core.shell:Skip shell extension 'dsv' for command environment
[0.186s] DEBUG:colcon.colcon_core.event_handler.log_command:Invoking command in '/home/guilhermecabaco/Desktop/ros2_ws/ros2_tutorial4/colcon_ws3/build/custom_interfaces': CMAKE_PREFIX_PATH=${CMAKE_PREFIX_PATH}:/home/guilhermecabaco/Desktop/ros2_ws/tutoriais_ros2/install/temperature_monitor:/opt/ros/jazzy DEBUGINFOD_URLS=https://debuginfod.ubuntu.com /usr/bin/cmake /home/guilhermecabaco/Desktop/ros2_ws/ros2_tutorial4/colcon_ws3/src/custom_interfaces -DCMAKE_INSTALL_PREFIX=/home/guilhermecabaco/Desktop/ros2_ws/ros2_tutorial4/colcon_ws3/install/custom_interfaces
[0.187s] DEBUG:colcon.colcon_core.event_handler.log_command:Invoking command in '/home/guilhermecabaco/Desktop/ros2_ws/ros2_tutorial4/colcon_ws3/build/learning_tf2': CMAKE_PREFIX_PATH=${CMAKE_PREFIX_PATH}:/home/guilhermecabaco/Desktop/ros2_ws/tutoriais_ros2/install/temperature_monitor:/opt/ros/jazzy DEBUGINFOD_URLS=https://debuginfod.ubuntu.com /usr/bin/cmake /home/guilhermecabaco/Desktop/ros2_ws/ros2_tutorial4/colcon_ws3/src/learning_tf2 -DCMAKE_INSTALL_PREFIX=/home/guilhermecabaco/Desktop/ros2_ws/ros2_tutorial4/colcon_ws3/install/learning_tf2
[0.188s] DEBUG:colcon.colcon_core.event_handler.log_command:Invoking command in '/home/guilhermecabaco/Desktop/ros2_ws/ros2_tutorial4/colcon_ws3/build/rviz2_marker_demo': CMAKE_PREFIX_PATH=${CMAKE_PREFIX_PATH}:/home/guilhermecabaco/Desktop/ros2_ws/tutoriais_ros2/install/temperature_monitor:/opt/ros/jazzy DEBUGINFOD_URLS=https://debuginfod.ubuntu.com /usr/bin/cmake /home/guilhermecabaco/Desktop/ros2_ws/ros2_tutorial4/colcon_ws3/src/rviz2_marker_demo -DCMAKE_INSTALL_PREFIX=/home/guilhermecabaco/Desktop/ros2_ws/ros2_tutorial4/colcon_ws3/install/rviz2_marker_demo
[0.191s] DEBUG:colcon.colcon_core.event_handler.log_command:Invoking command in '/home/guilhermecabaco/Desktop/ros2_ws/ros2_tutorial4/colcon_ws3/build/urdf_tutorial': CMAKE_PREFIX_PATH=${CMAKE_PREFIX_PATH}:/home/guilhermecabaco/Desktop/ros2_ws/tutoriais_ros2/install/temperature_monitor:/opt/ros/jazzy DEBUGINFOD_URLS=https://debuginfod.ubuntu.com /usr/bin/cmake /home/guilhermecabaco/Desktop/ros2_ws/ros2_tutorial4/colcon_ws3/src/urdf_tutorial -DCMAKE_INSTALL_PREFIX=/home/guilhermecabaco/Desktop/ros2_ws/ros2_tutorial4/colcon_ws3/install/urdf_tutorial
[1.498s] DEBUG:colcon.colcon_core.event_handler.log_command:Invoked command in '/home/guilhermecabaco/Desktop/ros2_ws/ros2_tutorial4/colcon_ws3/build/urdf_tutorial' returned '0': CMAKE_PREFIX_PATH=${CMAKE_PREFIX_PATH}:/home/guilhermecabaco/Desktop/ros2_ws/tutoriais_ros2/install/temperature_monitor:/opt/ros/jazzy DEBUGINFOD_URLS=https://debuginfod.ubuntu.com /usr/bin/cmake /home/guilhermecabaco/Desktop/ros2_ws/ros2_tutorial4/colcon_ws3/src/urdf_tutorial -DCMAKE_INSTALL_PREFIX=/home/guilhermecabaco/Desktop/ros2_ws/ros2_tutorial4/colcon_ws3/install/urdf_tutorial
[1.500s] DEBUG:colcon.colcon_core.event_handler.log_command:Invoking command in '/home/guilhermecabaco/Desktop/ros2_ws/ros2_tutorial4/colcon_ws3/build/urdf_tutorial': CMAKE_PREFIX_PATH=${CMAKE_PREFIX_PATH}:/home/guilhermecabaco/Desktop/ros2_ws/tutoriais_ros2/install/temperature_monitor:/opt/ros/jazzy DEBUGINFOD_URLS=https://debuginfod.ubuntu.com /usr/bin/cmake --build /home/guilhermecabaco/Desktop/ros2_ws/ros2_tutorial4/colcon_ws3/build/urdf_tutorial -- -j12 -l12
[1.547s] DEBUG:colcon.colcon_core.event_handler.log_command:Invoked command in '/home/guilhermecabaco/Desktop/ros2_ws/ros2_tutorial4/colcon_ws3/build/urdf_tutorial' returned '0': CMAKE_PREFIX_PATH=${CMAKE_PREFIX_PATH}:/home/guilhermecabaco/Desktop/ros2_ws/tutoriais_ros2/install/temperature_monitor:/opt/ros/jazzy DEBUGINFOD_URLS=https://debuginfod.ubuntu.com /usr/bin/cmake --build /home/guilhermecabaco/Desktop/ros2_ws/ros2_tutorial4/colcon_ws3/build/urdf_tutorial -- -j12 -l12
[1.558s] DEBUG:colcon.colcon_core.event_handler.log_command:Invoking command in '/home/guilhermecabaco/Desktop/ros2_ws/ros2_tutorial4/colcon_ws3/build/urdf_tutorial': CMAKE_PREFIX_PATH=${CMAKE_PREFIX_PATH}:/home/guilhermecabaco/Desktop/ros2_ws/tutoriais_ros2/install/temperature_monitor:/opt/ros/jazzy DEBUGINFOD_URLS=https://debuginfod.ubuntu.com /usr/bin/cmake --install /home/guilhermecabaco/Desktop/ros2_ws/ros2_tutorial4/colcon_ws3/build/urdf_tutorial
[1.574s] Level 1:colcon.colcon_core.environment:create_environment_scripts_only(urdf_tutorial)
[1.574s] DEBUG:colcon.colcon_core.event_handler.log_command:Invoked command in '/home/guilhermecabaco/Desktop/ros2_ws/ros2_tutorial4/colcon_ws3/build/urdf_tutorial' returned '0': CMAKE_PREFIX_PATH=${CMAKE_PREFIX_PATH}:/home/guilhermecabaco/Desktop/ros2_ws/tutoriais_ros2/install/temperature_monitor:/opt/ros/jazzy DEBUGINFOD_URLS=https://debuginfod.ubuntu.com /usr/bin/cmake --install /home/guilhermecabaco/Desktop/ros2_ws/ros2_tutorial4/colcon_ws3/build/urdf_tutorial
[1.576s] Level 1:colcon.colcon_core.environment:checking '/home/guilhermecabaco/Desktop/ros2_ws/ros2_tutorial4/colcon_ws3/install/urdf_tutorial' for CMake module files
[1.576s] Level 1:colcon.colcon_core.environment:checking '/home/guilhermecabaco/Desktop/ros2_ws/ros2_tutorial4/colcon_ws3/install/urdf_tutorial' for CMake config files
[1.577s] Level 1:colcon.colcon_core.shell:create_environment_hook('urdf_tutorial', 'cmake_prefix_path')
[1.577s] INFO:colcon.colcon_core.shell:Creating environment descriptor '/home/guilhermecabaco/Desktop/ros2_ws/ros2_tutorial4/colcon_ws3/install/urdf_tutorial/share/urdf_tutorial/hook/cmake_prefix_path.dsv'
[1.577s] INFO:colcon.colcon_core.shell:Creating environment hook '/home/guilhermecabaco/Desktop/ros2_ws/ros2_tutorial4/colcon_ws3/install/urdf_tutorial/share/urdf_tutorial/hook/cmake_prefix_path.sh'
[1.578s] Level 1:colcon.colcon_core.environment:checking '/home/guilhermecabaco/Desktop/ros2_ws/ros2_tutorial4/colcon_ws3/install/urdf_tutorial/bin'
[1.578s] Level 1:colcon.colcon_core.environment:checking '/home/guilhermecabaco/Desktop/ros2_ws/ros2_tutorial4/colcon_ws3/install/urdf_tutorial/lib/pkgconfig/urdf_tutorial.pc'
[1.579s] Level 1:colcon.colcon_core.environment:checking '/home/guilhermecabaco/Desktop/ros2_ws/ros2_tutorial4/colcon_ws3/install/urdf_tutorial/lib/python3.12/site-packages'
[1.580s] Level 1:colcon.colcon_core.environment:checking '/home/guilhermecabaco/Desktop/ros2_ws/ros2_tutorial4/colcon_ws3/install/urdf_tutorial/bin'
[1.580s] INFO:colcon.colcon_core.shell:Creating package descriptor '/home/guilhermecabaco/Desktop/ros2_ws/ros2_tutorial4/colcon_ws3/install/urdf_tutorial/share/urdf_tutorial/package.dsv'
[1.580s] INFO:colcon.colcon_core.shell:Creating package script '/home/guilhermecabaco/Desktop/ros2_ws/ros2_tutorial4/colcon_ws3/install/urdf_tutorial/share/urdf_tutorial/package.sh'
[1.581s] INFO:colcon.colcon_core.shell:Creating package script '/home/guilhermecabaco/Desktop/ros2_ws/ros2_tutorial4/colcon_ws3/install/urdf_tutorial/share/urdf_tutorial/package.bash'
[1.581s] INFO:colcon.colcon_core.shell:Creating package script '/home/guilhermecabaco/Desktop/ros2_ws/ros2_tutorial4/colcon_ws3/install/urdf_tutorial/share/urdf_tutorial/package.zsh'
[1.581s] Level 1:colcon.colcon_core.environment:create_file_with_runtime_dependencies(/home/guilhermecabaco/Desktop/ros2_ws/ros2_tutorial4/colcon_ws3/install/urdf_tutorial/share/colcon-core/packages/urdf_tutorial)
[1.582s] Level 1:colcon.colcon_core.environment:create_environment_scripts_only(urdf_tutorial)
[1.582s] Level 1:colcon.colcon_core.environment:checking '/home/guilhermecabaco/Desktop/ros2_ws/ros2_tutorial4/colcon_ws3/install/urdf_tutorial' for CMake module files
[1.582s] Level 1:colcon.colcon_core.environment:checking '/home/guilhermecabaco/Desktop/ros2_ws/ros2_tutorial4/colcon_ws3/install/urdf_tutorial' for CMake config files
[1.583s] Level 1:colcon.colcon_core.shell:create_environment_hook('urdf_tutorial', 'cmake_prefix_path')
[1.583s] INFO:colcon.colcon_core.shell:Creating environment descriptor '/home/guilhermecabaco/Desktop/ros2_ws/ros2_tutorial4/colcon_ws3/install/urdf_tutorial/share/urdf_tutorial/hook/cmake_prefix_path.dsv'
[1.583s] INFO:colcon.colcon_core.shell:Creating environment hook '/home/guilhermecabaco/Desktop/ros2_ws/ros2_tutorial4/colcon_ws3/install/urdf_tutorial/share/urdf_tutorial/hook/cmake_prefix_path.sh'
[1.583s] Level 1:colcon.colcon_core.environment:checking '/home/guilhermecabaco/Desktop/ros2_ws/ros2_tutorial4/colcon_ws3/install/urdf_tutorial/bin'
[1.583s] Level 1:colcon.colcon_core.environment:checking '/home/guilhermecabaco/Desktop/ros2_ws/ros2_tutorial4/colcon_ws3/install/urdf_tutorial/lib/pkgconfig/urdf_tutorial.pc'
[1.583s] Level 1:colcon.colcon_core.environment:checking '/home/guilhermecabaco/Desktop/ros2_ws/ros2_tutorial4/colcon_ws3/install/urdf_tutorial/lib/python3.12/site-packages'
[1.584s] Level 1:colcon.colcon_core.environment:checking '/home/guilhermecabaco/Desktop/ros2_ws/ros2_tutorial4/colcon_ws3/install/urdf_tutorial/bin'
[1.584s] INFO:colcon.colcon_core.shell:Creating package descriptor '/home/guilhermecabaco/Desktop/ros2_ws/ros2_tutorial4/colcon_ws3/install/urdf_tutorial/share/urdf_tutorial/package.dsv'
[1.584s] INFO:colcon.colcon_core.shell:Creating package script '/home/guilhermecabaco/Desktop/ros2_ws/ros2_tutorial4/colcon_ws3/install/urdf_tutorial/share/urdf_tutorial/package.sh'
[1.585s] INFO:colcon.colcon_core.shell:Creating package script '/home/guilhermecabaco/Desktop/ros2_ws/ros2_tutorial4/colcon_ws3/install/urdf_tutorial/share/urdf_tutorial/package.bash'
[1.585s] INFO:colcon.colcon_core.shell:Creating package script '/home/guilhermecabaco/Desktop/ros2_ws/ros2_tutorial4/colcon_ws3/install/urdf_tutorial/share/urdf_tutorial/package.zsh'
[1.585s] Level 1:colcon.colcon_core.environment:create_file_with_runtime_dependencies(/home/guilhermecabaco/Desktop/ros2_ws/ros2_tutorial4/colcon_ws3/install/urdf_tutorial/share/colcon-core/packages/urdf_tutorial)
[1.586s] DEBUG:colcon.colcon_core.event_handler.log_command:Invoked command in '/home/guilhermecabaco/Desktop/ros2_ws/ros2_tutorial4/colcon_ws3/build/rviz2_marker_demo' returned '0': CMAKE_PREFIX_PATH=${CMAKE_PREFIX_PATH}:/home/guilhermecabaco/Desktop/ros2_ws/tutoriais_ros2/install/temperature_monitor:/opt/ros/jazzy DEBUGINFOD_URLS=https://debuginfod.ubuntu.com /usr/bin/cmake /home/guilhermecabaco/Desktop/ros2_ws/ros2_tutorial4/colcon_ws3/src/rviz2_marker_demo -DCMAKE_INSTALL_PREFIX=/home/guilhermecabaco/Desktop/ros2_ws/ros2_tutorial4/colcon_ws3/install/rviz2_marker_demo
[1.587s] DEBUG:colcon.colcon_core.event_handler.log_command:Invoking command in '/home/guilhermecabaco/Desktop/ros2_ws/ros2_tutorial4/colcon_ws3/build/rviz2_marker_demo': CMAKE_PREFIX_PATH=${CMAKE_PREFIX_PATH}:/home/guilhermecabaco/Desktop/ros2_ws/tutoriais_ros2/install/temperature_monitor:/opt/ros/jazzy DEBUGINFOD_URLS=https://debuginfod.ubuntu.com /usr/bin/cmake --build /home/guilhermecabaco/Desktop/ros2_ws/ros2_tutorial4/colcon_ws3/build/rviz2_marker_demo -- -j12 -l12
[1.732s] DEBUG:colcon.colcon_core.event_handler.log_command:Invoked command in '/home/guilhermecabaco/Desktop/ros2_ws/ros2_tutorial4/colcon_ws3/build/learning_tf2' returned '0': CMAKE_PREFIX_PATH=${CMAKE_PREFIX_PATH}:/home/guilhermecabaco/Desktop/ros2_ws/tutoriais_ros2/install/temperature_monitor:/opt/ros/jazzy DEBUGINFOD_URLS=https://debuginfod.ubuntu.com /usr/bin/cmake /home/guilhermecabaco/Desktop/ros2_ws/ros2_tutorial4/colcon_ws3/src/learning_tf2 -DCMAKE_INSTALL_PREFIX=/home/guilhermecabaco/Desktop/ros2_ws/ros2_tutorial4/colcon_ws3/install/learning_tf2
[1.733s] DEBUG:colcon.colcon_core.event_handler.log_command:Invoking command in '/home/guilhermecabaco/Desktop/ros2_ws/ros2_tutorial4/colcon_ws3/build/learning_tf2': CMAKE_PREFIX_PATH=${CMAKE_PREFIX_PATH}:/home/guilhermecabaco/Desktop/ros2_ws/tutoriais_ros2/install/temperature_monitor:/opt/ros/jazzy DEBUGINFOD_URLS=https://debuginfod.ubuntu.com /usr/bin/cmake --build /home/guilhermecabaco/Desktop/ros2_ws/ros2_tutorial4/colcon_ws3/build/learning_tf2 -- -j12 -l12
[3.814s] DEBUG:colcon.colcon_core.event_handler.log_command:Invoked command in '/home/guilhermecabaco/Desktop/ros2_ws/ros2_tutorial4/colcon_ws3/build/custom_interfaces' returned '0': CMAKE_PREFIX_PATH=${CMAKE_PREFIX_PATH}:/home/guilhermecabaco/Desktop/ros2_ws/tutoriais_ros2/install/temperature_monitor:/opt/ros/jazzy DEBUGINFOD_URLS=https://debuginfod.ubuntu.com /usr/bin/cmake /home/guilhermecabaco/Desktop/ros2_ws/ros2_tutorial4/colcon_ws3/src/custom_interfaces -DCMAKE_INSTALL_PREFIX=/home/guilhermecabaco/Desktop/ros2_ws/ros2_tutorial4/colcon_ws3/install/custom_interfaces
[3.816s] DEBUG:colcon.colcon_core.event_handler.log_command:Invoking command in '/home/guilhermecabaco/Desktop/ros2_ws/ros2_tutorial4/colcon_ws3/build/custom_interfaces': CMAKE_PREFIX_PATH=${CMAKE_PREFIX_PATH}:/home/guilhermecabaco/Desktop/ros2_ws/tutoriais_ros2/install/temperature_monitor:/opt/ros/jazzy DEBUGINFOD_URLS=https://debuginfod.ubuntu.com /usr/bin/cmake --build /home/guilhermecabaco/Desktop/ros2_ws/ros2_tutorial4/colcon_ws3/build/custom_interfaces -- -j12 -l12
[5.656s] DEBUG:colcon.colcon_core.event_handler.log_command:Invoked command in '/home/guilhermecabaco/Desktop/ros2_ws/ros2_tutorial4/colcon_ws3/build/rviz2_marker_demo' returned '0': CMAKE_PREFIX_PATH=${CMAKE_PREFIX_PATH}:/home/guilhermecabaco/Desktop/ros2_ws/tutoriais_ros2/install/temperature_monitor:/opt/ros/jazzy DEBUGINFOD_URLS=https://debuginfod.ubuntu.com /usr/bin/cmake --build /home/guilhermecabaco/Desktop/ros2_ws/ros2_tutorial4/colcon_ws3/build/rviz2_marker_demo -- -j12 -l12
[5.657s] DEBUG:colcon.colcon_core.event_handler.log_command:Invoking command in '/home/guilhermecabaco/Desktop/ros2_ws/ros2_tutorial4/colcon_ws3/build/rviz2_marker_demo': CMAKE_PREFIX_PATH=${CMAKE_PREFIX_PATH}:/home/guilhermecabaco/Desktop/ros2_ws/tutoriais_ros2/install/temperature_monitor:/opt/ros/jazzy DEBUGINFOD_URLS=https://debuginfod.ubuntu.com /usr/bin/cmake --install /home/guilhermecabaco/Desktop/ros2_ws/ros2_tutorial4/colcon_ws3/build/rviz2_marker_demo
[5.696s] Level 1:colcon.colcon_core.environment:create_environment_scripts_only(rviz2_marker_demo)
[5.696s] Level 1:colcon.colcon_core.environment:checking '/home/guilhermecabaco/Desktop/ros2_ws/ros2_tutorial4/colcon_ws3/install/rviz2_marker_demo' for CMake module files
[5.696s] DEBUG:colcon.colcon_core.event_handler.log_command:Invoked command in '/home/guilhermecabaco/Desktop/ros2_ws/ros2_tutorial4/colcon_ws3/build/rviz2_marker_demo' returned '0': CMAKE_PREFIX_PATH=${CMAKE_PREFIX_PATH}:/home/guilhermecabaco/Desktop/ros2_ws/tutoriais_ros2/install/temperature_monitor:/opt/ros/jazzy DEBUGINFOD_URLS=https://debuginfod.ubuntu.com /usr/bin/cmake --install /home/guilhermecabaco/Desktop/ros2_ws/ros2_tutorial4/colcon_ws3/build/rviz2_marker_demo
[5.697s] Level 1:colcon.colcon_core.environment:checking '/home/guilhermecabaco/Desktop/ros2_ws/ros2_tutorial4/colcon_ws3/install/rviz2_marker_demo' for CMake config files
[5.697s] Level 1:colcon.colcon_core.shell:create_environment_hook('rviz2_marker_demo', 'cmake_prefix_path')
[5.697s] INFO:colcon.colcon_core.shell:Creating environment descriptor '/home/guilhermecabaco/Desktop/ros2_ws/ros2_tutorial4/colcon_ws3/install/rviz2_marker_demo/share/rviz2_marker_demo/hook/cmake_prefix_path.dsv'
[5.698s] INFO:colcon.colcon_core.shell:Creating environment hook '/home/guilhermecabaco/Desktop/ros2_ws/ros2_tutorial4/colcon_ws3/install/rviz2_marker_demo/share/rviz2_marker_demo/hook/cmake_prefix_path.sh'
[5.698s] Level 1:colcon.colcon_core.environment:checking '/home/guilhermecabaco/Desktop/ros2_ws/ros2_tutorial4/colcon_ws3/install/rviz2_marker_demo/lib'
[5.698s] Level 1:colcon.colcon_core.environment:checking '/home/guilhermecabaco/Desktop/ros2_ws/ros2_tutorial4/colcon_ws3/install/rviz2_marker_demo/bin'
[5.698s] Level 1:colcon.colcon_core.environment:checking '/home/guilhermecabaco/Desktop/ros2_ws/ros2_tutorial4/colcon_ws3/install/rviz2_marker_demo/lib/pkgconfig/rviz2_marker_demo.pc'
[5.698s] Level 1:colcon.colcon_core.environment:checking '/home/guilhermecabaco/Desktop/ros2_ws/ros2_tutorial4/colcon_ws3/install/rviz2_marker_demo/lib/python3.12/site-packages'
[5.699s] Level 1:colcon.colcon_core.environment:checking '/home/guilhermecabaco/Desktop/ros2_ws/ros2_tutorial4/colcon_ws3/install/rviz2_marker_demo/bin'
[5.699s] INFO:colcon.colcon_core.shell:Creating package descriptor '/home/guilhermecabaco/Desktop/ros2_ws/ros2_tutorial4/colcon_ws3/install/rviz2_marker_demo/share/rviz2_marker_demo/package.dsv'
[5.699s] INFO:colcon.colcon_core.shell:Creating package script '/home/guilhermecabaco/Desktop/ros2_ws/ros2_tutorial4/colcon_ws3/install/rviz2_marker_demo/share/rviz2_marker_demo/package.sh'
[5.699s] INFO:colcon.colcon_core.shell:Creating package script '/home/guilhermecabaco/Desktop/ros2_ws/ros2_tutorial4/colcon_ws3/install/rviz2_marker_demo/share/rviz2_marker_demo/package.bash'
[5.700s] INFO:colcon.colcon_core.shell:Creating package script '/home/guilhermecabaco/Desktop/ros2_ws/ros2_tutorial4/colcon_ws3/install/rviz2_marker_demo/share/rviz2_marker_demo/package.zsh'
[5.700s] Level 1:colcon.colcon_core.environment:create_file_with_runtime_dependencies(/home/guilhermecabaco/Desktop/ros2_ws/ros2_tutorial4/colcon_ws3/install/rviz2_marker_demo/share/colcon-core/packages/rviz2_marker_demo)
[5.700s] Level 1:colcon.colcon_core.environment:create_environment_scripts_only(rviz2_marker_demo)
[5.700s] Level 1:colcon.colcon_core.environment:checking '/home/guilhermecabaco/Desktop/ros2_ws/ros2_tutorial4/colcon_ws3/install/rviz2_marker_demo' for CMake module files
[5.701s] Level 1:colcon.colcon_core.environment:checking '/home/guilhermecabaco/Desktop/ros2_ws/ros2_tutorial4/colcon_ws3/install/rviz2_marker_demo' for CMake config files
[5.701s] Level 1:colcon.colcon_core.shell:create_environment_hook('rviz2_marker_demo', 'cmake_prefix_path')
[5.701s] INFO:colcon.colcon_core.shell:Creating environment descriptor '/home/guilhermecabaco/Desktop/ros2_ws/ros2_tutorial4/colcon_ws3/install/rviz2_marker_demo/share/rviz2_marker_demo/hook/cmake_prefix_path.dsv'
[5.701s] INFO:colcon.colcon_core.shell:Creating environment hook '/home/guilhermecabaco/Desktop/ros2_ws/ros2_tutorial4/colcon_ws3/install/rviz2_marker_demo/share/rviz2_marker_demo/hook/cmake_prefix_path.sh'
[5.702s] Level 1:colcon.colcon_core.environment:checking '/home/guilhermecabaco/Desktop/ros2_ws/ros2_tutorial4/colcon_ws3/install/rviz2_marker_demo/lib'
[5.702s] Level 1:colcon.colcon_core.environment:checking '/home/guilhermecabaco/Desktop/ros2_ws/ros2_tutorial4/colcon_ws3/install/rviz2_marker_demo/bin'
[5.702s] Level 1:colcon.colcon_core.environment:checking '/home/guilhermecabaco/Desktop/ros2_ws/ros2_tutorial4/colcon_ws3/install/rviz2_marker_demo/lib/pkgconfig/rviz2_marker_demo.pc'
[5.702s] Level 1:colcon.colcon_core.environment:checking '/home/guilhermecabaco/Desktop/ros2_ws/ros2_tutorial4/colcon_ws3/install/rviz2_marker_demo/lib/python3.12/site-packages'
[5.702s] Level 1:colcon.colcon_core.environment:checking '/home/guilhermecabaco/Desktop/ros2_ws/ros2_tutorial4/colcon_ws3/install/rviz2_marker_demo/bin'
[5.702s] INFO:colcon.colcon_core.shell:Creating package descriptor '/home/guilhermecabaco/Desktop/ros2_ws/ros2_tutorial4/colcon_ws3/install/rviz2_marker_demo/share/rviz2_marker_demo/package.dsv'
[5.703s] INFO:colcon.colcon_core.shell:Creating package script '/home/guilhermecabaco/Desktop/ros2_ws/ros2_tutorial4/colcon_ws3/install/rviz2_marker_demo/share/rviz2_marker_demo/package.sh'
[5.703s] INFO:colcon.colcon_core.shell:Creating package script '/home/guilhermecabaco/Desktop/ros2_ws/ros2_tutorial4/colcon_ws3/install/rviz2_marker_demo/share/rviz2_marker_demo/package.bash'
[5.703s] INFO:colcon.colcon_core.shell:Creating package script '/home/guilhermecabaco/Desktop/ros2_ws/ros2_tutorial4/colcon_ws3/install/rviz2_marker_demo/share/rviz2_marker_demo/package.zsh'
[5.703s] Level 1:colcon.colcon_core.environment:create_file_with_runtime_dependencies(/home/guilhermecabaco/Desktop/ros2_ws/ros2_tutorial4/colcon_ws3/install/rviz2_marker_demo/share/colcon-core/packages/rviz2_marker_demo)
[5.946s] DEBUG:colcon.colcon_core.event_handler.log_command:Invoked command in '/home/guilhermecabaco/Desktop/ros2_ws/ros2_tutorial4/colcon_ws3/build/custom_interfaces' returned '0': CMAKE_PREFIX_PATH=${CMAKE_PREFIX_PATH}:/home/guilhermecabaco/Desktop/ros2_ws/tutoriais_ros2/install/temperature_monitor:/opt/ros/jazzy DEBUGINFOD_URLS=https://debuginfod.ubuntu.com /usr/bin/cmake --build /home/guilhermecabaco/Desktop/ros2_ws/ros2_tutorial4/colcon_ws3/build/custom_interfaces -- -j12 -l12
[5.947s] DEBUG:colcon.colcon_core.event_handler.log_command:Invoking command in '/home/guilhermecabaco/Desktop/ros2_ws/ros2_tutorial4/colcon_ws3/build/custom_interfaces': CMAKE_PREFIX_PATH=${CMAKE_PREFIX_PATH}:/home/guilhermecabaco/Desktop/ros2_ws/tutoriais_ros2/install/temperature_monitor:/opt/ros/jazzy DEBUGINFOD_URLS=https://debuginfod.ubuntu.com /usr/bin/cmake --install /home/guilhermecabaco/Desktop/ros2_ws/ros2_tutorial4/colcon_ws3/build/custom_interfaces
[6.024s] Level 1:colcon.colcon_core.environment:create_environment_scripts_only(custom_interfaces)
[6.025s] Level 1:colcon.colcon_core.environment:checking '/home/guilhermecabaco/Desktop/ros2_ws/ros2_tutorial4/colcon_ws3/install/custom_interfaces' for CMake module files
[6.025s] DEBUG:colcon.colcon_core.event_handler.log_command:Invoked command in '/home/guilhermecabaco/Desktop/ros2_ws/ros2_tutorial4/colcon_ws3/build/custom_interfaces' returned '0': CMAKE_PREFIX_PATH=${CMAKE_PREFIX_PATH}:/home/guilhermecabaco/Desktop/ros2_ws/tutoriais_ros2/install/temperature_monitor:/opt/ros/jazzy DEBUGINFOD_URLS=https://debuginfod.ubuntu.com /usr/bin/cmake --install /home/guilhermecabaco/Desktop/ros2_ws/ros2_tutorial4/colcon_ws3/build/custom_interfaces
[6.025s] Level 1:colcon.colcon_core.environment:checking '/home/guilhermecabaco/Desktop/ros2_ws/ros2_tutorial4/colcon_ws3/install/custom_interfaces' for CMake config files
[6.026s] Level 1:colcon.colcon_core.shell:create_environment_hook('custom_interfaces', 'cmake_prefix_path')
[6.026s] INFO:colcon.colcon_core.shell:Creating environment descriptor '/home/guilhermecabaco/Desktop/ros2_ws/ros2_tutorial4/colcon_ws3/install/custom_interfaces/share/custom_interfaces/hook/cmake_prefix_path.dsv'
[6.026s] INFO:colcon.colcon_core.shell:Creating environment hook '/home/guilhermecabaco/Desktop/ros2_ws/ros2_tutorial4/colcon_ws3/install/custom_interfaces/share/custom_interfaces/hook/cmake_prefix_path.sh'
[6.027s] Level 1:colcon.colcon_core.environment:checking '/home/guilhermecabaco/Desktop/ros2_ws/ros2_tutorial4/colcon_ws3/install/custom_interfaces/lib'
[6.027s] Level 1:colcon.colcon_core.shell:create_environment_hook('custom_interfaces', 'ld_library_path_lib')
[6.027s] INFO:colcon.colcon_core.shell:Creating environment descriptor '/home/guilhermecabaco/Desktop/ros2_ws/ros2_tutorial4/colcon_ws3/install/custom_interfaces/share/custom_interfaces/hook/ld_library_path_lib.dsv'
[6.027s] INFO:colcon.colcon_core.shell:Creating environment hook '/home/guilhermecabaco/Desktop/ros2_ws/ros2_tutorial4/colcon_ws3/install/custom_interfaces/share/custom_interfaces/hook/ld_library_path_lib.sh'
[6.027s] Level 1:colcon.colcon_core.environment:checking '/home/guilhermecabaco/Desktop/ros2_ws/ros2_tutorial4/colcon_ws3/install/custom_interfaces/bin'
[6.027s] Level 1:colcon.colcon_core.environment:checking '/home/guilhermecabaco/Desktop/ros2_ws/ros2_tutorial4/colcon_ws3/install/custom_interfaces/lib/pkgconfig/custom_interfaces.pc'
[6.027s] Level 1:colcon.colcon_core.environment:checking '/home/guilhermecabaco/Desktop/ros2_ws/ros2_tutorial4/colcon_ws3/install/custom_interfaces/lib/python3.12/site-packages'
[6.028s] Level 1:colcon.colcon_core.shell:create_environment_hook('custom_interfaces', 'pythonpath')
[6.028s] INFO:colcon.colcon_core.shell:Creating environment descriptor '/home/guilhermecabaco/Desktop/ros2_ws/ros2_tutorial4/colcon_ws3/install/custom_interfaces/share/custom_interfaces/hook/pythonpath.dsv'
[6.028s] INFO:colcon.colcon_core.shell:Creating environment hook '/home/guilhermecabaco/Desktop/ros2_ws/ros2_tutorial4/colcon_ws3/install/custom_interfaces/share/custom_interfaces/hook/pythonpath.sh'
[6.028s] Level 1:colcon.colcon_core.environment:checking '/home/guilhermecabaco/Desktop/ros2_ws/ros2_tutorial4/colcon_ws3/install/custom_interfaces/bin'
[6.028s] INFO:colcon.colcon_core.shell:Creating package descriptor '/home/guilhermecabaco/Desktop/ros2_ws/ros2_tutorial4/colcon_ws3/install/custom_interfaces/share/custom_interfaces/package.dsv'
[6.029s] INFO:colcon.colcon_core.shell:Creating package script '/home/guilhermecabaco/Desktop/ros2_ws/ros2_tutorial4/colcon_ws3/install/custom_interfaces/share/custom_interfaces/package.sh'
[6.029s] INFO:colcon.colcon_core.shell:Creating package script '/home/guilhermecabaco/Desktop/ros2_ws/ros2_tutorial4/colcon_ws3/install/custom_interfaces/share/custom_interfaces/package.bash'
[6.029s] INFO:colcon.colcon_core.shell:Creating package script '/home/guilhermecabaco/Desktop/ros2_ws/ros2_tutorial4/colcon_ws3/install/custom_interfaces/share/custom_interfaces/package.zsh'
[6.030s] Level 1:colcon.colcon_core.environment:create_file_with_runtime_dependencies(/home/guilhermecabaco/Desktop/ros2_ws/ros2_tutorial4/colcon_ws3/install/custom_interfaces/share/colcon-core/packages/custom_interfaces)
[6.030s] Level 1:colcon.colcon_core.environment:create_environment_scripts_only(custom_interfaces)
[6.030s] Level 1:colcon.colcon_core.environment:checking '/home/guilhermecabaco/Desktop/ros2_ws/ros2_tutorial4/colcon_ws3/install/custom_interfaces' for CMake module files
[6.031s] Level 1:colcon.colcon_core.environment:checking '/home/guilhermecabaco/Desktop/ros2_ws/ros2_tutorial4/colcon_ws3/install/custom_interfaces' for CMake config files
[6.031s] Level 1:colcon.colcon_core.shell:create_environment_hook('custom_interfaces', 'cmake_prefix_path')
[6.031s] INFO:colcon.colcon_core.shell:Creating environment descriptor '/home/guilhermecabaco/Desktop/ros2_ws/ros2_tutorial4/colcon_ws3/install/custom_interfaces/share/custom_interfaces/hook/cmake_prefix_path.dsv'
[6.031s] INFO:colcon.colcon_core.shell:Creating environment hook '/home/guilhermecabaco/Desktop/ros2_ws/ros2_tutorial4/colcon_ws3/install/custom_interfaces/share/custom_interfaces/hook/cmake_prefix_path.sh'
[6.032s] Level 1:colcon.colcon_core.environment:checking '/home/guilhermecabaco/Desktop/ros2_ws/ros2_tutorial4/colcon_ws3/install/custom_interfaces/lib'
[6.032s] Level 1:colcon.colcon_core.shell:create_environment_hook('custom_interfaces', 'ld_library_path_lib')
[6.032s] INFO:colcon.colcon_core.shell:Creating environment descriptor '/home/guilhermecabaco/Desktop/ros2_ws/ros2_tutorial4/colcon_ws3/install/custom_interfaces/share/custom_interfaces/hook/ld_library_path_lib.dsv'
[6.032s] INFO:colcon.colcon_core.shell:Creating environment hook '/home/guilhermecabaco/Desktop/ros2_ws/ros2_tutorial4/colcon_ws3/install/custom_interfaces/share/custom_interfaces/hook/ld_library_path_lib.sh'
[6.033s] Level 1:colcon.colcon_core.environment:checking '/home/guilhermecabaco/Desktop/ros2_ws/ros2_tutorial4/colcon_ws3/install/custom_interfaces/bin'
[6.033s] Level 1:colcon.colcon_core.environment:checking '/home/guilhermecabaco/Desktop/ros2_ws/ros2_tutorial4/colcon_ws3/install/custom_interfaces/lib/pkgconfig/custom_interfaces.pc'
[6.033s] Level 1:colcon.colcon_core.environment:checking '/home/guilhermecabaco/Desktop/ros2_ws/ros2_tutorial4/colcon_ws3/install/custom_interfaces/lib/python3.12/site-packages'
[6.033s] Level 1:colcon.colcon_core.shell:create_environment_hook('custom_interfaces', 'pythonpath')
[6.033s] INFO:colcon.colcon_core.shell:Creating environment descriptor '/home/guilhermecabaco/Desktop/ros2_ws/ros2_tutorial4/colcon_ws3/install/custom_interfaces/share/custom_interfaces/hook/pythonpath.dsv'
[6.033s] INFO:colcon.colcon_core.shell:Creating environment hook '/home/guilhermecabaco/Desktop/ros2_ws/ros2_tutorial4/colcon_ws3/install/custom_interfaces/share/custom_interfaces/hook/pythonpath.sh'
[6.034s] Level 1:colcon.colcon_core.environment:checking '/home/guilhermecabaco/Desktop/ros2_ws/ros2_tutorial4/colcon_ws3/install/custom_interfaces/bin'
[6.034s] INFO:colcon.colcon_core.shell:Creating package descriptor '/home/guilhermecabaco/Desktop/ros2_ws/ros2_tutorial4/colcon_ws3/install/custom_interfaces/share/custom_interfaces/package.dsv'
[6.034s] INFO:colcon.colcon_core.shell:Creating package script '/home/guilhermecabaco/Desktop/ros2_ws/ros2_tutorial4/colcon_ws3/install/custom_interfaces/share/custom_interfaces/package.sh'
[6.034s] INFO:colcon.colcon_core.shell:Creating package script '/home/guilhermecabaco/Desktop/ros2_ws/ros2_tutorial4/colcon_ws3/install/custom_interfaces/share/custom_interfaces/package.bash'
[6.035s] INFO:colcon.colcon_core.shell:Creating package script '/home/guilhermecabaco/Desktop/ros2_ws/ros2_tutorial4/colcon_ws3/install/custom_interfaces/share/custom_interfaces/package.zsh'
[6.035s] Level 1:colcon.colcon_core.environment:create_file_with_runtime_dependencies(/home/guilhermecabaco/Desktop/ros2_ws/ros2_tutorial4/colcon_ws3/install/custom_interfaces/share/colcon-core/packages/custom_interfaces)
[6.035s] INFO:colcon.colcon_ros.task.ament_cmake.build:Building ROS package in '/home/guilhermecabaco/Desktop/ros2_ws/ros2_tutorial4/colcon_ws3/src/pubsub_custom_param' with build type 'ament_cmake'
[6.035s] INFO:colcon.colcon_cmake.task.cmake.build:Building CMake package in '/home/guilhermecabaco/Desktop/ros2_ws/ros2_tutorial4/colcon_ws3/src/pubsub_custom_param'
[6.035s] DEBUG:colcon.colcon_core.shell:Skip shell extension 'dsv' for command environment
[6.047s] DEBUG:colcon.colcon_core.event_handler.log_command:Invoking command in '/home/guilhermecabaco/Desktop/ros2_ws/ros2_tutorial4/colcon_ws3/build/pubsub_custom_param': AMENT_PREFIX_PATH=/home/guilhermecabaco/Desktop/ros2_ws/ros2_tutorial4/colcon_ws3/install/custom_interfaces:${AMENT_PREFIX_PATH} CMAKE_PREFIX_PATH=/home/guilhermecabaco/Desktop/ros2_ws/ros2_tutorial4/colcon_ws3/install/custom_interfaces:/home/guilhermecabaco/Desktop/ros2_ws/ros2_tutorial4/ex3b/install/urdf_tutorial:/home/guilhermecabaco/Desktop/ros2_ws/ros2_tutorial4/ex3b/install/rviz2_marker_demo:/home/guilhermecabaco/Desktop/ros2_ws/ros2_tutorial4/ex3b/install/custom_interfaces:/home/guilhermecabaco/Desktop/ros2_ws/ros2_tutorial4/install/rviz2_marker_demo:/home/guilhermecabaco/Desktop/ros2_ws/ros2_tutorial4/install/pubsub_custom_param:/home/guilhermecabaco/Desktop/ros2_ws/ros2_tutorial4/install/custom_interfaces:/home/guilhermecabaco/Desktop/ros2_ws/ros2_tutorial4/install/urdf_tutorial:/home/guilhermecabaco/Desktop/ros2_ws/ros2_tutorial4/src/install/urdf_tutorial:/home/guilhermecabaco/Desktop/ros2_ws/install/simple_robot_description2:/home/guilhermecabaco/Desktop/ros2_ws/install/simple_robot_description:/home/guilhermecabaco/Desktop/ros2_ws/tutoriais_ros2/install/simple_robot_description2:/home/guilhermecabaco/Desktop/ros2_ws/tutoriais_ros2/install/simple_robot_description:/home/guilhermecabaco/Desktop/ros2_ws/tutoriais_ros2/install/robot_description_tut3:/home/guilhermecabaco/Desktop/ros2_ws/tutoriais_ros2/install/my_robot:/home/guilhermecabaco/Desktop/ros2_ws/tutoriais_ros2/src/simple_robot_description/install/simple_robot_description:/opt/ros/jazzy/opt/gz_sim_vendor:/opt/ros/jazzy/opt/gz_sensors_vendor:/opt/ros/jazzy/opt/gz_physics_vendor:/opt/ros/jazzy/opt/sdformat_vendor:/opt/ros/jazzy/opt/gz_gui_vendor:/opt/ros/jazzy/opt/gz_transport_vendor:/opt/ros/jazzy/opt/gz_rendering_vendor:/opt/ros/jazzy/opt/gz_plugin_vendor:/opt/ros/jazzy/opt/gz_fuel_tools_vendor:/opt/ros/jazzy/opt/gz_msgs_vendor:/opt/ros/jazzy/opt/gz_common_vendor:/opt/ros/jazzy/opt/gz_math_vendor:/opt/ros/jazzy/opt/gz_utils_vendor:/opt/ros/jazzy/opt/gz_tools_vendor:/opt/ros/jazzy/opt/gz_ogre_next_vendor:/opt/ros/jazzy/opt/gz_dartsim_vendor:/opt/ros/jazzy/opt/gz_cmake_vendor:/home/guilhermecabaco/Desktop/ros2_ws/tutoriais_ros2/install/temperature_monitor:/opt/ros/jazzy DEBUGINFOD_URLS=https://debuginfod.ubuntu.com LD_LIBRARY_PATH=/home/guilhermecabaco/Desktop/ros2_ws/ros2_tutorial4/colcon_ws3/install/custom_interfaces/lib:${LD_LIBRARY_PATH} PYTHONPATH=/home/guilhermecabaco/Desktop/ros2_ws/ros2_tutorial4/colcon_ws3/install/custom_interfaces/lib/python3.12/site-packages:${PYTHONPATH} /usr/bin/cmake /home/guilhermecabaco/Desktop/ros2_ws/ros2_tutorial4/colcon_ws3/src/pubsub_custom_param -DCMAKE_INSTALL_PREFIX=/home/guilhermecabaco/Desktop/ros2_ws/ros2_tutorial4/colcon_ws3/install/pubsub_custom_param
[7.450s] DEBUG:colcon.colcon_core.event_handler.log_command:Invoked command in '/home/guilhermecabaco/Desktop/ros2_ws/ros2_tutorial4/colcon_ws3/build/pubsub_custom_param' returned '0': AMENT_PREFIX_PATH=/home/guilhermecabaco/Desktop/ros2_ws/ros2_tutorial4/colcon_ws3/install/custom_interfaces:${AMENT_PREFIX_PATH} CMAKE_PREFIX_PATH=/home/guilhermecabaco/Desktop/ros2_ws/ros2_tutorial4/colcon_ws3/install/custom_interfaces:/home/guilhermecabaco/Desktop/ros2_ws/ros2_tutorial4/ex3b/install/urdf_tutorial:/home/guilhermecabaco/Desktop/ros2_ws/ros2_tutorial4/ex3b/install/rviz2_marker_demo:/home/guilhermecabaco/Desktop/ros2_ws/ros2_tutorial4/ex3b/install/custom_interfaces:/home/guilhermecabaco/Desktop/ros2_ws/ros2_tutorial4/install/rviz2_marker_demo:/home/guilhermecabaco/Desktop/ros2_ws/ros2_tutorial4/install/pubsub_custom_param:/home/guilhermecabaco/Desktop/ros2_ws/ros2_tutorial4/install/custom_interfaces:/home/guilhermecabaco/Desktop/ros2_ws/ros2_tutorial4/install/urdf_tutorial:/home/guilhermecabaco/Desktop/ros2_ws/ros2_tutorial4/src/install/urdf_tutorial:/home/guilhermecabaco/Desktop/ros2_ws/install/simple_robot_description2:/home/guilhermecabaco/Desktop/ros2_ws/install/simple_robot_description:/home/guilhermecabaco/Desktop/ros2_ws/tutoriais_ros2/install/simple_robot_description2:/home/guilhermecabaco/Desktop/ros2_ws/tutoriais_ros2/install/simple_robot_description:/home/guilhermecabaco/Desktop/ros2_ws/tutoriais_ros2/install/robot_description_tut3:/home/guilhermecabaco/Desktop/ros2_ws/tutoriais_ros2/install/my_robot:/home/guilhermecabaco/Desktop/ros2_ws/tutoriais_ros2/src/simple_robot_description/install/simple_robot_description:/opt/ros/jazzy/opt/gz_sim_vendor:/opt/ros/jazzy/opt/gz_sensors_vendor:/opt/ros/jazzy/opt/gz_physics_vendor:/opt/ros/jazzy/opt/sdformat_vendor:/opt/ros/jazzy/opt/gz_gui_vendor:/opt/ros/jazzy/opt/gz_transport_vendor:/opt/ros/jazzy/opt/gz_rendering_vendor:/opt/ros/jazzy/opt/gz_plugin_vendor:/opt/ros/jazzy/opt/gz_fuel_tools_vendor:/opt/ros/jazzy/opt/gz_msgs_vendor:/opt/ros/jazzy/opt/gz_common_vendor:/opt/ros/jazzy/opt/gz_math_vendor:/opt/ros/jazzy/opt/gz_utils_vendor:/opt/ros/jazzy/opt/gz_tools_vendor:/opt/ros/jazzy/opt/gz_ogre_next_vendor:/opt/ros/jazzy/opt/gz_dartsim_vendor:/opt/ros/jazzy/opt/gz_cmake_vendor:/home/guilhermecabaco/Desktop/ros2_ws/tutoriais_ros2/install/temperature_monitor:/opt/ros/jazzy DEBUGINFOD_URLS=https://debuginfod.ubuntu.com LD_LIBRARY_PATH=/home/guilhermecabaco/Desktop/ros2_ws/ros2_tutorial4/colcon_ws3/install/custom_interfaces/lib:${LD_LIBRARY_PATH} PYTHONPATH=/home/guilhermecabaco/Desktop/ros2_ws/ros2_tutorial4/colcon_ws3/install/custom_interfaces/lib/python3.12/site-packages:${PYTHONPATH} /usr/bin/cmake /home/guilhermecabaco/Desktop/ros2_ws/ros2_tutorial4/colcon_ws3/src/pubsub_custom_param -DCMAKE_INSTALL_PREFIX=/home/guilhermecabaco/Desktop/ros2_ws/ros2_tutorial4/colcon_ws3/install/pubsub_custom_param
[7.451s] DEBUG:colcon.colcon_core.event_handler.log_command:Invoking command in '/home/guilhermecabaco/Desktop/ros2_ws/ros2_tutorial4/colcon_ws3/build/pubsub_custom_param': AMENT_PREFIX_PATH=/home/guilhermecabaco/Desktop/ros2_ws/ros2_tutorial4/colcon_ws3/install/custom_interfaces:${AMENT_PREFIX_PATH} CMAKE_PREFIX_PATH=/home/guilhermecabaco/Desktop/ros2_ws/ros2_tutorial4/colcon_ws3/install/custom_interfaces:/home/guilhermecabaco/Desktop/ros2_ws/ros2_tutorial4/ex3b/install/urdf_tutorial:/home/guilhermecabaco/Desktop/ros2_ws/ros2_tutorial4/ex3b/install/rviz2_marker_demo:/home/guilhermecabaco/Desktop/ros2_ws/ros2_tutorial4/ex3b/install/custom_interfaces:/home/guilhermecabaco/Desktop/ros2_ws/ros2_tutorial4/install/rviz2_marker_demo:/home/guilhermecabaco/Desktop/ros2_ws/ros2_tutorial4/install/pubsub_custom_param:/home/guilhermecabaco/Desktop/ros2_ws/ros2_tutorial4/install/custom_interfaces:/home/guilhermecabaco/Desktop/ros2_ws/ros2_tutorial4/install/urdf_tutorial:/home/guilhermecabaco/Desktop/ros2_ws/ros2_tutorial4/src/install/urdf_tutorial:/home/guilhermecabaco/Desktop/ros2_ws/install/simple_robot_description2:/home/guilhermecabaco/Desktop/ros2_ws/install/simple_robot_description:/home/guilhermecabaco/Desktop/ros2_ws/tutoriais_ros2/install/simple_robot_description2:/home/guilhermecabaco/Desktop/ros2_ws/tutoriais_ros2/install/simple_robot_description:/home/guilhermecabaco/Desktop/ros2_ws/tutoriais_ros2/install/robot_description_tut3:/home/guilhermecabaco/Desktop/ros2_ws/tutoriais_ros2/install/my_robot:/home/guilhermecabaco/Desktop/ros2_ws/tutoriais_ros2/src/simple_robot_description/install/simple_robot_description:/opt/ros/jazzy/opt/gz_sim_vendor:/opt/ros/jazzy/opt/gz_sensors_vendor:/opt/ros/jazzy/opt/gz_physics_vendor:/opt/ros/jazzy/opt/sdformat_vendor:/opt/ros/jazzy/opt/gz_gui_vendor:/opt/ros/jazzy/opt/gz_transport_vendor:/opt/ros/jazzy/opt/gz_rendering_vendor:/opt/ros/jazzy/opt/gz_plugin_vendor:/opt/ros/jazzy/opt/gz_fuel_tools_vendor:/opt/ros/jazzy/opt/gz_msgs_vendor:/opt/ros/jazzy/opt/gz_common_vendor:/opt/ros/jazzy/opt/gz_math_vendor:/opt/ros/jazzy/opt/gz_utils_vendor:/opt/ros/jazzy/opt/gz_tools_vendor:/opt/ros/jazzy/opt/gz_ogre_next_vendor:/opt/ros/jazzy/opt/gz_dartsim_vendor:/opt/ros/jazzy/opt/gz_cmake_vendor:/home/guilhermecabaco/Desktop/ros2_ws/tutoriais_ros2/install/temperature_monitor:/opt/ros/jazzy DEBUGINFOD_URLS=https://debuginfod.ubuntu.com LD_LIBRARY_PATH=/home/guilhermecabaco/Desktop/ros2_ws/ros2_tutorial4/colcon_ws3/install/custom_interfaces/lib:${LD_LIBRARY_PATH} PYTHONPATH=/home/guilhermecabaco/Desktop/ros2_ws/ros2_tutorial4/colcon_ws3/install/custom_interfaces/lib/python3.12/site-packages:${PYTHONPATH} /usr/bin/cmake --build /home/guilhermecabaco/Desktop/ros2_ws/ros2_tutorial4/colcon_ws3/build/pubsub_custom_param -- -j12 -l12
[8.758s] DEBUG:colcon.colcon_core.event_handler.log_command:Invoked command in '/home/guilhermecabaco/Desktop/ros2_ws/ros2_tutorial4/colcon_ws3/build/learning_tf2' returned '0': CMAKE_PREFIX_PATH=${CMAKE_PREFIX_PATH}:/home/guilhermecabaco/Desktop/ros2_ws/tutoriais_ros2/install/temperature_monitor:/opt/ros/jazzy DEBUGINFOD_URLS=https://debuginfod.ubuntu.com /usr/bin/cmake --build /home/guilhermecabaco/Desktop/ros2_ws/ros2_tutorial4/colcon_ws3/build/learning_tf2 -- -j12 -l12
[8.760s] DEBUG:colcon.colcon_core.event_handler.log_command:Invoking command in '/home/guilhermecabaco/Desktop/ros2_ws/ros2_tutorial4/colcon_ws3/build/learning_tf2': CMAKE_PREFIX_PATH=${CMAKE_PREFIX_PATH}:/home/guilhermecabaco/Desktop/ros2_ws/tutoriais_ros2/install/temperature_monitor:/opt/ros/jazzy DEBUGINFOD_URLS=https://debuginfod.ubuntu.com /usr/bin/cmake --install /home/guilhermecabaco/Desktop/ros2_ws/ros2_tutorial4/colcon_ws3/build/learning_tf2
[8.784s] Level 1:colcon.colcon_core.environment:create_environment_scripts_only(learning_tf2)
[8.785s] Level 1:colcon.colcon_core.environment:checking '/home/guilhermecabaco/Desktop/ros2_ws/ros2_tutorial4/colcon_ws3/install/learning_tf2' for CMake module files
[8.785s] DEBUG:colcon.colcon_core.event_handler.log_command:Invoked command in '/home/guilhermecabaco/Desktop/ros2_ws/ros2_tutorial4/colcon_ws3/build/learning_tf2' returned '0': CMAKE_PREFIX_PATH=${CMAKE_PREFIX_PATH}:/home/guilhermecabaco/Desktop/ros2_ws/tutoriais_ros2/install/temperature_monitor:/opt/ros/jazzy DEBUGINFOD_URLS=https://debuginfod.ubuntu.com /usr/bin/cmake --install /home/guilhermecabaco/Desktop/ros2_ws/ros2_tutorial4/colcon_ws3/build/learning_tf2
[8.786s] Level 1:colcon.colcon_core.environment:checking '/home/guilhermecabaco/Desktop/ros2_ws/ros2_tutorial4/colcon_ws3/install/learning_tf2' for CMake config files
[8.786s] Level 1:colcon.colcon_core.shell:create_environment_hook('learning_tf2', 'cmake_prefix_path')
[8.786s] INFO:colcon.colcon_core.shell:Creating environment descriptor '/home/guilhermecabaco/Desktop/ros2_ws/ros2_tutorial4/colcon_ws3/install/learning_tf2/share/learning_tf2/hook/cmake_prefix_path.dsv'
[8.787s] INFO:colcon.colcon_core.shell:Creating environment hook '/home/guilhermecabaco/Desktop/ros2_ws/ros2_tutorial4/colcon_ws3/install/learning_tf2/share/learning_tf2/hook/cmake_prefix_path.sh'
[8.787s] Level 1:colcon.colcon_core.environment:checking '/home/guilhermecabaco/Desktop/ros2_ws/ros2_tutorial4/colcon_ws3/install/learning_tf2/lib'
[8.787s] Level 1:colcon.colcon_core.environment:checking '/home/guilhermecabaco/Desktop/ros2_ws/ros2_tutorial4/colcon_ws3/install/learning_tf2/bin'
[8.787s] Level 1:colcon.colcon_core.environment:checking '/home/guilhermecabaco/Desktop/ros2_ws/ros2_tutorial4/colcon_ws3/install/learning_tf2/lib/pkgconfig/learning_tf2.pc'
[8.787s] Level 1:colcon.colcon_core.environment:checking '/home/guilhermecabaco/Desktop/ros2_ws/ros2_tutorial4/colcon_ws3/install/learning_tf2/lib/python3.12/site-packages'
[8.788s] Level 1:colcon.colcon_core.environment:checking '/home/guilhermecabaco/Desktop/ros2_ws/ros2_tutorial4/colcon_ws3/install/learning_tf2/bin'
[8.788s] INFO:colcon.colcon_core.shell:Creating package descriptor '/home/guilhermecabaco/Desktop/ros2_ws/ros2_tutorial4/colcon_ws3/install/learning_tf2/share/learning_tf2/package.dsv'
[8.788s] INFO:colcon.colcon_core.shell:Creating package script '/home/guilhermecabaco/Desktop/ros2_ws/ros2_tutorial4/colcon_ws3/install/learning_tf2/share/learning_tf2/package.sh'
[8.788s] INFO:colcon.colcon_core.shell:Creating package script '/home/guilhermecabaco/Desktop/ros2_ws/ros2_tutorial4/colcon_ws3/install/learning_tf2/share/learning_tf2/package.bash'
[8.788s] INFO:colcon.colcon_core.shell:Creating package script '/home/guilhermecabaco/Desktop/ros2_ws/ros2_tutorial4/colcon_ws3/install/learning_tf2/share/learning_tf2/package.zsh'
[8.789s] Level 1:colcon.colcon_core.environment:create_file_with_runtime_dependencies(/home/guilhermecabaco/Desktop/ros2_ws/ros2_tutorial4/colcon_ws3/install/learning_tf2/share/colcon-core/packages/learning_tf2)
[8.789s] Level 1:colcon.colcon_core.environment:create_environment_scripts_only(learning_tf2)
[8.789s] Level 1:colcon.colcon_core.environment:checking '/home/guilhermecabaco/Desktop/ros2_ws/ros2_tutorial4/colcon_ws3/install/learning_tf2' for CMake module files
[8.790s] Level 1:colcon.colcon_core.environment:checking '/home/guilhermecabaco/Desktop/ros2_ws/ros2_tutorial4/colcon_ws3/install/learning_tf2' for CMake config files
[8.790s] Level 1:colcon.colcon_core.shell:create_environment_hook('learning_tf2', 'cmake_prefix_path')
[8.790s] INFO:colcon.colcon_core.shell:Creating environment descriptor '/home/guilhermecabaco/Desktop/ros2_ws/ros2_tutorial4/colcon_ws3/install/learning_tf2/share/learning_tf2/hook/cmake_prefix_path.dsv'
[8.791s] INFO:colcon.colcon_core.shell:Creating environment hook '/home/guilhermecabaco/Desktop/ros2_ws/ros2_tutorial4/colcon_ws3/install/learning_tf2/share/learning_tf2/hook/cmake_prefix_path.sh'
[8.791s] Level 1:colcon.colcon_core.environment:checking '/home/guilhermecabaco/Desktop/ros2_ws/ros2_tutorial4/colcon_ws3/install/learning_tf2/lib'
[8.791s] Level 1:colcon.colcon_core.environment:checking '/home/guilhermecabaco/Desktop/ros2_ws/ros2_tutorial4/colcon_ws3/install/learning_tf2/bin'
[8.791s] Level 1:colcon.colcon_core.environment:checking '/home/guilhermecabaco/Desktop/ros2_ws/ros2_tutorial4/colcon_ws3/install/learning_tf2/lib/pkgconfig/learning_tf2.pc'
[8.791s] Level 1:colcon.colcon_core.environment:checking '/home/guilhermecabaco/Desktop/ros2_ws/ros2_tutorial4/colcon_ws3/install/learning_tf2/lib/python3.12/site-packages'
[8.791s] Level 1:colcon.colcon_core.environment:checking '/home/guilhermecabaco/Desktop/ros2_ws/ros2_tutorial4/colcon_ws3/install/learning_tf2/bin'
[8.792s] INFO:colcon.colcon_core.shell:Creating package descriptor '/home/guilhermecabaco/Desktop/ros2_ws/ros2_tutorial4/colcon_ws3/install/learning_tf2/share/learning_tf2/package.dsv'
[8.792s] INFO:colcon.colcon_core.shell:Creating package script '/home/guilhermecabaco/Desktop/ros2_ws/ros2_tutorial4/colcon_ws3/install/learning_tf2/share/learning_tf2/package.sh'
[8.792s] INFO:colcon.colcon_core.shell:Creating package script '/home/guilhermecabaco/Desktop/ros2_ws/ros2_tutorial4/colcon_ws3/install/learning_tf2/share/learning_tf2/package.bash'
[8.793s] INFO:colcon.colcon_core.shell:Creating package script '/home/guilhermecabaco/Desktop/ros2_ws/ros2_tutorial4/colcon_ws3/install/learning_tf2/share/learning_tf2/package.zsh'
[8.793s] Level 1:colcon.colcon_core.environment:create_file_with_runtime_dependencies(/home/guilhermecabaco/Desktop/ros2_ws/ros2_tutorial4/colcon_ws3/install/learning_tf2/share/colcon-core/packages/learning_tf2)
[13.508s] DEBUG:colcon.colcon_core.event_handler.log_command:Invoked command in '/home/guilhermecabaco/Desktop/ros2_ws/ros2_tutorial4/colcon_ws3/build/pubsub_custom_param' returned '0': AMENT_PREFIX_PATH=/home/guilhermecabaco/Desktop/ros2_ws/ros2_tutorial4/colcon_ws3/install/custom_interfaces:${AMENT_PREFIX_PATH} CMAKE_PREFIX_PATH=/home/guilhermecabaco/Desktop/ros2_ws/ros2_tutorial4/colcon_ws3/install/custom_interfaces:/home/guilhermecabaco/Desktop/ros2_ws/ros2_tutorial4/ex3b/install/urdf_tutorial:/home/guilhermecabaco/Desktop/ros2_ws/ros2_tutorial4/ex3b/install/rviz2_marker_demo:/home/guilhermecabaco/Desktop/ros2_ws/ros2_tutorial4/ex3b/install/custom_interfaces:/home/guilhermecabaco/Desktop/ros2_ws/ros2_tutorial4/install/rviz2_marker_demo:/home/guilhermecabaco/Desktop/ros2_ws/ros2_tutorial4/install/pubsub_custom_param:/home/guilhermecabaco/Desktop/ros2_ws/ros2_tutorial4/install/custom_interfaces:/home/guilhermecabaco/Desktop/ros2_ws/ros2_tutorial4/install/urdf_tutorial:/home/guilhermecabaco/Desktop/ros2_ws/ros2_tutorial4/src/install/urdf_tutorial:/home/guilhermecabaco/Desktop/ros2_ws/install/simple_robot_description2:/home/guilhermecabaco/Desktop/ros2_ws/install/simple_robot_description:/home/guilhermecabaco/Desktop/ros2_ws/tutoriais_ros2/install/simple_robot_description2:/home/guilhermecabaco/Desktop/ros2_ws/tutoriais_ros2/install/simple_robot_description:/home/guilhermecabaco/Desktop/ros2_ws/tutoriais_ros2/install/robot_description_tut3:/home/guilhermecabaco/Desktop/ros2_ws/tutoriais_ros2/install/my_robot:/home/guilhermecabaco/Desktop/ros2_ws/tutoriais_ros2/src/simple_robot_description/install/simple_robot_description:/opt/ros/jazzy/opt/gz_sim_vendor:/opt/ros/jazzy/opt/gz_sensors_vendor:/opt/ros/jazzy/opt/gz_physics_vendor:/opt/ros/jazzy/opt/sdformat_vendor:/opt/ros/jazzy/opt/gz_gui_vendor:/opt/ros/jazzy/opt/gz_transport_vendor:/opt/ros/jazzy/opt/gz_rendering_vendor:/opt/ros/jazzy/opt/gz_plugin_vendor:/opt/ros/jazzy/opt/gz_fuel_tools_vendor:/opt/ros/jazzy/opt/gz_msgs_vendor:/opt/ros/jazzy/opt/gz_common_vendor:/opt/ros/jazzy/opt/gz_math_vendor:/opt/ros/jazzy/opt/gz_utils_vendor:/opt/ros/jazzy/opt/gz_tools_vendor:/opt/ros/jazzy/opt/gz_ogre_next_vendor:/opt/ros/jazzy/opt/gz_dartsim_vendor:/opt/ros/jazzy/opt/gz_cmake_vendor:/home/guilhermecabaco/Desktop/ros2_ws/tutoriais_ros2/install/temperature_monitor:/opt/ros/jazzy DEBUGINFOD_URLS=https://debuginfod.ubuntu.com LD_LIBRARY_PATH=/home/guilhermecabaco/Desktop/ros2_ws/ros2_tutorial4/colcon_ws3/install/custom_interfaces/lib:${LD_LIBRARY_PATH} PYTHONPATH=/home/guilhermecabaco/Desktop/ros2_ws/ros2_tutorial4/colcon_ws3/install/custom_interfaces/lib/python3.12/site-packages:${PYTHONPATH} /usr/bin/cmake --build /home/guilhermecabaco/Desktop/ros2_ws/ros2_tutorial4/colcon_ws3/build/pubsub_custom_param -- -j12 -l12
[13.509s] DEBUG:colcon.colcon_core.event_handler.log_command:Invoking command in '/home/guilhermecabaco/Desktop/ros2_ws/ros2_tutorial4/colcon_ws3/build/pubsub_custom_param': AMENT_PREFIX_PATH=/home/guilhermecabaco/Desktop/ros2_ws/ros2_tutorial4/colcon_ws3/install/custom_interfaces:${AMENT_PREFIX_PATH} CMAKE_PREFIX_PATH=/home/guilhermecabaco/Desktop/ros2_ws/ros2_tutorial4/colcon_ws3/install/custom_interfaces:/home/guilhermecabaco/Desktop/ros2_ws/ros2_tutorial4/ex3b/install/urdf_tutorial:/home/guilhermecabaco/Desktop/ros2_ws/ros2_tutorial4/ex3b/install/rviz2_marker_demo:/home/guilhermecabaco/Desktop/ros2_ws/ros2_tutorial4/ex3b/install/custom_interfaces:/home/guilhermecabaco/Desktop/ros2_ws/ros2_tutorial4/install/rviz2_marker_demo:/home/guilhermecabaco/Desktop/ros2_ws/ros2_tutorial4/install/pubsub_custom_param:/home/guilhermecabaco/Desktop/ros2_ws/ros2_tutorial4/install/custom_interfaces:/home/guilhermecabaco/Desktop/ros2_ws/ros2_tutorial4/install/urdf_tutorial:/home/guilhermecabaco/Desktop/ros2_ws/ros2_tutorial4/src/install/urdf_tutorial:/home/guilhermecabaco/Desktop/ros2_ws/install/simple_robot_description2:/home/guilhermecabaco/Desktop/ros2_ws/install/simple_robot_description:/home/guilhermecabaco/Desktop/ros2_ws/tutoriais_ros2/install/simple_robot_description2:/home/guilhermecabaco/Desktop/ros2_ws/tutoriais_ros2/install/simple_robot_description:/home/guilhermecabaco/Desktop/ros2_ws/tutoriais_ros2/install/robot_description_tut3:/home/guilhermecabaco/Desktop/ros2_ws/tutoriais_ros2/install/my_robot:/home/guilhermecabaco/Desktop/ros2_ws/tutoriais_ros2/src/simple_robot_description/install/simple_robot_description:/opt/ros/jazzy/opt/gz_sim_vendor:/opt/ros/jazzy/opt/gz_sensors_vendor:/opt/ros/jazzy/opt/gz_physics_vendor:/opt/ros/jazzy/opt/sdformat_vendor:/opt/ros/jazzy/opt/gz_gui_vendor:/opt/ros/jazzy/opt/gz_transport_vendor:/opt/ros/jazzy/opt/gz_rendering_vendor:/opt/ros/jazzy/opt/gz_plugin_vendor:/opt/ros/jazzy/opt/gz_fuel_tools_vendor:/opt/ros/jazzy/opt/gz_msgs_vendor:/opt/ros/jazzy/opt/gz_common_vendor:/opt/ros/jazzy/opt/gz_math_vendor:/opt/ros/jazzy/opt/gz_utils_vendor:/opt/ros/jazzy/opt/gz_tools_vendor:/opt/ros/jazzy/opt/gz_ogre_next_vendor:/opt/ros/jazzy/opt/gz_dartsim_vendor:/opt/ros/jazzy/opt/gz_cmake_vendor:/home/guilhermecabaco/Desktop/ros2_ws/tutoriais_ros2/install/temperature_monitor:/opt/ros/jazzy DEBUGINFOD_URLS=https://debuginfod.ubuntu.com LD_LIBRARY_PATH=/home/guilhermecabaco/Desktop/ros2_ws/ros2_tutorial4/colcon_ws3/install/custom_interfaces/lib:${LD_LIBRARY_PATH} PYTHONPATH=/home/guilhermecabaco/Desktop/ros2_ws/ros2_tutorial4/colcon_ws3/install/custom_interfaces/lib/python3.12/site-packages:${PYTHONPATH} /usr/bin/cmake --install /home/guilhermecabaco/Desktop/ros2_ws/ros2_tutorial4/colcon_ws3/build/pubsub_custom_param
[13.531s] Level 1:colcon.colcon_core.environment:create_environment_scripts_only(pubsub_custom_param)
[13.531s] Level 1:colcon.colcon_core.environment:checking '/home/guilhermecabaco/Desktop/ros2_ws/ros2_tutorial4/colcon_ws3/install/pubsub_custom_param' for CMake module files
[13.532s] DEBUG:colcon.colcon_core.event_handler.log_command:Invoked command in '/home/guilhermecabaco/Desktop/ros2_ws/ros2_tutorial4/colcon_ws3/build/pubsub_custom_param' returned '0': AMENT_PREFIX_PATH=/home/guilhermecabaco/Desktop/ros2_ws/ros2_tutorial4/colcon_ws3/install/custom_interfaces:${AMENT_PREFIX_PATH} CMAKE_PREFIX_PATH=/home/guilhermecabaco/Desktop/ros2_ws/ros2_tutorial4/colcon_ws3/install/custom_interfaces:/home/guilhermecabaco/Desktop/ros2_ws/ros2_tutorial4/ex3b/install/urdf_tutorial:/home/guilhermecabaco/Desktop/ros2_ws/ros2_tutorial4/ex3b/install/rviz2_marker_demo:/home/guilhermecabaco/Desktop/ros2_ws/ros2_tutorial4/ex3b/install/custom_interfaces:/home/guilhermecabaco/Desktop/ros2_ws/ros2_tutorial4/install/rviz2_marker_demo:/home/guilhermecabaco/Desktop/ros2_ws/ros2_tutorial4/install/pubsub_custom_param:/home/guilhermecabaco/Desktop/ros2_ws/ros2_tutorial4/install/custom_interfaces:/home/guilhermecabaco/Desktop/ros2_ws/ros2_tutorial4/install/urdf_tutorial:/home/guilhermecabaco/Desktop/ros2_ws/ros2_tutorial4/src/install/urdf_tutorial:/home/guilhermecabaco/Desktop/ros2_ws/install/simple_robot_description2:/home/guilhermecabaco/Desktop/ros2_ws/install/simple_robot_description:/home/guilhermecabaco/Desktop/ros2_ws/tutoriais_ros2/install/simple_robot_description2:/home/guilhermecabaco/Desktop/ros2_ws/tutoriais_ros2/install/simple_robot_description:/home/guilhermecabaco/Desktop/ros2_ws/tutoriais_ros2/install/robot_description_tut3:/home/guilhermecabaco/Desktop/ros2_ws/tutoriais_ros2/install/my_robot:/home/guilhermecabaco/Desktop/ros2_ws/tutoriais_ros2/src/simple_robot_description/install/simple_robot_description:/opt/ros/jazzy/opt/gz_sim_vendor:/opt/ros/jazzy/opt/gz_sensors_vendor:/opt/ros/jazzy/opt/gz_physics_vendor:/opt/ros/jazzy/opt/sdformat_vendor:/opt/ros/jazzy/opt/gz_gui_vendor:/opt/ros/jazzy/opt/gz_transport_vendor:/opt/ros/jazzy/opt/gz_rendering_vendor:/opt/ros/jazzy/opt/gz_plugin_vendor:/opt/ros/jazzy/opt/gz_fuel_tools_vendor:/opt/ros/jazzy/opt/gz_msgs_vendor:/opt/ros/jazzy/opt/gz_common_vendor:/opt/ros/jazzy/opt/gz_math_vendor:/opt/ros/jazzy/opt/gz_utils_vendor:/opt/ros/jazzy/opt/gz_tools_vendor:/opt/ros/jazzy/opt/gz_ogre_next_vendor:/opt/ros/jazzy/opt/gz_dartsim_vendor:/opt/ros/jazzy/opt/gz_cmake_vendor:/home/guilhermecabaco/Desktop/ros2_ws/tutoriais_ros2/install/temperature_monitor:/opt/ros/jazzy DEBUGINFOD_URLS=https://debuginfod.ubuntu.com LD_LIBRARY_PATH=/home/guilhermecabaco/Desktop/ros2_ws/ros2_tutorial4/colcon_ws3/install/custom_interfaces/lib:${LD_LIBRARY_PATH} PYTHONPATH=/home/guilhermecabaco/Desktop/ros2_ws/ros2_tutorial4/colcon_ws3/install/custom_interfaces/lib/python3.12/site-packages:${PYTHONPATH} /usr/bin/cmake --install /home/guilhermecabaco/Desktop/ros2_ws/ros2_tutorial4/colcon_ws3/build/pubsub_custom_param
[13.532s] Level 1:colcon.colcon_core.environment:checking '/home/guilhermecabaco/Desktop/ros2_ws/ros2_tutorial4/colcon_ws3/install/pubsub_custom_param' for CMake config files
[13.533s] Level 1:colcon.colcon_core.shell:create_environment_hook('pubsub_custom_param', 'cmake_prefix_path')
[13.533s] INFO:colcon.colcon_core.shell:Creating environment descriptor '/home/guilhermecabaco/Desktop/ros2_ws/ros2_tutorial4/colcon_ws3/install/pubsub_custom_param/share/pubsub_custom_param/hook/cmake_prefix_path.dsv'
[13.533s] INFO:colcon.colcon_core.shell:Creating environment hook '/home/guilhermecabaco/Desktop/ros2_ws/ros2_tutorial4/colcon_ws3/install/pubsub_custom_param/share/pubsub_custom_param/hook/cmake_prefix_path.sh'
[13.533s] Level 1:colcon.colcon_core.environment:checking '/home/guilhermecabaco/Desktop/ros2_ws/ros2_tutorial4/colcon_ws3/install/pubsub_custom_param/lib'
[13.533s] Level 1:colcon.colcon_core.environment:checking '/home/guilhermecabaco/Desktop/ros2_ws/ros2_tutorial4/colcon_ws3/install/pubsub_custom_param/bin'
[13.533s] Level 1:colcon.colcon_core.environment:checking '/home/guilhermecabaco/Desktop/ros2_ws/ros2_tutorial4/colcon_ws3/install/pubsub_custom_param/lib/pkgconfig/pubsub_custom_param.pc'
[13.534s] Level 1:colcon.colcon_core.environment:checking '/home/guilhermecabaco/Desktop/ros2_ws/ros2_tutorial4/colcon_ws3/install/pubsub_custom_param/lib/python3.12/site-packages'
[13.534s] Level 1:colcon.colcon_core.environment:checking '/home/guilhermecabaco/Desktop/ros2_ws/ros2_tutorial4/colcon_ws3/install/pubsub_custom_param/bin'
[13.534s] INFO:colcon.colcon_core.shell:Creating package descriptor '/home/guilhermecabaco/Desktop/ros2_ws/ros2_tutorial4/colcon_ws3/install/pubsub_custom_param/share/pubsub_custom_param/package.dsv'
[13.534s] INFO:colcon.colcon_core.shell:Creating package script '/home/guilhermecabaco/Desktop/ros2_ws/ros2_tutorial4/colcon_ws3/install/pubsub_custom_param/share/pubsub_custom_param/package.sh'
[13.535s] INFO:colcon.colcon_core.shell:Creating package script '/home/guilhermecabaco/Desktop/ros2_ws/ros2_tutorial4/colcon_ws3/install/pubsub_custom_param/share/pubsub_custom_param/package.bash'
[13.535s] INFO:colcon.colcon_core.shell:Creating package script '/home/guilhermecabaco/Desktop/ros2_ws/ros2_tutorial4/colcon_ws3/install/pubsub_custom_param/share/pubsub_custom_param/package.zsh'
[13.535s] Level 1:colcon.colcon_core.environment:create_file_with_runtime_dependencies(/home/guilhermecabaco/Desktop/ros2_ws/ros2_tutorial4/colcon_ws3/install/pubsub_custom_param/share/colcon-core/packages/pubsub_custom_param)
[13.535s] Level 1:colcon.colcon_core.environment:create_environment_scripts_only(pubsub_custom_param)
[13.535s] Level 1:colcon.colcon_core.environment:checking '/home/guilhermecabaco/Desktop/ros2_ws/ros2_tutorial4/colcon_ws3/install/pubsub_custom_param' for CMake module files
[13.536s] Level 1:colcon.colcon_core.environment:checking '/home/guilhermecabaco/Desktop/ros2_ws/ros2_tutorial4/colcon_ws3/install/pubsub_custom_param' for CMake config files
[13.536s] Level 1:colcon.colcon_core.shell:create_environment_hook('pubsub_custom_param', 'cmake_prefix_path')
[13.536s] INFO:colcon.colcon_core.shell:Creating environment descriptor '/home/guilhermecabaco/Desktop/ros2_ws/ros2_tutorial4/colcon_ws3/install/pubsub_custom_param/share/pubsub_custom_param/hook/cmake_prefix_path.dsv'
[13.536s] INFO:colcon.colcon_core.shell:Creating environment hook '/home/guilhermecabaco/Desktop/ros2_ws/ros2_tutorial4/colcon_ws3/install/pubsub_custom_param/share/pubsub_custom_param/hook/cmake_prefix_path.sh'
[13.537s] Level 1:colcon.colcon_core.environment:checking '/home/guilhermecabaco/Desktop/ros2_ws/ros2_tutorial4/colcon_ws3/install/pubsub_custom_param/lib'
[13.537s] Level 1:colcon.colcon_core.environment:checking '/home/guilhermecabaco/Desktop/ros2_ws/ros2_tutorial4/colcon_ws3/install/pubsub_custom_param/bin'
[13.537s] Level 1:colcon.colcon_core.environment:checking '/home/guilhermecabaco/Desktop/ros2_ws/ros2_tutorial4/colcon_ws3/install/pubsub_custom_param/lib/pkgconfig/pubsub_custom_param.pc'
[13.537s] Level 1:colcon.colcon_core.environment:checking '/home/guilhermecabaco/Desktop/ros2_ws/ros2_tutorial4/colcon_ws3/install/pubsub_custom_param/lib/python3.12/site-packages'
[13.537s] Level 1:colcon.colcon_core.environment:checking '/home/guilhermecabaco/Desktop/ros2_ws/ros2_tutorial4/colcon_ws3/install/pubsub_custom_param/bin'
[13.537s] INFO:colcon.colcon_core.shell:Creating package descriptor '/home/guilhermecabaco/Desktop/ros2_ws/ros2_tutorial4/colcon_ws3/install/pubsub_custom_param/share/pubsub_custom_param/package.dsv'
[13.538s] INFO:colcon.colcon_core.shell:Creating package script '/home/guilhermecabaco/Desktop/ros2_ws/ros2_tutorial4/colcon_ws3/install/pubsub_custom_param/share/pubsub_custom_param/package.sh'
[13.538s] INFO:colcon.colcon_core.shell:Creating package script '/home/guilhermecabaco/Desktop/ros2_ws/ros2_tutorial4/colcon_ws3/install/pubsub_custom_param/share/pubsub_custom_param/package.bash'
[13.538s] INFO:colcon.colcon_core.shell:Creating package script '/home/guilhermecabaco/Desktop/ros2_ws/ros2_tutorial4/colcon_ws3/install/pubsub_custom_param/share/pubsub_custom_param/package.zsh'
[13.539s] Level 1:colcon.colcon_core.environment:create_file_with_runtime_dependencies(/home/guilhermecabaco/Desktop/ros2_ws/ros2_tutorial4/colcon_ws3/install/pubsub_custom_param/share/colcon-core/packages/pubsub_custom_param)
[13.539s] DEBUG:colcon.colcon_parallel_executor.executor.parallel:closing loop
[13.539s] DEBUG:colcon.colcon_parallel_executor.executor.parallel:loop closed
[13.540s] DEBUG:colcon.colcon_parallel_executor.executor.parallel:run_until_complete finished with '0'
[13.540s] DEBUG:colcon.colcon_core.event_reactor:joining thread
[13.546s] INFO:colcon.colcon_core.plugin_system:Skipping extension 'colcon_notification.desktop_notification.terminal_notifier': Not used on non-Darwin systems
[13.546s] INFO:colcon.colcon_core.plugin_system:Skipping extension 'colcon_notification.desktop_notification.win32': Not used on non-Windows systems
[13.546s] INFO:colcon.colcon_notification.desktop_notification:Sending desktop notification using 'notify2'
[13.569s] DEBUG:colcon.colcon_core.event_reactor:joined thread
[13.569s] INFO:colcon.colcon_core.shell:Creating prefix script '/home/guilhermecabaco/Desktop/ros2_ws/ros2_tutorial4/colcon_ws3/install/local_setup.sh'
[13.570s] INFO:colcon.colcon_core.shell:Creating prefix util module '/home/guilhermecabaco/Desktop/ros2_ws/ros2_tutorial4/colcon_ws3/install/_local_setup_util_sh.py'
[13.572s] INFO:colcon.colcon_core.shell:Creating prefix chain script '/home/guilhermecabaco/Desktop/ros2_ws/ros2_tutorial4/colcon_ws3/install/setup.sh'
[13.574s] INFO:colcon.colcon_core.shell:Creating prefix script '/home/guilhermecabaco/Desktop/ros2_ws/ros2_tutorial4/colcon_ws3/install/local_setup.bash'
[13.575s] INFO:colcon.colcon_core.shell:Creating prefix chain script '/home/guilhermecabaco/Desktop/ros2_ws/ros2_tutorial4/colcon_ws3/install/setup.bash'
[13.576s] INFO:colcon.colcon_core.shell:Creating prefix script '/home/guilhermecabaco/Desktop/ros2_ws/ros2_tutorial4/colcon_ws3/install/local_setup.zsh'
[13.576s] INFO:colcon.colcon_core.shell:Creating prefix chain script '/home/guilhermecabaco/Desktop/ros2_ws/ros2_tutorial4/colcon_ws3/install/setup.zsh'
