[0.016s] Invoking command in '/home/guilhermecabaco/Desktop/ros2_ws/ros2_tutorial4/colcon_ws3/build/rviz2_marker_demo': CMAKE_PREFIX_PATH=${CMAKE_PREFIX_PATH}:/home/guilhermecabaco/Desktop/ros2_ws/tutoriais_ros2/install/temperature_monitor:/opt/ros/jazzy DEBUGINFOD_URLS=https://debuginfod.ubuntu.com /usr/bin/cmake --build /home/guilhermecabaco/Desktop/ros2_ws/ros2_tutorial4/colcon_ws3/build/rviz2_marker_demo -- -j12 -l12
[0.095s] [100%] Built target rviz_node
[0.110s] Invoked command in '/home/guilhermecabaco/Desktop/ros2_ws/ros2_tutorial4/colcon_ws3/build/rviz2_marker_demo' returned '0': CMAKE_PREFIX_PATH=${CMAKE_PREFIX_PATH}:/home/guilhermecabaco/Desktop/ros2_ws/tutoriais_ros2/install/temperature_monitor:/opt/ros/jazzy DEBUGINFOD_URLS=https://debuginfod.ubuntu.com /usr/bin/cmake --build /home/guilhermecabaco/Desktop/ros2_ws/ros2_tutorial4/colcon_ws3/build/rviz2_marker_demo -- -j12 -l12
[0.111s] Invoking command in '/home/guilhermecabaco/Desktop/ros2_ws/ros2_tutorial4/colcon_ws3/build/rviz2_marker_demo': CMAKE_PREFIX_PATH=${CMAKE_PREFIX_PATH}:/home/guilhermecabaco/Desktop/ros2_ws/tutoriais_ros2/install/temperature_monitor:/opt/ros/jazzy DEBUGINFOD_URLS=https://debuginfod.ubuntu.com /usr/bin/cmake --install /home/guilhermecabaco/Desktop/ros2_ws/ros2_tutorial4/colcon_ws3/build/rviz2_marker_demo
[0.123s] -- Install configuration: ""
[0.124s] -- Up-to-date: /home/guilhermecabaco/Desktop/ros2_ws/ros2_tutorial4/colcon_ws3/install/rviz2_marker_demo/lib/rviz2_marker_demo/rviz_node
[0.124s] -- Up-to-date: /home/guilhermecabaco/Desktop/ros2_ws/ros2_tutorial4/colcon_ws3/install/rviz2_marker_demo/share/rviz2_marker_demo/launch
[0.125s] -- Up-to-date: /home/guilhermecabaco/Desktop/ros2_ws/ros2_tutorial4/colcon_ws3/install/rviz2_marker_demo/share/rviz2_marker_demo/launch/rviz_marker_demo.launch.py
[0.126s] -- Up-to-date: /home/guilhermecabaco/Desktop/ros2_ws/ros2_tutorial4/colcon_ws3/install/rviz2_marker_demo/share/rviz2_marker_demo/rviz
[0.126s] -- Up-to-date: /home/guilhermecabaco/Desktop/ros2_ws/ros2_tutorial4/colcon_ws3/install/rviz2_marker_demo/share/rviz2_marker_demo/rviz/rviz2_marker_demo.rviz
[0.127s] -- Up-to-date: /home/guilhermecabaco/Desktop/ros2_ws/ros2_tutorial4/colcon_ws3/install/rviz2_marker_demo/share/rviz2_marker_demo/objects
[0.127s] -- Up-to-date: /home/guilhermecabaco/Desktop/ros2_ws/ros2_tutorial4/colcon_ws3/install/rviz2_marker_demo/share/rviz2_marker_demo/objects/plane
[0.127s] -- Up-to-date: /home/guilhermecabaco/Desktop/ros2_ws/ros2_tutorial4/colcon_ws3/install/rviz2_marker_demo/share/rviz2_marker_demo/objects/plane/Chassis.stl
[0.127s] -- Up-to-date: /home/guilhermecabaco/Desktop/ros2_ws/ros2_tutorial4/colcon_ws3/install/rviz2_marker_demo/share/rviz2_marker_demo/objects/plane/Window.stl
[0.127s] -- Up-to-date: /home/guilhermecabaco/Desktop/ros2_ws/ros2_tutorial4/colcon_ws3/install/rviz2_marker_demo/share/rviz2_marker_demo/objects/plane/Propeller.stl
[0.127s] -- Up-to-date: /home/guilhermecabaco/Desktop/ros2_ws/ros2_tutorial4/colcon_ws3/install/rviz2_marker_demo/share/rviz2_marker_demo/objects/plane/FrontWheel.stl
[0.127s] -- Up-to-date: /home/guilhermecabaco/Desktop/ros2_ws/ros2_tutorial4/colcon_ws3/install/rviz2_marker_demo/share/rviz2_marker_demo/objects/plane/MotorGrill.stl
[0.127s] -- Up-to-date: /home/guilhermecabaco/Desktop/ros2_ws/ros2_tutorial4/colcon_ws3/install/rviz2_marker_demo/share/rviz2_marker_demo/objects/plane/UnderBody.stl
[0.127s] -- Up-to-date: /home/guilhermecabaco/Desktop/ros2_ws/ros2_tutorial4/colcon_ws3/install/rviz2_marker_demo/share/rviz2_marker_demo/objects/plane/RearWheelLeft.stl
[0.128s] -- Up-to-date: /home/guilhermecabaco/Desktop/ros2_ws/ros2_tutorial4/colcon_ws3/install/rviz2_marker_demo/share/rviz2_marker_demo/objects/plane/TopWing.dae
[0.128s] -- Up-to-date: /home/guilhermecabaco/Desktop/ros2_ws/ros2_tutorial4/colcon_ws3/install/rviz2_marker_demo/share/rviz2_marker_demo/objects/plane/UpperBody.dae
[0.128s] -- Up-to-date: /home/guilhermecabaco/Desktop/ros2_ws/ros2_tutorial4/colcon_ws3/install/rviz2_marker_demo/share/rviz2_marker_demo/objects/plane/BottomWing.stl
[0.128s] -- Up-to-date: /home/guilhermecabaco/Desktop/ros2_ws/ros2_tutorial4/colcon_ws3/install/rviz2_marker_demo/share/rviz2_marker_demo/objects/plane/TopWing.stl
[0.128s] -- Up-to-date: /home/guilhermecabaco/Desktop/ros2_ws/ros2_tutorial4/colcon_ws3/install/rviz2_marker_demo/share/rviz2_marker_demo/objects/plane/RearWing.stl
[0.128s] -- Up-to-date: /home/guilhermecabaco/Desktop/ros2_ws/ros2_tutorial4/colcon_ws3/install/rviz2_marker_demo/share/rviz2_marker_demo/objects/plane/UpperBody.stl
[0.128s] -- Up-to-date: /home/guilhermecabaco/Desktop/ros2_ws/ros2_tutorial4/colcon_ws3/install/rviz2_marker_demo/share/rviz2_marker_demo/objects/plane/RearWheelRight.stl
[0.129s] -- Up-to-date: /home/guilhermecabaco/Desktop/ros2_ws/ros2_tutorial4/colcon_ws3/install/rviz2_marker_demo/share/rviz2_marker_demo/objects/fixtures
[0.129s] -- Up-to-date: /home/guilhermecabaco/Desktop/ros2_ws/ros2_tutorial4/colcon_ws3/install/rviz2_marker_demo/share/rviz2_marker_demo/objects/fixtures/Wooden_Plate.dae
[0.129s] -- Up-to-date: /home/guilhermecabaco/Desktop/ros2_ws/ros2_tutorial4/colcon_ws3/install/rviz2_marker_demo/share/rviz2_marker_demo/objects/fixtures/Wooden_Plate.stl
[0.129s] -- Up-to-date: /home/guilhermecabaco/Desktop/ros2_ws/ros2_tutorial4/colcon_ws3/install/rviz2_marker_demo/share/ament_index/resource_index/package_run_dependencies/rviz2_marker_demo
[0.129s] -- Up-to-date: /home/guilhermecabaco/Desktop/ros2_ws/ros2_tutorial4/colcon_ws3/install/rviz2_marker_demo/share/ament_index/resource_index/parent_prefix_path/rviz2_marker_demo
[0.129s] -- Up-to-date: /home/guilhermecabaco/Desktop/ros2_ws/ros2_tutorial4/colcon_ws3/install/rviz2_marker_demo/share/rviz2_marker_demo/environment/ament_prefix_path.sh
[0.129s] -- Up-to-date: /home/guilhermecabaco/Desktop/ros2_ws/ros2_tutorial4/colcon_ws3/install/rviz2_marker_demo/share/rviz2_marker_demo/environment/ament_prefix_path.dsv
[0.130s] -- Up-to-date: /home/guilhermecabaco/Desktop/ros2_ws/ros2_tutorial4/colcon_ws3/install/rviz2_marker_demo/share/rviz2_marker_demo/environment/path.sh
[0.130s] -- Up-to-date: /home/guilhermecabaco/Desktop/ros2_ws/ros2_tutorial4/colcon_ws3/install/rviz2_marker_demo/share/rviz2_marker_demo/environment/path.dsv
[0.130s] -- Up-to-date: /home/guilhermecabaco/Desktop/ros2_ws/ros2_tutorial4/colcon_ws3/install/rviz2_marker_demo/share/rviz2_marker_demo/local_setup.bash
[0.131s] -- Up-to-date: /home/guilhermecabaco/Desktop/ros2_ws/ros2_tutorial4/colcon_ws3/install/rviz2_marker_demo/share/rviz2_marker_demo/local_setup.sh
[0.131s] -- Up-to-date: /home/guilhermecabaco/Desktop/ros2_ws/ros2_tutorial4/colcon_ws3/install/rviz2_marker_demo/share/rviz2_marker_demo/local_setup.zsh
[0.131s] -- Up-to-date: /home/guilhermecabaco/Desktop/ros2_ws/ros2_tutorial4/colcon_ws3/install/rviz2_marker_demo/share/rviz2_marker_demo/local_setup.dsv
[0.132s] -- Installing: /home/guilhermecabaco/Desktop/ros2_ws/ros2_tutorial4/colcon_ws3/install/rviz2_marker_demo/share/rviz2_marker_demo/package.dsv
[0.132s] -- Up-to-date: /home/guilhermecabaco/Desktop/ros2_ws/ros2_tutorial4/colcon_ws3/install/rviz2_marker_demo/share/ament_index/resource_index/packages/rviz2_marker_demo
[0.132s] -- Up-to-date: /home/guilhermecabaco/Desktop/ros2_ws/ros2_tutorial4/colcon_ws3/install/rviz2_marker_demo/share/rviz2_marker_demo/cmake/ament_cmake_export_dependencies-extras.cmake
[0.133s] -- Up-to-date: /home/guilhermecabaco/Desktop/ros2_ws/ros2_tutorial4/colcon_ws3/install/rviz2_marker_demo/share/rviz2_marker_demo/cmake/rviz2_marker_demoConfig.cmake
[0.133s] -- Up-to-date: /home/guilhermecabaco/Desktop/ros2_ws/ros2_tutorial4/colcon_ws3/install/rviz2_marker_demo/share/rviz2_marker_demo/cmake/rviz2_marker_demoConfig-version.cmake
[0.134s] -- Up-to-date: /home/guilhermecabaco/Desktop/ros2_ws/ros2_tutorial4/colcon_ws3/install/rviz2_marker_demo/share/rviz2_marker_demo/package.xml
[0.140s] Invoked command in '/home/guilhermecabaco/Desktop/ros2_ws/ros2_tutorial4/colcon_ws3/build/rviz2_marker_demo' returned '0': CMAKE_PREFIX_PATH=${CMAKE_PREFIX_PATH}:/home/guilhermecabaco/Desktop/ros2_ws/tutoriais_ros2/install/temperature_monitor:/opt/ros/jazzy DEBUGINFOD_URLS=https://debuginfod.ubuntu.com /usr/bin/cmake --install /home/guilhermecabaco/Desktop/ros2_ws/ros2_tutorial4/colcon_ws3/build/rviz2_marker_demo
