[0.024s] Invoking command in '/home/guilhermecabaco/Desktop/ros2_ws/ros2_tutorial4/colcon_ws3/build/custom_interfaces': CMAKE_PREFIX_PATH=${CMAKE_PREFIX_PATH}:/home/guilhermecabaco/Desktop/ros2_ws/tutoriais_ros2/install/temperature_monitor:/opt/ros/jazzy DEBUGINFOD_URLS=https://debuginfod.ubuntu.com /usr/bin/cmake --build /home/guilhermecabaco/Desktop/ros2_ws/ros2_tutorial4/colcon_ws3/build/custom_interfaces -- -j12 -l12
[0.086s] [  2%] Built target custom_interfaces__rosidl_generator_type_description
[0.098s] [  2%] Built target ament_cmake_python_copy_custom_interfaces
[0.113s] [  5%] Built target custom_interfaces__cpp
[0.114s] [ 20%] Built target custom_interfaces__rosidl_generator_c
[0.154s] [ 38%] Built target custom_interfaces__rosidl_typesupport_c
[0.154s] [ 38%] Built target custom_interfaces__rosidl_typesupport_cpp
[0.154s] [ 55%] Built target custom_interfaces__rosidl_typesupport_introspection_c
[0.154s] [ 73%] Built target custom_interfaces__rosidl_typesupport_introspection_cpp
[0.155s] [ 73%] Built target custom_interfaces__rosidl_typesupport_fastrtps_cpp
[0.155s] [ 73%] Built target custom_interfaces__rosidl_typesupport_fastrtps_c
[0.170s] [ 73%] Built target custom_interfaces
[0.196s] [ 76%] Built target custom_interfaces__py
[0.223s] [ 82%] Built target custom_interfaces__rosidl_generator_py
[0.250s] [ 88%] Built target custom_interfaces_s__rosidl_typesupport_introspection_c
[0.250s] [ 94%] Built target custom_interfaces_s__rosidl_typesupport_fastrtps_c
[0.255s] [100%] Built target custom_interfaces_s__rosidl_typesupport_c
[0.294s] running egg_info
[0.312s] writing custom_interfaces.egg-info/PKG-INFO
[0.312s] writing dependency_links to custom_interfaces.egg-info/dependency_links.txt
[0.313s] writing top-level names to custom_interfaces.egg-info/top_level.txt
[0.361s] reading manifest file 'custom_interfaces.egg-info/SOURCES.txt'
[0.362s] writing manifest file 'custom_interfaces.egg-info/SOURCES.txt'
[0.387s] [100%] Built target ament_cmake_python_build_custom_interfaces_egg
[0.402s] Invoked command in '/home/guilhermecabaco/Desktop/ros2_ws/ros2_tutorial4/colcon_ws3/build/custom_interfaces' returned '0': CMAKE_PREFIX_PATH=${CMAKE_PREFIX_PATH}:/home/guilhermecabaco/Desktop/ros2_ws/tutoriais_ros2/install/temperature_monitor:/opt/ros/jazzy DEBUGINFOD_URLS=https://debuginfod.ubuntu.com /usr/bin/cmake --build /home/guilhermecabaco/Desktop/ros2_ws/ros2_tutorial4/colcon_ws3/build/custom_interfaces -- -j12 -l12
[0.403s] Invoking command in '/home/guilhermecabaco/Desktop/ros2_ws/ros2_tutorial4/colcon_ws3/build/custom_interfaces': CMAKE_PREFIX_PATH=${CMAKE_PREFIX_PATH}:/home/guilhermecabaco/Desktop/ros2_ws/tutoriais_ros2/install/temperature_monitor:/opt/ros/jazzy DEBUGINFOD_URLS=https://debuginfod.ubuntu.com /usr/bin/cmake --install /home/guilhermecabaco/Desktop/ros2_ws/ros2_tutorial4/colcon_ws3/build/custom_interfaces
[0.414s] -- Install configuration: ""
[0.414s] -- Up-to-date: /home/guilhermecabaco/Desktop/ros2_ws/ros2_tutorial4/colcon_ws3/install/custom_interfaces/share/ament_index/resource_index/rosidl_interfaces/custom_interfaces
[0.414s] -- Up-to-date: /home/guilhermecabaco/Desktop/ros2_ws/ros2_tutorial4/colcon_ws3/install/custom_interfaces/share/custom_interfaces/msg/MyMessage.json
[0.414s] -- Up-to-date: /home/guilhermecabaco/Desktop/ros2_ws/ros2_tutorial4/colcon_ws3/install/custom_interfaces/include/custom_interfaces/custom_interfaces
[0.414s] -- Up-to-date: /home/guilhermecabaco/Desktop/ros2_ws/ros2_tutorial4/colcon_ws3/install/custom_interfaces/include/custom_interfaces/custom_interfaces/msg
[0.414s] -- Up-to-date: /home/guilhermecabaco/Desktop/ros2_ws/ros2_tutorial4/colcon_ws3/install/custom_interfaces/include/custom_interfaces/custom_interfaces/msg/rosidl_generator_c__visibility_control.h
[0.414s] -- Up-to-date: /home/guilhermecabaco/Desktop/ros2_ws/ros2_tutorial4/colcon_ws3/install/custom_interfaces/include/custom_interfaces/custom_interfaces/msg/my_message.h
[0.414s] -- Up-to-date: /home/guilhermecabaco/Desktop/ros2_ws/ros2_tutorial4/colcon_ws3/install/custom_interfaces/include/custom_interfaces/custom_interfaces/msg/detail
[0.414s] -- Up-to-date: /home/guilhermecabaco/Desktop/ros2_ws/ros2_tutorial4/colcon_ws3/install/custom_interfaces/include/custom_interfaces/custom_interfaces/msg/detail/my_message__functions.c
[0.415s] -- Up-to-date: /home/guilhermecabaco/Desktop/ros2_ws/ros2_tutorial4/colcon_ws3/install/custom_interfaces/include/custom_interfaces/custom_interfaces/msg/detail/my_message__struct.h
[0.415s] -- Up-to-date: /home/guilhermecabaco/Desktop/ros2_ws/ros2_tutorial4/colcon_ws3/install/custom_interfaces/include/custom_interfaces/custom_interfaces/msg/detail/my_message__functions.h
[0.415s] -- Up-to-date: /home/guilhermecabaco/Desktop/ros2_ws/ros2_tutorial4/colcon_ws3/install/custom_interfaces/include/custom_interfaces/custom_interfaces/msg/detail/my_message__type_support.h
[0.415s] -- Up-to-date: /home/guilhermecabaco/Desktop/ros2_ws/ros2_tutorial4/colcon_ws3/install/custom_interfaces/include/custom_interfaces/custom_interfaces/msg/detail/my_message__type_support.c
[0.415s] -- Up-to-date: /home/guilhermecabaco/Desktop/ros2_ws/ros2_tutorial4/colcon_ws3/install/custom_interfaces/include/custom_interfaces/custom_interfaces/msg/detail/my_message__description.c
[0.415s] -- Up-to-date: /home/guilhermecabaco/Desktop/ros2_ws/ros2_tutorial4/colcon_ws3/install/custom_interfaces/share/custom_interfaces/environment/library_path.sh
[0.415s] -- Up-to-date: /home/guilhermecabaco/Desktop/ros2_ws/ros2_tutorial4/colcon_ws3/install/custom_interfaces/share/custom_interfaces/environment/library_path.dsv
[0.415s] -- Up-to-date: /home/guilhermecabaco/Desktop/ros2_ws/ros2_tutorial4/colcon_ws3/install/custom_interfaces/lib/libcustom_interfaces__rosidl_generator_c.so
[0.416s] -- Up-to-date: /home/guilhermecabaco/Desktop/ros2_ws/ros2_tutorial4/colcon_ws3/install/custom_interfaces/include/custom_interfaces/custom_interfaces
[0.416s] -- Up-to-date: /home/guilhermecabaco/Desktop/ros2_ws/ros2_tutorial4/colcon_ws3/install/custom_interfaces/include/custom_interfaces/custom_interfaces/msg
[0.416s] -- Up-to-date: /home/guilhermecabaco/Desktop/ros2_ws/ros2_tutorial4/colcon_ws3/install/custom_interfaces/include/custom_interfaces/custom_interfaces/msg/rosidl_typesupport_fastrtps_c__visibility_control.h
[0.416s] -- Up-to-date: /home/guilhermecabaco/Desktop/ros2_ws/ros2_tutorial4/colcon_ws3/install/custom_interfaces/include/custom_interfaces/custom_interfaces/msg/detail
[0.416s] -- Up-to-date: /home/guilhermecabaco/Desktop/ros2_ws/ros2_tutorial4/colcon_ws3/install/custom_interfaces/include/custom_interfaces/custom_interfaces/msg/detail/my_message__rosidl_typesupport_fastrtps_c.h
[0.416s] -- Up-to-date: /home/guilhermecabaco/Desktop/ros2_ws/ros2_tutorial4/colcon_ws3/install/custom_interfaces/lib/libcustom_interfaces__rosidl_typesupport_fastrtps_c.so
[0.416s] -- Up-to-date: /home/guilhermecabaco/Desktop/ros2_ws/ros2_tutorial4/colcon_ws3/install/custom_interfaces/include/custom_interfaces/custom_interfaces
[0.416s] -- Up-to-date: /home/guilhermecabaco/Desktop/ros2_ws/ros2_tutorial4/colcon_ws3/install/custom_interfaces/include/custom_interfaces/custom_interfaces/msg
[0.416s] -- Up-to-date: /home/guilhermecabaco/Desktop/ros2_ws/ros2_tutorial4/colcon_ws3/install/custom_interfaces/include/custom_interfaces/custom_interfaces/msg/my_message.hpp
[0.416s] -- Up-to-date: /home/guilhermecabaco/Desktop/ros2_ws/ros2_tutorial4/colcon_ws3/install/custom_interfaces/include/custom_interfaces/custom_interfaces/msg/rosidl_generator_cpp__visibility_control.hpp
[0.417s] -- Up-to-date: /home/guilhermecabaco/Desktop/ros2_ws/ros2_tutorial4/colcon_ws3/install/custom_interfaces/include/custom_interfaces/custom_interfaces/msg/detail
[0.417s] -- Up-to-date: /home/guilhermecabaco/Desktop/ros2_ws/ros2_tutorial4/colcon_ws3/install/custom_interfaces/include/custom_interfaces/custom_interfaces/msg/detail/my_message__traits.hpp
[0.417s] -- Up-to-date: /home/guilhermecabaco/Desktop/ros2_ws/ros2_tutorial4/colcon_ws3/install/custom_interfaces/include/custom_interfaces/custom_interfaces/msg/detail/my_message__type_support.hpp
[0.417s] -- Up-to-date: /home/guilhermecabaco/Desktop/ros2_ws/ros2_tutorial4/colcon_ws3/install/custom_interfaces/include/custom_interfaces/custom_interfaces/msg/detail/my_message__builder.hpp
[0.417s] -- Up-to-date: /home/guilhermecabaco/Desktop/ros2_ws/ros2_tutorial4/colcon_ws3/install/custom_interfaces/include/custom_interfaces/custom_interfaces/msg/detail/my_message__struct.hpp
[0.417s] -- Up-to-date: /home/guilhermecabaco/Desktop/ros2_ws/ros2_tutorial4/colcon_ws3/install/custom_interfaces/include/custom_interfaces/custom_interfaces
[0.417s] -- Up-to-date: /home/guilhermecabaco/Desktop/ros2_ws/ros2_tutorial4/colcon_ws3/install/custom_interfaces/include/custom_interfaces/custom_interfaces/msg
[0.417s] -- Up-to-date: /home/guilhermecabaco/Desktop/ros2_ws/ros2_tutorial4/colcon_ws3/install/custom_interfaces/include/custom_interfaces/custom_interfaces/msg/rosidl_typesupport_fastrtps_cpp__visibility_control.h
[0.417s] -- Up-to-date: /home/guilhermecabaco/Desktop/ros2_ws/ros2_tutorial4/colcon_ws3/install/custom_interfaces/include/custom_interfaces/custom_interfaces/msg/detail
[0.417s] -- Up-to-date: /home/guilhermecabaco/Desktop/ros2_ws/ros2_tutorial4/colcon_ws3/install/custom_interfaces/include/custom_interfaces/custom_interfaces/msg/detail/dds_fastrtps
[0.417s] -- Up-to-date: /home/guilhermecabaco/Desktop/ros2_ws/ros2_tutorial4/colcon_ws3/install/custom_interfaces/include/custom_interfaces/custom_interfaces/msg/detail/my_message__rosidl_typesupport_fastrtps_cpp.hpp
[0.418s] -- Up-to-date: /home/guilhermecabaco/Desktop/ros2_ws/ros2_tutorial4/colcon_ws3/install/custom_interfaces/lib/libcustom_interfaces__rosidl_typesupport_fastrtps_cpp.so
[0.418s] -- Up-to-date: /home/guilhermecabaco/Desktop/ros2_ws/ros2_tutorial4/colcon_ws3/install/custom_interfaces/include/custom_interfaces/custom_interfaces
[0.418s] -- Up-to-date: /home/guilhermecabaco/Desktop/ros2_ws/ros2_tutorial4/colcon_ws3/install/custom_interfaces/include/custom_interfaces/custom_interfaces/msg
[0.418s] -- Up-to-date: /home/guilhermecabaco/Desktop/ros2_ws/ros2_tutorial4/colcon_ws3/install/custom_interfaces/include/custom_interfaces/custom_interfaces/msg/rosidl_typesupport_introspection_c__visibility_control.h
[0.418s] -- Up-to-date: /home/guilhermecabaco/Desktop/ros2_ws/ros2_tutorial4/colcon_ws3/install/custom_interfaces/include/custom_interfaces/custom_interfaces/msg/detail
[0.418s] -- Up-to-date: /home/guilhermecabaco/Desktop/ros2_ws/ros2_tutorial4/colcon_ws3/install/custom_interfaces/include/custom_interfaces/custom_interfaces/msg/detail/my_message__rosidl_typesupport_introspection_c.h
[0.418s] -- Up-to-date: /home/guilhermecabaco/Desktop/ros2_ws/ros2_tutorial4/colcon_ws3/install/custom_interfaces/include/custom_interfaces/custom_interfaces/msg/detail/my_message__type_support.c
[0.418s] -- Up-to-date: /home/guilhermecabaco/Desktop/ros2_ws/ros2_tutorial4/colcon_ws3/install/custom_interfaces/lib/libcustom_interfaces__rosidl_typesupport_introspection_c.so
[0.418s] -- Up-to-date: /home/guilhermecabaco/Desktop/ros2_ws/ros2_tutorial4/colcon_ws3/install/custom_interfaces/lib/libcustom_interfaces__rosidl_typesupport_c.so
[0.418s] -- Up-to-date: /home/guilhermecabaco/Desktop/ros2_ws/ros2_tutorial4/colcon_ws3/install/custom_interfaces/include/custom_interfaces/custom_interfaces
[0.419s] -- Up-to-date: /home/guilhermecabaco/Desktop/ros2_ws/ros2_tutorial4/colcon_ws3/install/custom_interfaces/include/custom_interfaces/custom_interfaces/msg
[0.419s] -- Up-to-date: /home/guilhermecabaco/Desktop/ros2_ws/ros2_tutorial4/colcon_ws3/install/custom_interfaces/include/custom_interfaces/custom_interfaces/msg/detail
[0.419s] -- Up-to-date: /home/guilhermecabaco/Desktop/ros2_ws/ros2_tutorial4/colcon_ws3/install/custom_interfaces/include/custom_interfaces/custom_interfaces/msg/detail/my_message__rosidl_typesupport_introspection_cpp.hpp
[0.419s] -- Up-to-date: /home/guilhermecabaco/Desktop/ros2_ws/ros2_tutorial4/colcon_ws3/install/custom_interfaces/include/custom_interfaces/custom_interfaces/msg/detail/my_message__type_support.cpp
[0.419s] -- Up-to-date: /home/guilhermecabaco/Desktop/ros2_ws/ros2_tutorial4/colcon_ws3/install/custom_interfaces/lib/libcustom_interfaces__rosidl_typesupport_introspection_cpp.so
[0.419s] -- Up-to-date: /home/guilhermecabaco/Desktop/ros2_ws/ros2_tutorial4/colcon_ws3/install/custom_interfaces/lib/libcustom_interfaces__rosidl_typesupport_cpp.so
[0.419s] -- Up-to-date: /home/guilhermecabaco/Desktop/ros2_ws/ros2_tutorial4/colcon_ws3/install/custom_interfaces/share/custom_interfaces/environment/pythonpath.sh
[0.419s] -- Up-to-date: /home/guilhermecabaco/Desktop/ros2_ws/ros2_tutorial4/colcon_ws3/install/custom_interfaces/share/custom_interfaces/environment/pythonpath.dsv
[0.419s] -- Up-to-date: /home/guilhermecabaco/Desktop/ros2_ws/ros2_tutorial4/colcon_ws3/install/custom_interfaces/lib/python3.12/site-packages/custom_interfaces-0.0.0-py3.12.egg-info
[0.419s] -- Installing: /home/guilhermecabaco/Desktop/ros2_ws/ros2_tutorial4/colcon_ws3/install/custom_interfaces/lib/python3.12/site-packages/custom_interfaces-0.0.0-py3.12.egg-info/PKG-INFO
[0.419s] -- Installing: /home/guilhermecabaco/Desktop/ros2_ws/ros2_tutorial4/colcon_ws3/install/custom_interfaces/lib/python3.12/site-packages/custom_interfaces-0.0.0-py3.12.egg-info/dependency_links.txt
[0.419s] -- Installing: /home/guilhermecabaco/Desktop/ros2_ws/ros2_tutorial4/colcon_ws3/install/custom_interfaces/lib/python3.12/site-packages/custom_interfaces-0.0.0-py3.12.egg-info/SOURCES.txt
[0.420s] -- Installing: /home/guilhermecabaco/Desktop/ros2_ws/ros2_tutorial4/colcon_ws3/install/custom_interfaces/lib/python3.12/site-packages/custom_interfaces-0.0.0-py3.12.egg-info/top_level.txt
[0.420s] -- Up-to-date: /home/guilhermecabaco/Desktop/ros2_ws/ros2_tutorial4/colcon_ws3/install/custom_interfaces/lib/python3.12/site-packages/custom_interfaces
[0.420s] -- Up-to-date: /home/guilhermecabaco/Desktop/ros2_ws/ros2_tutorial4/colcon_ws3/install/custom_interfaces/lib/python3.12/site-packages/custom_interfaces/_custom_interfaces_s.ep.rosidl_typesupport_fastrtps_c.c
[0.420s] -- Up-to-date: /home/guilhermecabaco/Desktop/ros2_ws/ros2_tutorial4/colcon_ws3/install/custom_interfaces/lib/python3.12/site-packages/custom_interfaces/_custom_interfaces_s.ep.rosidl_typesupport_introspection_c.c
[0.420s] -- Up-to-date: /home/guilhermecabaco/Desktop/ros2_ws/ros2_tutorial4/colcon_ws3/install/custom_interfaces/lib/python3.12/site-packages/custom_interfaces/custom_interfaces_s__rosidl_typesupport_fastrtps_c.so
[0.420s] -- Up-to-date: /home/guilhermecabaco/Desktop/ros2_ws/ros2_tutorial4/colcon_ws3/install/custom_interfaces/lib/python3.12/site-packages/custom_interfaces/msg
[0.420s] -- Up-to-date: /home/guilhermecabaco/Desktop/ros2_ws/ros2_tutorial4/colcon_ws3/install/custom_interfaces/lib/python3.12/site-packages/custom_interfaces/msg/_my_message_s.c
[0.420s] -- Up-to-date: /home/guilhermecabaco/Desktop/ros2_ws/ros2_tutorial4/colcon_ws3/install/custom_interfaces/lib/python3.12/site-packages/custom_interfaces/msg/__init__.py
[0.420s] -- Up-to-date: /home/guilhermecabaco/Desktop/ros2_ws/ros2_tutorial4/colcon_ws3/install/custom_interfaces/lib/python3.12/site-packages/custom_interfaces/msg/_my_message.py
[0.420s] -- Up-to-date: /home/guilhermecabaco/Desktop/ros2_ws/ros2_tutorial4/colcon_ws3/install/custom_interfaces/lib/python3.12/site-packages/custom_interfaces/custom_interfaces_s__rosidl_typesupport_introspection_c.so
[0.420s] -- Up-to-date: /home/guilhermecabaco/Desktop/ros2_ws/ros2_tutorial4/colcon_ws3/install/custom_interfaces/lib/python3.12/site-packages/custom_interfaces/_custom_interfaces_s.ep.rosidl_typesupport_c.c
[0.420s] -- Up-to-date: /home/guilhermecabaco/Desktop/ros2_ws/ros2_tutorial4/colcon_ws3/install/custom_interfaces/lib/python3.12/site-packages/custom_interfaces/__init__.py
[0.420s] -- Up-to-date: /home/guilhermecabaco/Desktop/ros2_ws/ros2_tutorial4/colcon_ws3/install/custom_interfaces/lib/python3.12/site-packages/custom_interfaces/custom_interfaces_s__rosidl_typesupport_c.so
[0.450s] Listing '/home/guilhermecabaco/Desktop/ros2_ws/ros2_tutorial4/colcon_ws3/install/custom_interfaces/lib/python3.12/site-packages/custom_interfaces'...
[0.450s] Listing '/home/guilhermecabaco/Desktop/ros2_ws/ros2_tutorial4/colcon_ws3/install/custom_interfaces/lib/python3.12/site-packages/custom_interfaces/msg'...
[0.454s] -- Up-to-date: /home/guilhermecabaco/Desktop/ros2_ws/ros2_tutorial4/colcon_ws3/install/custom_interfaces/lib/python3.12/site-packages/custom_interfaces/custom_interfaces_s__rosidl_typesupport_fastrtps_c.so
[0.454s] -- Up-to-date: /home/guilhermecabaco/Desktop/ros2_ws/ros2_tutorial4/colcon_ws3/install/custom_interfaces/lib/python3.12/site-packages/custom_interfaces/custom_interfaces_s__rosidl_typesupport_introspection_c.so
[0.455s] -- Up-to-date: /home/guilhermecabaco/Desktop/ros2_ws/ros2_tutorial4/colcon_ws3/install/custom_interfaces/lib/python3.12/site-packages/custom_interfaces/custom_interfaces_s__rosidl_typesupport_c.so
[0.455s] -- Up-to-date: /home/guilhermecabaco/Desktop/ros2_ws/ros2_tutorial4/colcon_ws3/install/custom_interfaces/lib/libcustom_interfaces__rosidl_generator_py.so
[0.455s] -- Up-to-date: /home/guilhermecabaco/Desktop/ros2_ws/ros2_tutorial4/colcon_ws3/install/custom_interfaces/share/custom_interfaces/msg/MyMessage.idl
[0.455s] -- Up-to-date: /home/guilhermecabaco/Desktop/ros2_ws/ros2_tutorial4/colcon_ws3/install/custom_interfaces/share/custom_interfaces/msg/MyMessage.msg
[0.456s] -- Up-to-date: /home/guilhermecabaco/Desktop/ros2_ws/ros2_tutorial4/colcon_ws3/install/custom_interfaces/share/ament_index/resource_index/package_run_dependencies/custom_interfaces
[0.456s] -- Up-to-date: /home/guilhermecabaco/Desktop/ros2_ws/ros2_tutorial4/colcon_ws3/install/custom_interfaces/share/ament_index/resource_index/parent_prefix_path/custom_interfaces
[0.456s] -- Up-to-date: /home/guilhermecabaco/Desktop/ros2_ws/ros2_tutorial4/colcon_ws3/install/custom_interfaces/share/custom_interfaces/environment/ament_prefix_path.sh
[0.456s] -- Up-to-date: /home/guilhermecabaco/Desktop/ros2_ws/ros2_tutorial4/colcon_ws3/install/custom_interfaces/share/custom_interfaces/environment/ament_prefix_path.dsv
[0.456s] -- Up-to-date: /home/guilhermecabaco/Desktop/ros2_ws/ros2_tutorial4/colcon_ws3/install/custom_interfaces/share/custom_interfaces/environment/path.sh
[0.456s] -- Up-to-date: /home/guilhermecabaco/Desktop/ros2_ws/ros2_tutorial4/colcon_ws3/install/custom_interfaces/share/custom_interfaces/environment/path.dsv
[0.457s] -- Up-to-date: /home/guilhermecabaco/Desktop/ros2_ws/ros2_tutorial4/colcon_ws3/install/custom_interfaces/share/custom_interfaces/local_setup.bash
[0.457s] -- Up-to-date: /home/guilhermecabaco/Desktop/ros2_ws/ros2_tutorial4/colcon_ws3/install/custom_interfaces/share/custom_interfaces/local_setup.sh
[0.457s] -- Up-to-date: /home/guilhermecabaco/Desktop/ros2_ws/ros2_tutorial4/colcon_ws3/install/custom_interfaces/share/custom_interfaces/local_setup.zsh
[0.457s] -- Up-to-date: /home/guilhermecabaco/Desktop/ros2_ws/ros2_tutorial4/colcon_ws3/install/custom_interfaces/share/custom_interfaces/local_setup.dsv
[0.457s] -- Installing: /home/guilhermecabaco/Desktop/ros2_ws/ros2_tutorial4/colcon_ws3/install/custom_interfaces/share/custom_interfaces/package.dsv
[0.458s] -- Up-to-date: /home/guilhermecabaco/Desktop/ros2_ws/ros2_tutorial4/colcon_ws3/install/custom_interfaces/share/ament_index/resource_index/packages/custom_interfaces
[0.458s] -- Up-to-date: /home/guilhermecabaco/Desktop/ros2_ws/ros2_tutorial4/colcon_ws3/install/custom_interfaces/share/custom_interfaces/cmake/export_custom_interfaces__rosidl_generator_cExport.cmake
[0.458s] -- Up-to-date: /home/guilhermecabaco/Desktop/ros2_ws/ros2_tutorial4/colcon_ws3/install/custom_interfaces/share/custom_interfaces/cmake/export_custom_interfaces__rosidl_generator_cExport-noconfig.cmake
[0.458s] -- Up-to-date: /home/guilhermecabaco/Desktop/ros2_ws/ros2_tutorial4/colcon_ws3/install/custom_interfaces/share/custom_interfaces/cmake/export_custom_interfaces__rosidl_typesupport_fastrtps_cExport.cmake
[0.458s] -- Up-to-date: /home/guilhermecabaco/Desktop/ros2_ws/ros2_tutorial4/colcon_ws3/install/custom_interfaces/share/custom_interfaces/cmake/export_custom_interfaces__rosidl_typesupport_fastrtps_cExport-noconfig.cmake
[0.458s] -- Up-to-date: /home/guilhermecabaco/Desktop/ros2_ws/ros2_tutorial4/colcon_ws3/install/custom_interfaces/share/custom_interfaces/cmake/export_custom_interfaces__rosidl_generator_cppExport.cmake
[0.458s] -- Up-to-date: /home/guilhermecabaco/Desktop/ros2_ws/ros2_tutorial4/colcon_ws3/install/custom_interfaces/share/custom_interfaces/cmake/export_custom_interfaces__rosidl_typesupport_fastrtps_cppExport.cmake
[0.458s] -- Up-to-date: /home/guilhermecabaco/Desktop/ros2_ws/ros2_tutorial4/colcon_ws3/install/custom_interfaces/share/custom_interfaces/cmake/export_custom_interfaces__rosidl_typesupport_fastrtps_cppExport-noconfig.cmake
[0.458s] -- Up-to-date: /home/guilhermecabaco/Desktop/ros2_ws/ros2_tutorial4/colcon_ws3/install/custom_interfaces/share/custom_interfaces/cmake/custom_interfaces__rosidl_typesupport_introspection_cExport.cmake
[0.459s] -- Up-to-date: /home/guilhermecabaco/Desktop/ros2_ws/ros2_tutorial4/colcon_ws3/install/custom_interfaces/share/custom_interfaces/cmake/custom_interfaces__rosidl_typesupport_introspection_cExport-noconfig.cmake
[0.459s] -- Up-to-date: /home/guilhermecabaco/Desktop/ros2_ws/ros2_tutorial4/colcon_ws3/install/custom_interfaces/share/custom_interfaces/cmake/custom_interfaces__rosidl_typesupport_cExport.cmake
[0.459s] -- Up-to-date: /home/guilhermecabaco/Desktop/ros2_ws/ros2_tutorial4/colcon_ws3/install/custom_interfaces/share/custom_interfaces/cmake/custom_interfaces__rosidl_typesupport_cExport-noconfig.cmake
[0.459s] -- Up-to-date: /home/guilhermecabaco/Desktop/ros2_ws/ros2_tutorial4/colcon_ws3/install/custom_interfaces/share/custom_interfaces/cmake/custom_interfaces__rosidl_typesupport_introspection_cppExport.cmake
[0.459s] -- Up-to-date: /home/guilhermecabaco/Desktop/ros2_ws/ros2_tutorial4/colcon_ws3/install/custom_interfaces/share/custom_interfaces/cmake/custom_interfaces__rosidl_typesupport_introspection_cppExport-noconfig.cmake
[0.459s] -- Up-to-date: /home/guilhermecabaco/Desktop/ros2_ws/ros2_tutorial4/colcon_ws3/install/custom_interfaces/share/custom_interfaces/cmake/custom_interfaces__rosidl_typesupport_cppExport.cmake
[0.459s] -- Up-to-date: /home/guilhermecabaco/Desktop/ros2_ws/ros2_tutorial4/colcon_ws3/install/custom_interfaces/share/custom_interfaces/cmake/custom_interfaces__rosidl_typesupport_cppExport-noconfig.cmake
[0.459s] -- Up-to-date: /home/guilhermecabaco/Desktop/ros2_ws/ros2_tutorial4/colcon_ws3/install/custom_interfaces/share/custom_interfaces/cmake/export_custom_interfaces__rosidl_generator_pyExport.cmake
[0.459s] -- Up-to-date: /home/guilhermecabaco/Desktop/ros2_ws/ros2_tutorial4/colcon_ws3/install/custom_interfaces/share/custom_interfaces/cmake/export_custom_interfaces__rosidl_generator_pyExport-noconfig.cmake
[0.459s] -- Up-to-date: /home/guilhermecabaco/Desktop/ros2_ws/ros2_tutorial4/colcon_ws3/install/custom_interfaces/share/custom_interfaces/cmake/rosidl_cmake-extras.cmake
[0.459s] -- Up-to-date: /home/guilhermecabaco/Desktop/ros2_ws/ros2_tutorial4/colcon_ws3/install/custom_interfaces/share/custom_interfaces/cmake/ament_cmake_export_dependencies-extras.cmake
[0.460s] -- Up-to-date: /home/guilhermecabaco/Desktop/ros2_ws/ros2_tutorial4/colcon_ws3/install/custom_interfaces/share/custom_interfaces/cmake/ament_cmake_export_include_directories-extras.cmake
[0.460s] -- Up-to-date: /home/guilhermecabaco/Desktop/ros2_ws/ros2_tutorial4/colcon_ws3/install/custom_interfaces/share/custom_interfaces/cmake/ament_cmake_export_libraries-extras.cmake
[0.460s] -- Up-to-date: /home/guilhermecabaco/Desktop/ros2_ws/ros2_tutorial4/colcon_ws3/install/custom_interfaces/share/custom_interfaces/cmake/ament_cmake_export_targets-extras.cmake
[0.460s] -- Up-to-date: /home/guilhermecabaco/Desktop/ros2_ws/ros2_tutorial4/colcon_ws3/install/custom_interfaces/share/custom_interfaces/cmake/rosidl_cmake_export_typesupport_targets-extras.cmake
[0.460s] -- Up-to-date: /home/guilhermecabaco/Desktop/ros2_ws/ros2_tutorial4/colcon_ws3/install/custom_interfaces/share/custom_interfaces/cmake/rosidl_cmake_export_typesupport_libraries-extras.cmake
[0.461s] -- Up-to-date: /home/guilhermecabaco/Desktop/ros2_ws/ros2_tutorial4/colcon_ws3/install/custom_interfaces/share/custom_interfaces/cmake/custom_interfacesConfig.cmake
[0.461s] -- Up-to-date: /home/guilhermecabaco/Desktop/ros2_ws/ros2_tutorial4/colcon_ws3/install/custom_interfaces/share/custom_interfaces/cmake/custom_interfacesConfig-version.cmake
[0.461s] -- Up-to-date: /home/guilhermecabaco/Desktop/ros2_ws/ros2_tutorial4/colcon_ws3/install/custom_interfaces/share/custom_interfaces/package.xml
[0.461s] Invoked command in '/home/guilhermecabaco/Desktop/ros2_ws/ros2_tutorial4/colcon_ws3/build/custom_interfaces' returned '0': CMAKE_PREFIX_PATH=${CMAKE_PREFIX_PATH}:/home/guilhermecabaco/Desktop/ros2_ws/tutoriais_ros2/install/temperature_monitor:/opt/ros/jazzy DEBUGINFOD_URLS=https://debuginfod.ubuntu.com /usr/bin/cmake --install /home/guilhermecabaco/Desktop/ros2_ws/ros2_tutorial4/colcon_ws3/build/custom_interfaces
